Log file open, 05/18/18 16:07:17
LogWindows: Failed to load 'aqProf.dll' (GetLastError=126)
LogWindows: File 'aqProf.dll' does not exist
LogWindows: Failed to load 'VtuneApi.dll' (GetLastError=126)
LogWindows: File 'VtuneApi.dll' does not exist
LogWindows: Failed to load 'VtuneApi32e.dll' (GetLastError=126)
LogWindows: File 'VtuneApi32e.dll' does not exist
LogInit: Display: Running engine for game: moneymoneymoney
LogPlatformFile: Not using cached read wrapper
LogInit: Display: RandInit(924017461) SRandInit(924017461).
LogInit: Read version file with build ID '3944462'
LogInit: Overriding engine version to CL 3989454, compatible CL 3944462
LogInit: Registered custom module enumerator with build ID '3944462'
LogTaskGraph: Started task graph with 5 named threads and 23 total threads with 3 sets of task threads.
LogStats: Stats thread started at 0.272144
LogD3D11RHI: Aftermath initialized
LogICUInternationalization: Display: ICU TimeZone Detection - Raw Offset: -8:00, Platform Override: ''
LogModuleManager: Display: Found up-to-date module file ../../../Engine/Plugins/2D/Paper2D/Binaries/Win64/UE4Editor-Paper2D.dll (API version 3944462).
LogModuleManager: Display: Found up-to-date module file ../../../Engine/Plugins/2D/Paper2D/Binaries/Win64/UE4Editor-Paper2DEditor.dll (API version 3944462).
LogModuleManager: Display: Found up-to-date module file ../../../Engine/Plugins/2D/Paper2D/Binaries/Win64/UE4Editor-PaperSpriteSheetImporter.dll (API version 3944462).
LogModuleManager: Display: Found up-to-date module file ../../../Engine/Plugins/2D/Paper2D/Binaries/Win64/UE4Editor-PaperTiledImporter.dll (API version 3944462).
LogModuleManager: Display: Found up-to-date module file ../../../Engine/Plugins/2D/Paper2D/Binaries/Win64/UE4Editor-SmartSnapping.dll (API version 3944462).
LogModuleManager: Display: Found up-to-date module file ../../../Engine/Plugins/Blendables/LightPropagationVolume/Binaries/Win64/UE4Editor-LightPropagationVolumeRuntime.dll (API version 3944462).
LogModuleManager: Display: Found up-to-date module file ../../../Engine/Plugins/Blendables/LightPropagationVolume/Binaries/Win64/UE4Editor-LightPropagationVolumeEditor.dll (API version 3944462).
LogModuleManager: Display: Found up-to-date module file ../../../Engine/Plugins/Developer/CLionSourceCodeAccess/Binaries/Win64/UE4Editor-CLionSourceCodeAccess.dll (API version 3944462).
LogModuleManager: Display: Found up-to-date module file ../../../Engine/Plugins/Developer/GitSourceControl/Binaries/Win64/UE4Editor-GitSourceControl.dll (API version 3944462).
LogModuleManager: Display: Found up-to-date module file ../../../Engine/Plugins/Developer/PerforceSourceControl/Binaries/Win64/UE4Editor-PerforceSourceControl.dll (API version 3944462).
LogModuleManager: Display: Found up-to-date module file ../../../Engine/Plugins/Developer/SubversionSourceControl/Binaries/Win64/UE4Editor-SubversionSourceControl.dll (API version 3944462).
LogModuleManager: Display: Found up-to-date module file ../../../Engine/Plugins/Developer/UObjectPlugin/Binaries/Win64/UE4Editor-UObjectPlugin.dll (API version 3944462).
LogModuleManager: Display: Found up-to-date module file ../../../Engine/Plugins/Developer/VisualStudioCodeSourceCodeAccess/Binaries/Win64/UE4Editor-VisualStudioCodeSourceCodeAccess.dll (API version 3944462).
LogModuleManager: Display: Found up-to-date module file ../../../Engine/Plugins/Developer/VisualStudioSourceCodeAccess/Binaries/Win64/UE4Editor-VisualStudioSourceCodeAccess.dll (API version 3944462).
LogModuleManager: Display: Found up-to-date module file ../../../Engine/Plugins/Editor/AssetManagerEditor/Binaries/Win64/UE4Editor-AssetManagerEditor.dll (API version 3944462).
LogModuleManager: Display: Found up-to-date module file ../../../Engine/Plugins/Editor/CryptoKeys/Binaries/Win64/UE4Editor-CryptoKeys.dll (API version 3944462).
LogModuleManager: Display: Found up-to-date module file ../../../Engine/Plugins/Editor/CryptoKeys/Binaries/Win64/UE4Editor-CryptoKeysOpenSSL.dll (API version 3944462).
LogModuleManager: Display: Found up-to-date module file ../../../Engine/Plugins/Editor/DataValidation/Binaries/Win64/UE4Editor-DataValidation.dll (API version 3944462).
LogModuleManager: Display: Found up-to-date module file ../../../Engine/Plugins/Editor/FacialAnimation/Binaries/Win64/UE4Editor-FacialAnimation.dll (API version 3944462).
LogModuleManager: Display: Found up-to-date module file ../../../Engine/Plugins/Editor/FacialAnimation/Binaries/Win64/UE4Editor-FacialAnimationEditor.dll (API version 3944462).
LogModuleManager: Display: Found up-to-date module file ../../../Engine/Plugins/Editor/GameplayTagsEditor/Binaries/Win64/UE4Editor-GameplayTagsEditor.dll (API version 3944462).
LogModuleManager: Display: Found up-to-date module file ../../../Engine/Plugins/Editor/MobileLauncherProfileWizard/Binaries/Win64/UE4Editor-MobileLauncherProfileWizard.dll (API version 3944462).
LogModuleManager: Display: Found up-to-date module file ../../../Engine/Plugins/Editor/PluginBrowser/Binaries/Win64/UE4Editor-PluginBrowser.dll (API version 3944462).
LogModuleManager: Display: Found up-to-date module file ../../../Engine/Plugins/Editor/SpeedTreeImporter/Binaries/Win64/UE4Editor-SpeedTreeImporter.dll (API version 3944462).
LogModuleManager: Display: Found up-to-date module file ../../../Engine/Plugins/Enterprise/DatasmithContent/Binaries/Win64/UE4Editor-DatasmithContent.dll (API version 3944462).
LogModuleManager: Display: Found up-to-date module file ../../../Engine/Plugins/Experimental/AlembicImporter/Binaries/Win64/UE4Editor-AlembicImporter.dll (API version 3944462).
LogModuleManager: Display: Found up-to-date module file ../../../Engine/Plugins/Experimental/AlembicImporter/Binaries/Win64/UE4Editor-AlembicLibrary.dll (API version 3944462).
LogModuleManager: Display: Found up-to-date module file ../../../Engine/Plugins/Experimental/CharacterAI/Binaries/Win64/UE4Editor-CharacterAI.dll (API version 3944462).
LogModuleManager: Display: Found up-to-date module file ../../../Engine/Plugins/Experimental/HTML5Networking/Binaries/Win64/UE4Editor-HTML5Networking.dll (API version 3944462).
LogModuleManager: Display: Found up-to-date module file ../../../Engine/Plugins/Media/AndroidMedia/Binaries/Win64/UE4Editor-AndroidMediaEditor.dll (API version 3944462).
LogModuleManager: Display: Found up-to-date module file ../../../Engine/Plugins/Media/AndroidMedia/Binaries/Win64/UE4Editor-AndroidMediaFactory.dll (API version 3944462).
LogModuleManager: Display: Found up-to-date module file ../../../Engine/Plugins/Media/AvfMedia/Binaries/Win64/UE4Editor-AvfMediaEditor.dll (API version 3944462).
LogModuleManager: Display: Found up-to-date module file ../../../Engine/Plugins/Media/AvfMedia/Binaries/Win64/UE4Editor-AvfMediaFactory.dll (API version 3944462).
LogModuleManager: Display: Found up-to-date module file ../../../Engine/Plugins/Media/AvfMedia/Binaries/Win64/UE4Editor-AvfMediaFactory.dll (API version 3944462).
LogModuleManager: Display: Found up-to-date module file ../../../Engine/Plugins/Media/ImgMedia/Binaries/Win64/UE4Editor-ImgMedia.dll (API version 3944462).
LogModuleManager: Display: Found up-to-date module file ../../../Engine/Plugins/Media/ImgMedia/Binaries/Win64/UE4Editor-ImgMediaEditor.dll (API version 3944462).
LogModuleManager: Display: Found up-to-date module file ../../../Engine/Plugins/Media/ImgMedia/Binaries/Win64/UE4Editor-ImgMediaFactory.dll (API version 3944462).
LogModuleManager: Display: Found up-to-date module file ../../../Engine/Plugins/Media/ImgMedia/Binaries/Win64/UE4Editor-ImgMediaFactory.dll (API version 3944462).
LogModuleManager: Display: Found up-to-date module file ../../../Engine/Plugins/Media/ImgMedia/Binaries/Win64/UE4Editor-OpenExrWrapper.dll (API version 3944462).
LogModuleManager: Display: Found up-to-date module file ../../../Engine/Plugins/Media/LinearTimecode/Binaries/Win64/UE4Editor-LinearTimecode.dll (API version 3944462).
LogModuleManager: Display: Found up-to-date module file ../../../Engine/Plugins/Media/MediaCompositing/Binaries/Win64/UE4Editor-MediaCompositing.dll (API version 3944462).
LogModuleManager: Display: Found up-to-date module file ../../../Engine/Plugins/Media/MediaCompositing/Binaries/Win64/UE4Editor-MediaCompositingEditor.dll (API version 3944462).
LogModuleManager: Display: Found up-to-date module file ../../../Engine/Plugins/Media/MediaPlayerEditor/Binaries/Win64/UE4Editor-MediaPlayerEditor.dll (API version 3944462).
LogModuleManager: Display: Found up-to-date module file ../../../Engine/Plugins/Media/WmfMedia/Binaries/Win64/UE4Editor-WmfMedia.dll (API version 3944462).
LogModuleManager: Display: Found up-to-date module file ../../../Engine/Plugins/Media/WmfMedia/Binaries/Win64/UE4Editor-WmfMediaEditor.dll (API version 3944462).
LogModuleManager: Display: Found up-to-date module file ../../../Engine/Plugins/Media/WmfMedia/Binaries/Win64/UE4Editor-WmfMediaFactory.dll (API version 3944462).
LogModuleManager: Display: Found up-to-date module file ../../../Engine/Plugins/Media/WmfMedia/Binaries/Win64/UE4Editor-WmfMediaFactory.dll (API version 3944462).
LogModuleManager: Display: Found up-to-date module file ../../../Engine/Plugins/Messaging/TcpMessaging/Binaries/Win64/UE4Editor-TcpMessaging.dll (API version 3944462).
LogModuleManager: Display: Found up-to-date module file ../../../Engine/Plugins/Messaging/UdpMessaging/Binaries/Win64/UE4Editor-UdpMessaging.dll (API version 3944462).
LogModuleManager: Display: Found up-to-date module file ../../../Engine/Plugins/MovieScene/ActorSequence/Binaries/Win64/UE4Editor-ActorSequence.dll (API version 3944462).
LogModuleManager: Display: Found up-to-date module file ../../../Engine/Plugins/MovieScene/LevelSequenceEditor/Binaries/Win64/UE4Editor-LevelSequenceEditor.dll (API version 3944462).
LogModuleManager: Display: Found up-to-date module file ../../../Engine/Plugins/MovieScene/MatineeToLevelSequence/Binaries/Win64/UE4Editor-MatineeToLevelSequence.dll (API version 3944462).
LogModuleManager: Display: Found up-to-date module file ../../../Engine/Plugins/NetcodeUnitTest/NetcodeUnitTest/Binaries/Win64/UE4Editor-NetcodeUnitTest.dll (API version 3944462).
LogModuleManager: Display: Found up-to-date module file ../../../Engine/Plugins/NetcodeUnitTest/NUTUnrealEngine4/Binaries/Win64/UE4Editor-NUTUnrealEngine4.dll (API version 3944462).
LogModuleManager: Display: Found up-to-date module file ../../../Engine/Plugins/Online/OnlineSubsystem/Binaries/Win64/UE4Editor-OnlineSubsystem.dll (API version 3944462).
LogModuleManager: Display: Found up-to-date module file ../../../Engine/Plugins/Runtime/AndroidPermission/Binaries/Win64/UE4Editor-AndroidPermission.dll (API version 3944462).
LogModuleManager: Display: Found up-to-date module file ../../../Engine/Plugins/Online/OnlineSubsystemNull/Binaries/Win64/UE4Editor-OnlineSubsystemNull.dll (API version 3944462).
LogModuleManager: Display: Found up-to-date module file ../../../Engine/Plugins/Online/OnlineSubsystemUtils/Binaries/Win64/UE4Editor-OnlineSubsystemUtils.dll (API version 3944462).
LogModuleManager: Display: Found up-to-date module file ../../../Engine/Plugins/Online/OnlineSubsystemUtils/Binaries/Win64/UE4Editor-OnlineBlueprintSupport.dll (API version 3944462).
LogModuleManager: Display: Found up-to-date module file ../../../Engine/Plugins/Runtime/AndroidDeviceProfileSelector/Binaries/Win64/UE4Editor-AndroidDeviceProfileSelector.dll (API version 3944462).
LogModuleManager: Display: Found up-to-date module file ../../../Engine/Plugins/Runtime/AppleARKit/Binaries/Win64/UE4Editor-AppleARKit.dll (API version 3944462).
LogModuleManager: Display: Found up-to-date module file ../../../Engine/Plugins/Runtime/ProceduralMeshComponent/Binaries/Win64/UE4Editor-ProceduralMeshComponent.dll (API version 3944462).
LogModuleManager: Display: Found up-to-date module file ../../../Engine/Plugins/Runtime/ProceduralMeshComponent/Binaries/Win64/UE4Editor-ProceduralMeshComponentEditor.dll (API version 3944462).
LogModuleManager: Display: Found up-to-date module file ../../../Engine/Plugins/Animation/LiveLink/Binaries/Win64/UE4Editor-LiveLink.dll (API version 3944462).
LogModuleManager: Display: Found up-to-date module file ../../../Engine/Plugins/Animation/LiveLink/Binaries/Win64/UE4Editor-LiveLinkEditor.dll (API version 3944462).
LogModuleManager: Display: Found up-to-date module file ../../../Engine/Plugins/Runtime/ArchVisCharacter/Binaries/Win64/UE4Editor-ArchVisCharacter.dll (API version 3944462).
LogModuleManager: Display: Found up-to-date module file ../../../Engine/Plugins/Runtime/AudioCapture/Binaries/Win64/UE4Editor-AudioCapture.dll (API version 3944462).
LogModuleManager: Display: Found up-to-date module file ../../../Engine/Plugins/Runtime/AudioCapture/Binaries/Win64/UE4Editor-AudioCaptureEditor.dll (API version 3944462).
LogModuleManager: Display: Found up-to-date module file ../../../Engine/Plugins/Runtime/CableComponent/Binaries/Win64/UE4Editor-CableComponent.dll (API version 3944462).
LogModuleManager: Display: Found up-to-date module file ../../../Engine/Plugins/Runtime/CustomMeshComponent/Binaries/Win64/UE4Editor-CustomMeshComponent.dll (API version 3944462).
LogModuleManager: Display: Found up-to-date module file ../../../Engine/Plugins/Runtime/ExampleDeviceProfileSelector/Binaries/Win64/UE4Editor-ExampleDeviceProfileSelector.dll (API version 3944462).
LogModuleManager: Display: Found up-to-date module file ../../../Engine/Plugins/Runtime/ImmediatePhysics/Binaries/Win64/UE4Editor-ImmediatePhysics.dll (API version 3944462).
LogModuleManager: Display: Found up-to-date module file ../../../Engine/Plugins/Runtime/ImmediatePhysics/Binaries/Win64/UE4Editor-ImmediatePhysicsEditor.dll (API version 3944462).
LogModuleManager: Display: Found up-to-date module file ../../../Engine/Plugins/Runtime/LocationServicesBPLibrary/Binaries/Win64/UE4Editor-LocationServicesBPLibrary.dll (API version 3944462).
LogModuleManager: Display: Found up-to-date module file ../../../Engine/Plugins/Runtime/MobilePatchingUtils/Binaries/Win64/UE4Editor-MobilePatchingUtils.dll (API version 3944462).
LogModuleManager: Display: Found up-to-date module file ../../../Engine/Plugins/Runtime/Oculus/OculusVR/Binaries/Win64/UE4Editor-OculusHMD.dll (API version 3944462).
LogModuleManager: Display: Found up-to-date module file ../../../Engine/Plugins/Runtime/Oculus/OculusVR/Binaries/Win64/UE4Editor-OculusInput.dll (API version 3944462).
LogModuleManager: Display: Found up-to-date module file ../../../Engine/Plugins/Runtime/Oculus/OculusVR/Binaries/Win64/UE4Editor-OculusEditor.dll (API version 3944462).
LogModuleManager: Display: Found up-to-date module file ../../../Engine/Plugins/Runtime/PhysXVehicles/Binaries/Win64/UE4Editor-PhysXVehicles.dll (API version 3944462).
LogModuleManager: Display: Found up-to-date module file ../../../Engine/Plugins/Runtime/PhysXVehicles/Binaries/Win64/UE4Editor-PhysXVehiclesEditor.dll (API version 3944462).
LogModuleManager: Display: Found up-to-date module file ../../../Engine/Plugins/Runtime/RuntimePhysXCooking/Binaries/Win64/UE4Editor-RuntimePhysXCooking.dll (API version 3944462).
LogModuleManager: Display: Found up-to-date module file ../../../Engine/Plugins/Runtime/Steam/SteamVR/Binaries/Win64/UE4Editor-SteamVR.dll (API version 3944462).
LogModuleManager: Display: Found up-to-date module file ../../../Engine/Plugins/Runtime/Steam/SteamVR/Binaries/Win64/UE4Editor-SteamVRController.dll (API version 3944462).
LogModuleManager: Display: Found up-to-date module file ../../../Engine/Plugins/Runtime/WindowsMoviePlayer/Binaries/Win64/UE4Editor-WindowsMoviePlayer.dll (API version 3944462).
LogPluginManager: Mounting plugin Paper2D
LogPluginManager: Mounting plugin LiveLink
LogPluginManager: Mounting plugin LightPropagationVolume
LogPluginManager: Mounting plugin CLionSourceCodeAccess
LogPluginManager: Mounting plugin CodeLiteSourceCodeAccess
LogPluginManager: Mounting plugin GitSourceControl
LogPluginManager: Mounting plugin KDevelopSourceCodeAccess
LogPluginManager: Mounting plugin NullSourceCodeAccess
LogPluginManager: Mounting plugin PerforceSourceControl
LogPluginManager: Mounting plugin SubversionSourceControl
LogPluginManager: Mounting plugin UObjectPlugin
LogPluginManager: Mounting plugin VisualStudioCodeSourceCodeAccess
LogPluginManager: Mounting plugin VisualStudioSourceCodeAccess
LogPluginManager: Mounting plugin XCodeSourceCodeAccess
LogPluginManager: Mounting plugin AssetManagerEditor
LogPluginManager: Mounting plugin CryptoKeys
LogPluginManager: Mounting plugin DataValidation
LogPluginManager: Mounting plugin FacialAnimation
LogPluginManager: Mounting plugin GameplayTagsEditor
LogPluginManager: Mounting plugin MobileLauncherProfileWizard
LogPluginManager: Mounting plugin PluginBrowser
LogPluginManager: Mounting plugin SpeedTreeImporter
LogPluginManager: Mounting plugin DatasmithContent
LogPluginManager: Mounting plugin AlembicImporter
LogPluginManager: Mounting plugin CharacterAI
LogPluginManager: Mounting plugin HTML5Networking
LogPluginManager: Mounting plugin AndroidMedia
LogPluginManager: Mounting plugin AvfMedia
LogPluginManager: Mounting plugin ImgMedia
LogPluginManager: Mounting plugin LinearTimecode
LogPluginManager: Mounting plugin MediaCompositing
LogPluginManager: Mounting plugin MediaPlayerEditor
LogPluginManager: Mounting plugin WmfMedia
LogPluginManager: Mounting plugin TcpMessaging
LogPluginManager: Mounting plugin UdpMessaging
LogPluginManager: Mounting plugin ActorSequence
LogPluginManager: Mounting plugin LevelSequenceEditor
LogPluginManager: Mounting plugin MatineeToLevelSequence
LogPluginManager: Mounting plugin NetcodeUnitTest
LogPluginManager: Mounting plugin NUTUnrealEngine4
LogPluginManager: Mounting plugin OnlineSubsystemGooglePlay
LogPluginManager: Mounting plugin OnlineSubsystemIOS
LogPluginManager: Mounting plugin OnlineSubsystem
LogPluginManager: Mounting plugin OnlineSubsystemNull
LogPluginManager: Mounting plugin OnlineSubsystemUtils
LogPluginManager: Mounting plugin AndroidDeviceProfileSelector
LogPluginManager: Mounting plugin AndroidMoviePlayer
LogPluginManager: Mounting plugin AndroidPermission
LogPluginManager: Mounting plugin AppleARKit
LogPluginManager: Mounting plugin AppleMoviePlayer
LogPluginManager: Mounting plugin ArchVisCharacter
LogPluginManager: Mounting plugin AudioCapture
LogPluginManager: Mounting plugin CableComponent
LogPluginManager: Mounting plugin CustomMeshComponent
LogPluginManager: Mounting plugin ExampleDeviceProfileSelector
LogPluginManager: Mounting plugin GoogleCloudMessaging
LogPluginManager: Mounting plugin ImmediatePhysics
LogPluginManager: Mounting plugin IOSDeviceProfileSelector
LogPluginManager: Mounting plugin LinuxDeviceProfileSelector
LogPluginManager: Mounting plugin LocationServicesBPLibrary
LogPluginManager: Mounting plugin MobilePatchingUtils
LogPluginManager: Mounting plugin OculusVR
LogPluginManager: Plugin shader directory ../../../Engine/Plugins/Runtime/Oculus/OculusVR/Shaders found
LogPluginManager: Mapping shader source directory ../../../Engine/Plugins/Runtime/Oculus/OculusVR/Shaders to virtual directory /Plugin/OculusVR
LogPluginManager: Mounting plugin PhysXVehicles
LogPluginManager: Mounting plugin ProceduralMeshComponent
LogPluginManager: Mounting plugin RuntimePhysXCooking
LogPluginManager: Mounting plugin SteamVR
LogPluginManager: Mounting plugin WindowsMoviePlayer
LogStreaming: Display: Took  0.854s to configure plugins.
LogInit: Using libcurl 7.47.1
LogInit:  - built for x86_64-pc-win32
LogInit:  - supports SSL with OpenSSL/1.0.2g
LogInit:  - supports HTTP deflate (compression) using libz 1.2.8
LogInit:  - other features:
LogInit:      CURL_VERSION_SSL
LogInit:      CURL_VERSION_LIBZ
LogInit:      CURL_VERSION_IPV6
LogInit:      CURL_VERSION_ASYNCHDNS
LogInit:      CURL_VERSION_LARGEFILE
LogInit:      CURL_VERSION_IDN
LogInit:  CurlRequestOptions (configurable via config and command line):
LogInit:  - bVerifyPeer = false  - Libcurl will NOT verify peer certificate
LogInit:  - bUseHttpProxy = false  - Libcurl will NOT use HTTP proxy
LogInit:  - bDontReuseConnections = false  - Libcurl will reuse connections
LogInit:  - CertBundlePath = nullptr  - Libcurl will use whatever was configured at build time.
LogInit:  - MaxHostConnections = 16  - Libcurl will limit the number of connections to a host
LogInit:  - LocalHostAddr = Default
LogInit: WinSock: version 1.1 (2.2), MaxSocks=32767, MaxUdp=65467
LogInit: WinSock: I am Whit-Mac-B19 (10.1.180.180:0)
LogInit: Build: ++UE4+Release-4.19-CL-3989454
LogInit: Engine Version: 4.19.1-3989454+++UE4+Release-4.19
LogInit: Compatible Engine Version: 4.19.0-3944462+++UE4+Release-4.19
LogInit: Net CL: 3944462
LogDevObjectVersion: Number of dev versions registered: 18
LogDevObjectVersion:   Dev-Blueprints (B0D832E4-1F89-4F0D-ACCF-7EB736FD4AA2): 10
LogDevObjectVersion:   Dev-Build (E1C64328-A22C-4D53-A36C-8E866417BD8C): 0
LogDevObjectVersion:   Dev-Core (375EC13C-06E4-48FB-B500-84F0262A717E): 2
LogDevObjectVersion:   Dev-Editor (E4B068ED-F494-42E9-A231-DA0B2E46BB41): 23
LogDevObjectVersion:   Dev-Framework (CFFC743F-43B0-4480-9391-14DF171D2073): 33
LogDevObjectVersion:   Dev-Mobile (B02B49B5-BB20-44E9-A304-32B752E40360): 2
LogDevObjectVersion:   Dev-Networking (A4E4105C-59A1-49B5-A7C5-40C4547EDFEE): 0
LogDevObjectVersion:   Dev-Online (39C831C9-5AE6-47DC-9A44-9C173E1C8E7C): 0
LogDevObjectVersion:   Dev-Physics (78F01B33-EBEA-4F98-B9B4-84EACCB95AA2): 0
LogDevObjectVersion:   Dev-Platform (6631380F-2D4D-43E0-8009-CF276956A95A): 0
LogDevObjectVersion:   Dev-Rendering (12F88B9F-8875-4AFC-A67C-D90C383ABD29): 25
LogDevObjectVersion:   Dev-Sequencer (7B5AE74C-D270-4C10-A958-57980B212A5A): 6
LogDevObjectVersion:   Dev-VR (D7296918-1DD6-4BDD-9DE2-64A83CC13884): 1
LogDevObjectVersion:   Dev-LoadTimes (C2A15278-BFE7-4AFE-6C17-90FF531DF755): 1
LogDevObjectVersion:   Private-Geometry (6EACA3D4-40EC-4CC1-B786-8BED09428FC5): 2
LogDevObjectVersion:   Dev-AnimPhys (29E575DD-E0A3-4627-9D10-D276232CDCEA): 16
LogDevObjectVersion:   Dev-ReflectionCapture (6B266CEC-1EC7-4B8F-A30B-E4D90942FC07): 1
LogDevObjectVersion:   Dev-Automation (0DF73D61-A23F-47EA-B727-89E90C41499A): 1
LogInit: Compiled (64-bit): Apr  6 2018 12:26:04
LogInit: Compiled with Visual C++: 19.00.24215.01
LogInit: Build Configuration: Development
LogInit: Branch Name: ++UE4+Release-4.19
LogInit: Command Line:  
LogInit: Base Directory: C:/Program Files/Epic Games/UE_4.19/Engine/Binaries/Win64/
LogInit: Installed Engine Build: 1
LogStreaming: Display: Took  0.000s to delete old logs.
LogInit: Presizing for max 8388607 objects, including 0 objects not considered by GC, pre-allocating 0 bytes for permanent pool.
LogInit: Object subsystem initialized
[2018.05.18-23.07.18:546][  0]LogInit: Selected Device Profile: [Windows]
[2018.05.18-23.07.18:546][  0]LogInit: Applying CVar settings loaded from the selected device profile: [Windows]
[2018.05.18-23.07.18:571][  0]LogInit: Computer: WHIT-MAC-B19
[2018.05.18-23.07.18:571][  0]LogInit: User: Game
[2018.05.18-23.07.18:571][  0]LogInit: CPU Page size=4096, Cores=4
[2018.05.18-23.07.18:571][  0]LogInit: High frequency timer resolution =3.410083 MHz
[2018.05.18-23.07.18:571][  0]LogMemory: Memory total: Physical=15.9GB (16GB approx)
[2018.05.18-23.07.18:571][  0]LogMemory: Platform Memory Stats for Windows
[2018.05.18-23.07.18:571][  0]LogMemory: Process Physical Memory: 274.75 MB used, 274.75 MB peak
[2018.05.18-23.07.18:571][  0]LogMemory: Process Virtual Memory: 264.70 MB used, 264.70 MB peak
[2018.05.18-23.07.18:571][  0]LogMemory: Physical Memory: 6965.07 MB used,  9335.32 MB free, 16300.39 MB total
[2018.05.18-23.07.18:571][  0]LogMemory: Virtual Memory: 4794.13 MB used,  9335.32 MB free, 134217728.00 MB total
[2018.05.18-23.07.18:599][  0]LogInit: Using OS detected language (en-US).
[2018.05.18-23.07.18:599][  0]LogInit: Using OS detected locale (en-US).
[2018.05.18-23.07.18:604][  0]LogTextLocalizationManager: No specific localization for 'en-US' exists, so the 'en' localization will be used.
[2018.05.18-23.07.19:030][  0]LogStreaming: Display: Took  0.431s to EndInitTextLocalization.
[2018.05.18-23.07.19:030][  0]LogInit: Setting process to per monitor DPI aware
[2018.05.18-23.07.19:059][  0]LogSlate: New Slate User Created.  User Index 0, Is Virtual User: 0
[2018.05.18-23.07.19:059][  0]LogSlate: Slate User Registered.  User Index 0, Is Virtual User: 0
[2018.05.18-23.07.19:246][  0]LogD3D11RHI: D3D11 adapters:
[2018.05.18-23.07.19:299][  0]LogD3D11RHI:    0. 'NVIDIA GeForce GTX 1080' (Feature Level 11_0)
[2018.05.18-23.07.19:299][  0]LogD3D11RHI:       8086/0/8150 MB DedicatedVideo/DedicatedSystem/SharedSystem, Outputs:1, VendorId:0x10de
[2018.05.18-23.07.19:300][  0]LogD3D11RHI:    1. 'Microsoft Basic Render Driver' (Feature Level 11_0)
[2018.05.18-23.07.19:300][  0]LogD3D11RHI:       0/0/8150 MB DedicatedVideo/DedicatedSystem/SharedSystem, Outputs:0, VendorId:0x1414
[2018.05.18-23.07.19:300][  0]LogD3D11RHI: Chosen D3D11 Adapter: 0
[2018.05.18-23.07.19:307][  0]LogD3D11RHI: Creating new Direct3DDevice
[2018.05.18-23.07.19:307][  0]LogD3D11RHI:     GPU DeviceId: 0x1b80 (for the marketing name, search the web for "GPU Device Id")
[2018.05.18-23.07.19:307][  0]LogWindows: EnumDisplayDevices:
[2018.05.18-23.07.19:307][  0]LogWindows:    0. 'NVIDIA GeForce GTX 1080' (P:1 D:1)
[2018.05.18-23.07.19:308][  0]LogWindows:    1. 'NVIDIA GeForce GTX 1080' (P:0 D:0)
[2018.05.18-23.07.19:308][  0]LogWindows:    2. 'NVIDIA GeForce GTX 1080' (P:0 D:0)
[2018.05.18-23.07.19:308][  0]LogWindows:    3. 'NVIDIA GeForce GTX 1080' (P:0 D:0)
[2018.05.18-23.07.19:308][  0]LogWindows: DebugString: GetVideoDriverDetailsInvalid PrimaryIsNotTheChoosenAdapter GetVideoDriverDetailsInvalid PrimaryIsNotTheChoosenAdapter GetVideoDriverDetailsInvalid PrimaryIsNotTheChoosenAdapter GetVideoDriverDetailsInvalid PrimaryIsNotTheChoosenAdapter FoundDriverCount:0 
[2018.05.18-23.07.19:308][  0]LogD3D11RHI:     Adapter Name: NVIDIA GeForce GTX 1080
[2018.05.18-23.07.19:308][  0]LogD3D11RHI:   Driver Version: Unknown (internal:Unknown, unified:Unknown)
[2018.05.18-23.07.19:308][  0]LogD3D11RHI:      Driver Date: Unknown
[2018.05.18-23.07.19:308][  0]LogRHI: Texture pool is 5660 MB (70% of 8086 MB)
[2018.05.18-23.07.19:341][  0]LogD3D11RHI: [Aftermath] Aftermath enabled but failed to initialize
[2018.05.18-23.07.19:341][  0]LogD3D11RHI: [Aftermath] Aftermath enabled and primed
[2018.05.18-23.07.19:341][  0]LogD3D11RHI: Async texture creation enabled
[2018.05.18-23.07.19:354][  0]LogD3D11RHI: GPU Timing Frequency: 1000.000000 (Debug: 2 1)
[2018.05.18-23.07.19:396][  0]LogShaderCompilers: Guid format shader working directory is -1 characters bigger than the processId version (E:/GameDesGithub/Eggspository/moneymoneymoney/Intermediate/Shaders/WorkingDirectory/10704/).
[2018.05.18-23.07.19:396][  0]LogShaderCompilers: Cleaned the shader compiler working directory 'C:/Users/Game/AppData/Local/Temp/UnrealShaderWorkingDir/CBD36B6C4C58618D4DE55AADEE407C17/'.
[2018.05.18-23.07.19:601][  0]LogTemp: Display: Loaded TP AllDesktopTargetPlatform
[2018.05.18-23.07.19:616][  0]LogTemp: Display: Loaded TP MacClientTargetPlatform
[2018.05.18-23.07.19:629][  0]LogTemp: Display: Loaded TP MacNoEditorTargetPlatform
[2018.05.18-23.07.19:642][  0]LogTemp: Display: Loaded TP MacServerTargetPlatform
[2018.05.18-23.07.19:655][  0]LogTemp: Display: Loaded TP MacTargetPlatform
[2018.05.18-23.07.19:668][  0]LogTemp: Display: Loaded TP WindowsClientTargetPlatform
[2018.05.18-23.07.19:682][  0]LogTemp: Display: Loaded TP WindowsNoEditorTargetPlatform
[2018.05.18-23.07.19:695][  0]LogTemp: Display: Loaded TP WindowsServerTargetPlatform
[2018.05.18-23.07.19:700][  0]LogTemp: Display: Loaded TP WindowsTargetPlatform
[2018.05.18-23.07.19:712][  0]LogTemp: Display: Loaded TP Android_ASTCTargetPlatform
[2018.05.18-23.07.19:726][  0]LogTemp: Display: Loaded TP Android_ATCTargetPlatform
[2018.05.18-23.07.19:737][  0]LogTemp: Display: Loaded TP Android_DXTTargetPlatform
[2018.05.18-23.07.19:749][  0]LogTemp: Display: Loaded TP Android_ETC1aTargetPlatform
[2018.05.18-23.07.19:761][  0]LogTemp: Display: Loaded TP Android_ETC1TargetPlatform
[2018.05.18-23.07.19:775][  0]LogTemp: Display: Loaded TP Android_ETC2TargetPlatform
[2018.05.18-23.07.19:797][  0]LogTemp: Display: Loaded TP Android_MultiTargetPlatform
[2018.05.18-23.07.19:797][  0]LogTemp: Display: Loaded TP Android_PVRTCTargetPlatform
[2018.05.18-23.07.19:809][  0]LogTemp: Display: Loaded TP AndroidTargetPlatform
[2018.05.18-23.07.19:810][  0]LogTemp: Display: Loaded TP HTML5TargetPlatform
[2018.05.18-23.07.19:847][  0]LogTemp: Display: Loaded TP IOSTargetPlatform
[2018.05.18-23.07.19:858][  0]LogTemp: Display: Loaded TP TVOSTargetPlatform
[2018.05.18-23.07.19:869][  0]LogTemp: Display: Loaded TP LinuxClientTargetPlatform
[2018.05.18-23.07.19:880][  0]LogTemp: Display: Loaded TP LinuxNoEditorTargetPlatform
[2018.05.18-23.07.19:891][  0]LogTemp: Display: Loaded TP LinuxServerTargetPlatform
[2018.05.18-23.07.19:903][  0]LogTemp: Display: Loaded TP LinuxTargetPlatform
[2018.05.18-23.07.19:903][  0]LogTargetPlatformManager: Display: Building Assets For Windows
[2018.05.18-23.07.20:005][  0]LogXGEController: Cleaning working directory: C:/Users/Game/AppData/Local/Temp/UnrealXGEWorkingDir/
[2018.05.18-23.07.20:005][  0]LogXGEController: Cannot use XGE Controller as Incredibuild is not installed on this machine.
[2018.05.18-23.07.20:005][  0]LogShaderCompilers: Cannot use XGE Shader Compiler as Incredibuild is not installed on this machine.
[2018.05.18-23.07.20:005][  0]LogShaderCompilers: Display: Using Local Shader Compiler.
[2018.05.18-23.07.20:748][  0]LogDerivedDataCache: Display: Max Cache Size: 512 MB
[2018.05.18-23.07.20:833][  0]LogDerivedDataCache: Loaded boot cache 0.09s 74MB C:/Users/Game/AppData/Local/UnrealEngine/4.19/DerivedDataCache/Boot.ddc.
[2018.05.18-23.07.20:833][  0]LogDerivedDataCache: Display: Loaded Boot cache: C:/Users/Game/AppData/Local/UnrealEngine/4.19/DerivedDataCache/Boot.ddc
[2018.05.18-23.07.20:833][  0]LogDerivedDataCache: FDerivedDataBackendGraph:  Pak pak cache file E:/GameDesGithub/Eggspository/moneymoneymoney/DerivedDataCache/DDC.ddp not found, will not use a pak cache.
[2018.05.18-23.07.20:833][  0]LogDerivedDataCache: Unable to find inner node Pak for hierarchical cache Hierarchy.
[2018.05.18-23.07.20:833][  0]LogDerivedDataCache: FDerivedDataBackendGraph:  CompressedPak pak cache file E:/GameDesGithub/Eggspository/moneymoneymoney/DerivedDataCache/Compressed.ddp not found, will not use a pak cache.
[2018.05.18-23.07.20:833][  0]LogDerivedDataCache: Unable to find inner node CompressedPak for hierarchical cache Hierarchy.
[2018.05.18-23.07.20:849][  0]LogDerivedDataCache: Display: Pak cache opened for reading ../../../Engine/DerivedDataCache/Compressed.ddp.
[2018.05.18-23.07.20:862][  0]LogDerivedDataCache: Using Local data cache path C:/Users/Game/AppData/Local/UnrealEngine/Common/DerivedDataCache: Writable
[2018.05.18-23.07.20:875][  0]LogMaterial: Verifying Global Shaders for PCD3D_SM5
[2018.05.18-23.07.20:876][  0]LogSlate: Using Freetype 2.6.0
[2018.05.18-23.07.20:877][  0]LogSlate: SlateFontCache - WITH_FREETYPE: 1, WITH_HARFBUZZ: 1
[2018.05.18-23.07.20:877][  0]LogSlate: SlateFontCache - WITH_FREETYPE: 1, WITH_HARFBUZZ: 1
[2018.05.18-23.07.20:999][  0]LogAssetRegistry: FAssetRegistry took 0.0260 seconds to start up
[2018.05.18-23.07.21:335][  0]LogInit: Selected Device Profile: [Windows]
[2018.05.18-23.07.21:520][  0]LogSimplygon: Simplygon DLL not present - disabling.
[2018.05.18-23.07.21:524][  0]LogMeshReduction: Using SimplygonSwarm for distributed automatic mesh merging
[2018.05.18-23.07.21:524][  0]LogMeshReduction: Using QuadricMeshReduction for automatic static mesh reduction
[2018.05.18-23.07.21:524][  0]LogMeshReduction: No automatic skeletal mesh reduction module available
[2018.05.18-23.07.21:524][  0]LogMeshReduction: No automatic mesh merging module available
[2018.05.18-23.07.21:524][  0]LogMeshMerging: No automatic mesh merging module available
[2018.05.18-23.07.21:550][  0]LogNetVersion: moneymoneymoney , NetCL: 3944462, EngineNetVer: 2, GameNetVer: 0 (Checksum: 958272539)
[2018.05.18-23.07.21:981][  0]LogPackageLocalizationCache: Processed 9 localized package path(s) for 2 prioritized culture(s) in 0.066402 seconds
[2018.05.18-23.07.21:988][  0]LogUObjectArray: 36728 objects as part of root set at end of initial load.
[2018.05.18-23.07.21:988][  0]LogUObjectAllocator: 7314312 out of 0 bytes used by permanent object pool.
[2018.05.18-23.07.21:988][  0]LogUObjectArray: CloseDisregardForGC: 0/0 objects in disregard for GC pool
[2018.05.18-23.07.23:690][  0]LogTcpMessaging: Initializing TcpMessaging bridge
[2018.05.18-23.07.23:723][  0]LogUdpMessaging: Initializing bridge on interface 0.0.0.0:0 to multicast group 230.0.0.1:6666.
[2018.05.18-23.07.24:077][  0]SourceControl: Source control is disabled
[2018.05.18-23.07.24:930][  0]LogAndroidPermission: UAndroidPermissionCallbackProxy::GetInstance
[2018.05.18-23.07.25:087][  0]LogOcInput: OculusInput pre-init called
[2018.05.18-23.07.25:196][  0]LogEngine: Initializing Engine...
[2018.05.18-23.07.25:198][  0]LogHMD: Failed to initialize OpenVR with code 110
[2018.05.18-23.07.25:199][  0]LogStats: UGameplayTagsManager::ConstructGameplayTagTree: Construct from data asset -  0.000 s
[2018.05.18-23.07.25:200][  0]LogStats: UGameplayTagsManager::ConstructGameplayTagTree: GameplayTagTreeChangedEvent.Broadcast -  0.000 s
[2018.05.18-23.07.25:442][  0]LogAIModule: Creating AISystem for world Untitled
[2018.05.18-23.07.25:519][  0]LogInit: XAudio2 using 'Speakers (Realtek High Definition Audio)' : 2 channels at 48 kHz using 32 bits per sample (channel mask 0x3)
[2018.05.18-23.07.25:535][  0]LogInit: FAudioDevice initialized.
[2018.05.18-23.07.25:587][  0]LogDerivedDataCache: Saved boot cache 0.05s 74MB C:/Users/Game/AppData/Local/UnrealEngine/4.19/DerivedDataCache/Boot.ddc.
[2018.05.18-23.07.25:604][  0]LogInit: Texture streaming: Enabled
[2018.05.18-23.07.25:619][  0]LogEngineSessionManager: EngineSessionManager initialized
[2018.05.18-23.07.25:629][  0]LogInit: Transaction tracking system initialized
[2018.05.18-23.07.25:651][  0]BlueprintLog: New page: Editor Load
[2018.05.18-23.07.25:722][  0]LocalizationService: Localization service is disabled
[2018.05.18-23.07.25:822][  0]LogConsoleResponse: Display: 
[2018.05.18-23.07.25:983][  0]LogCook: Display: Max memory allowance for cook 16384mb min free memory 0mb
[2018.05.18-23.07.25:983][  0]LogCook: Display: Mobile HDR setting 1
[2018.05.18-23.07.25:983][  0]LogGameplayTags: Display: UGameplayTagsManager::DoneAddingNativeTags. DelegateIsBound: 0
[2018.05.18-23.07.25:983][  0]LogStats: UGameplayTagsManager::ConstructGameplayTagTree: Construct from data asset -  0.000 s
[2018.05.18-23.07.25:983][  0]LogStats: UGameplayTagsManager::ConstructGameplayTagTree: GameplayTagTreeChangedEvent.Broadcast -  0.000 s
[2018.05.18-23.07.26:323][  0]LogFileCache: Scanning file cache for directory 'E:/GameDesGithub/Eggspository/moneymoneymoney/Content/' took 0.01s
[2018.05.18-23.07.26:323][  0]Cmd: MAP LOAD FILE="E:/GameDesGithub/Eggspository/moneymoneymoney/Content/FirstPersonBP/Maps/FirstPersonExampleMap.umap" TEMPLATE=0 SHOWPROGRESS=1 FEATURELEVEL=3
[2018.05.18-23.07.26:340][  0]LogSlate: Took 0.000259 seconds to synchronously load lazily loaded font '../../../Engine/Content/Slate/Fonts/Roboto-Regular.ttf' (155K)
[2018.05.18-23.07.26:360][  0]LogWindowsTextInputMethodSystem: Display: IME system now deactivated.
[2018.05.18-23.07.29:222][  0]LogSlate: Window 'Message' being destroyed
[2018.05.18-23.07.29:222][  0]LogWindowsTextInputMethodSystem: Display: IME system now deactivated.
[2018.05.18-23.07.29:224][  0]LogWindowsTextInputMethodSystem: Display: IME system now deactivated.
[2018.05.18-23.07.29:225][  0]LightingResults: New page: Lighting Build
[2018.05.18-23.07.29:228][  0]MapCheck: New page: Map Check
[2018.05.18-23.07.29:228][  0]LightingResults: New page: Lighting Build
[2018.05.18-23.07.29:239][  0]LogAIModule: Creating AISystem for world Untitled
[2018.05.18-23.07.29:241][  0]LoadErrors: New page: New Map
[2018.05.18-23.07.29:393][  0]LogCollectionManager: Loaded 0 collections in 0.001870 seconds
[2018.05.18-23.07.29:435][  0]LogFileCache: Scanning file cache for directory 'E:/GameDesGithub/Eggspository/moneymoneymoney/Saved/Collections/' took 0.01s
[2018.05.18-23.07.29:435][  0]LogFileCache: Scanning file cache for directory 'E:/GameDesGithub/Eggspository/moneymoneymoney/Content/Developers/Game/Collections/' took 0.01s
[2018.05.18-23.07.29:435][  0]LogFileCache: Scanning file cache for directory 'E:/GameDesGithub/Eggspository/moneymoneymoney/Content/Collections/' took 0.01s
[2018.05.18-23.07.29:435][  0]LogCollectionManager: Rebuilt the GUID cache for 0 collections in 0.000001 seconds
[2018.05.18-23.07.29:445][  0]LogContentBrowser: Native class hierarchy populated in 0.0101 seconds. Added 2452 classes and 558 folders.
[2018.05.18-23.07.29:453][  0]LogContentBrowser: Native class hierarchy updated for 'WidgetCarousel' in 0.0003 seconds. Added 0 classes and 0 folders.
[2018.05.18-23.07.29:503][  0]LogContentBrowser: Native class hierarchy updated for 'AddContentDialog' in 0.0003 seconds. Added 0 classes and 0 folders.
[2018.05.18-23.07.29:509][  0]LogContentBrowser: Native class hierarchy updated for 'SceneOutliner' in 0.0002 seconds. Added 1 classes and 2 folders.
[2018.05.18-23.07.29:577][  0]LogSlate: Took 0.000269 seconds to synchronously load lazily loaded font '../../../Engine/Content/Slate/Fonts/Roboto-Bold.ttf' (160K)
[2018.05.18-23.07.29:582][  0]LogSlate: Took 0.000240 seconds to synchronously load lazily loaded font '../../../Engine/Content/Editor/Slate/Fonts/FontAwesome.ttf' (139K)
[2018.05.18-23.07.29:686][  0]LogRenderer: Reallocating scene render targets to support 1712x860 Format 10 NumSamples 1 (Frame:1).
[2018.05.18-23.07.29:779][  0]LogContentBrowser: Native class hierarchy updated for 'HierarchicalLODOutliner' in 0.0002 seconds. Added 0 classes and 0 folders.
[2018.05.18-23.07.29:779][  0]LogLoad: (Engine Initialization) Total time: 13.63 seconds
[2018.05.18-23.07.29:779][  0]LogLoad: (Engine Initialization) Total Blueprint compile time: 0.00 seconds
[2018.05.18-23.07.29:808][  0]LogContentStreaming: Texture pool size now 1000 MB
[2018.05.18-23.07.29:857][  1]LogAssetRegistry: Asset discovery search completed in 8.8800 seconds
[2018.05.18-23.07.29:859][  1]LogCollectionManager: Rebuilt the object cache for 0 collections in 0.000000 seconds (found 0 objects)
[2018.05.18-23.07.29:859][  1]LogCollectionManager: Fixed up redirectors for 0 collections in 0.000046 seconds (updated 0 objects)
[2018.05.18-23.07.30:802][107]LogLinker: Warning: Can't resolve asset name
[2018.05.18-23.07.39:054][ 95]LogSlate: FSceneViewport::OnFocusLost() reason 0
[2018.05.18-23.07.39:103][101]LogTemp: Repeating last play command: Selected Viewport
[2018.05.18-23.07.39:121][101]LogPlayLevel: PlayLevel: No blueprints needed recompiling
[2018.05.18-23.07.39:121][101]PIE: New page: PIE session: Untitled_1 (May 18, 2018, 9:07:39 AM)
[2018.05.18-23.07.39:125][101]LogPlayLevel: Creating play world package: /Temp/UEDPIE_0_Untitled_1
[2018.05.18-23.07.39:125][101]LogPlayLevel: PIE: StaticDuplicateObject took: (0.000445s)
[2018.05.18-23.07.39:126][101]LogAIModule: Creating AISystem for world Untitled
[2018.05.18-23.07.39:126][101]LogPlayLevel: PIE: World Init took: (0.000573s)
[2018.05.18-23.07.39:126][101]LogPlayLevel: PIE: Created PIE world by copying editor world from /Temp/Untitled_1.Untitled to /Temp/UEDPIE_0_Untitled_1.Untitled (0.001131s)
[2018.05.18-23.07.39:140][101]LogInit: XAudio2 using 'Speakers (Realtek High Definition Audio)' : 2 channels at 48 kHz using 32 bits per sample (channel mask 0x3)
[2018.05.18-23.07.39:151][101]LogInit: FAudioDevice initialized.
[2018.05.18-23.07.39:411][101]LogSkeletalMesh: Skeletal Mesh found in DDC [3.469710ms] /Game/FirstPerson/FPWeapon/Mesh/SK_FPGun.SK_FPGun
[2018.05.18-23.07.39:419][101]LogSkeletalMesh: Skeletal Mesh found in DDC [5.220987ms] /Game/FirstPerson/Character/Mesh/SK_Mannequin_Arms.SK_Mannequin_Arms
[2018.05.18-23.07.39:524][101]LogLoad: Game class is 'FirstPersonGameMode_C'
[2018.05.18-23.07.39:526][101]LogWorld: Bringing World /Temp/UEDPIE_0_Untitled_1.Untitled up for play (max tick rate 0) at 2018.05.18-16.07.39
[2018.05.18-23.07.39:527][101]LogWorld: Bringing up level for play took: 0.000564
[2018.05.18-23.07.39:533][101]LogContentBrowser: Native class hierarchy updated for 'MovieSceneCapture' in 0.0003 seconds. Added 11 classes and 0 folders.
[2018.05.18-23.07.39:535][101]LogBlueprintUserMessages: [FirstPersonCharacter_C_0] Failed Not Level Change
[2018.05.18-23.07.39:535][101]PIE: Play in editor start time for /Temp/UEDPIE_0_Untitled_1 1.141
[2018.05.18-23.07.39:577][102]LogSlate: Took 0.002320 seconds to synchronously load lazily loaded font '../../../Engine/Content/Slate/Fonts/DroidSansFallback.ttf' (3848K)
[2018.05.18-23.07.45:791][829]LogSlate: Took 0.000238 seconds to synchronously load lazily loaded font '../../../Engine/Content/Slate/Fonts/Roboto-Light.ttf' (167K)
[2018.05.18-23.07.45:958][829]LogAIModule: Creating AISystem for world Titlevers2
[2018.05.18-23.07.46:000][829]Cmd: MAP LOAD FILE="E:/GameDesGithub/Eggspository/moneymoneymoney/Content/FirstPersonBP/Maps/Better_shit/Titlevers2.umap" TEMPLATE=0 SHOWPROGRESS=1 FEATURELEVEL=3
[2018.05.18-23.07.46:000][829]LightingResults: New page: Lighting Build
[2018.05.18-23.07.46:001][829]LoadErrors: New page: Loading map: Titlevers2.umap
[2018.05.18-23.07.46:001][829]MapCheck: New page: Map Check
[2018.05.18-23.07.46:001][829]LightingResults: New page: Lighting Build
[2018.05.18-23.07.46:103][829]LogEditorServer: Finished looking for orphan Actors (0.000 secs)
[2018.05.18-23.07.46:140][829]Cmd: MAP CHECKDEP NOCLEARLOG
[2018.05.18-23.07.46:198][829]MapCheck: Map check complete: 0 Error(s), 0 Warning(s), took 57.85ms to complete.
[2018.05.18-23.07.46:200][829]LogFileHelpers: Loading map 'Titlevers2' took 0.201
[2018.05.18-23.07.48:305][ 55]LogTemp: Repeating last play command: Selected Viewport
[2018.05.18-23.07.48:322][ 55]LogBlueprintUserMessages: Early PlayInEditor Detection: Level '/Game/FirstPersonBP/Maps/Better_shit/Titlevers2.Titlevers2:PersistentLevel' has LevelScriptBlueprint '/Game/FirstPersonBP/Maps/Better_shit/Titlevers2.Titlevers2:PersistentLevel.Titlevers2' with GeneratedClass '/Game/FirstPersonBP/Maps/Better_shit/Titlevers2.Titlevers2_C' with ClassGeneratedBy '/Game/FirstPersonBP/Maps/Better_shit/Titlevers2.Titlevers2:PersistentLevel.Titlevers2'
[2018.05.18-23.07.48:322][ 55]LogPlayLevel: PlayLevel: No blueprints needed recompiling
[2018.05.18-23.07.48:322][ 55]PIE: New page: PIE session: Titlevers2 (May 18, 2018, 9:07:48 AM)
[2018.05.18-23.07.48:323][ 55]LogPlayLevel: Creating play world package: /Game/FirstPersonBP/Maps/Better_shit/UEDPIE_0_Titlevers2
[2018.05.18-23.07.48:328][ 55]LogPlayLevel: PIE: StaticDuplicateObject took: (0.005527s)
[2018.05.18-23.07.48:329][ 55]LogAIModule: Creating AISystem for world Titlevers2
[2018.05.18-23.07.48:329][ 55]LogPlayLevel: PIE: World Init took: (0.000701s)
[2018.05.18-23.07.48:329][ 55]LogPlayLevel: PIE: Created PIE world by copying editor world from /Game/FirstPersonBP/Maps/Better_shit/Titlevers2.Titlevers2 to /Game/FirstPersonBP/Maps/Better_shit/UEDPIE_0_Titlevers2.Titlevers2 (0.006348s)
[2018.05.18-23.07.48:343][ 55]LogInit: XAudio2 using 'Speakers (Realtek High Definition Audio)' : 2 channels at 48 kHz using 32 bits per sample (channel mask 0x3)
[2018.05.18-23.07.48:353][ 55]LogInit: FAudioDevice initialized.
[2018.05.18-23.07.48:387][ 55]LogLoad: Game class is 'FirstPersonGameMode_C'
[2018.05.18-23.07.48:392][ 55]LogWorld: Bringing World /Game/FirstPersonBP/Maps/Better_shit/UEDPIE_0_Titlevers2.Titlevers2 up for play (max tick rate 0) at 2018.05.18-16.07.48
[2018.05.18-23.07.48:392][ 55]LogWorld: Bringing up level for play took: 0.003900
[2018.05.18-23.07.48:395][ 55]PIE: Error: SetInputMode_UIOnly expects a valid player controller as 'PlayerController' target
[2018.05.18-23.07.48:395][ 55]LogBlueprintUserMessages: [FirstPersonCharacter_C_0] Failed Not Level Change
[2018.05.18-23.07.48:395][ 55]PIE: Play in editor start time for /Game/FirstPersonBP/Maps/Better_shit/UEDPIE_0_Titlevers2 0.001
[2018.05.18-23.07.48:395][ 55]LogBlueprintUserMessages: Late PlayInEditor Detection: Level '/Game/FirstPersonBP/Maps/Better_shit/Titlevers2.Titlevers2:PersistentLevel' has LevelScriptBlueprint '/Game/FirstPersonBP/Maps/Better_shit/Titlevers2.Titlevers2:PersistentLevel.Titlevers2' with GeneratedClass '/Game/FirstPersonBP/Maps/Better_shit/Titlevers2.Titlevers2_C' with ClassGeneratedBy '/Game/FirstPersonBP/Maps/Better_shit/Titlevers2.Titlevers2:PersistentLevel.Titlevers2'
[2018.05.18-23.07.48:409][ 55]LogAudio: Warning: Detected orphaned looping sound 'BGM_mixdown'.
[2018.05.18-23.08.03:017][871]LogBlueprintUserMessages: Early EndPlayMap Detection: Level '/Game/FirstPersonBP/Maps/Better_shit/Titlevers2.Titlevers2:PersistentLevel' has LevelScriptBlueprint '/Game/FirstPersonBP/Maps/Better_shit/Titlevers2.Titlevers2:PersistentLevel.Titlevers2' with GeneratedClass '/Game/FirstPersonBP/Maps/Better_shit/Titlevers2.Titlevers2_C' with ClassGeneratedBy '/Game/FirstPersonBP/Maps/Better_shit/Titlevers2.Titlevers2:PersistentLevel.Titlevers2'
[2018.05.18-23.08.03:071][871]LogBlueprintUserMessages: Late EndPlayMap Detection: Level '/Game/FirstPersonBP/Maps/Better_shit/Titlevers2.Titlevers2:PersistentLevel' has LevelScriptBlueprint '/Game/FirstPersonBP/Maps/Better_shit/Titlevers2.Titlevers2:PersistentLevel.Titlevers2' with GeneratedClass '/Game/FirstPersonBP/Maps/Better_shit/Titlevers2.Titlevers2_C' with ClassGeneratedBy '/Game/FirstPersonBP/Maps/Better_shit/Titlevers2.Titlevers2:PersistentLevel.Titlevers2'
[2018.05.18-23.08.04:768][938]LogBlueprint: Warning: [Compiler PersistentLevel.CHICKEN] Set : 'threw trash finally' variable not found. Base class was probably changed. /Game/FirstPersonBP/Maps/Better_shit/CHICKEN.CHICKEN:PersistentLevel.CHICKEN
[2018.05.18-23.08.04:768][938]LogBlueprint: Warning: [Compiler PersistentLevel.CHICKEN] Set threw trash finally : 'threw trash finally' variable not found. Base class was probably changed. /Game/FirstPersonBP/Maps/Better_shit/CHICKEN.CHICKEN:PersistentLevel.CHICKEN
[2018.05.18-23.08.04:798][938]LogBlueprint: Warning: [Compiler PersistentLevel.CHICKEN] [0048.65] Compile of PersistentLevel.CHICKEN successful, but with 2 Warning(s) [in 32 ms] (/Game/FirstPersonBP/Maps/Better_shit/CHICKEN.CHICKEN:PersistentLevel.CHICKEN)
[2018.05.18-23.08.05:229][938]LogAIModule: Creating AISystem for world CHICKEN
[2018.05.18-23.08.05:244][938]LogMaterial: Warning: Material /Game/Models_Props/Cofe/metalMedium.metalMedium needed to have new flag set bUsedWithStaticLighting !
[2018.05.18-23.08.05:250][938]LogMaterial: Missing cached shader map for material metalMedium, compiling. 
[2018.05.18-23.08.05:293][938]MapCheck: Warning: metalMedium Material /Game/Models_Props/Cofe/metalMedium.metalMedium was missing the usage flag bUsedWithStaticLighting. If the material asset is not re-saved, it may not render correctly when run outside the editor. Fix
[2018.05.18-23.08.05:300][938]LogMaterial: Warning: Material /Game/Models_Props/Cofe/metal.metal needed to have new flag set bUsedWithStaticLighting !
[2018.05.18-23.08.05:302][938]LogShaderCompilers: Display: Shaders left to compile 31
[2018.05.18-23.08.05:302][938]LogShaderCompilers: Display: Shaders left to compile 21
[2018.05.18-23.08.05:302][938]LogShaderCompilers: Display: Shaders left to compile 11
[2018.05.18-23.08.05:302][938]LogShaderCompilers: Display: Shaders left to compile 1
[2018.05.18-23.08.05:303][938]LogMaterial: Missing cached shader map for material metal, compiling. 
[2018.05.18-23.08.05:317][938]MapCheck: Warning: metal Material /Game/Models_Props/Cofe/metal.metal was missing the usage flag bUsedWithStaticLighting. If the material asset is not re-saved, it may not render correctly when run outside the editor. Fix
[2018.05.18-23.08.05:318][938]LogMaterial: Warning: Material /Game/Models_Props/Cofe/metal_001.metal_001 needed to have new flag set bUsedWithStaticLighting !
[2018.05.18-23.08.05:320][938]LogMaterial: Missing cached shader map for material metal_001, compiling. 
[2018.05.18-23.08.05:330][938]MapCheck: Warning: metal_001 Material /Game/Models_Props/Cofe/metal_001.metal_001 was missing the usage flag bUsedWithStaticLighting. If the material asset is not re-saved, it may not render correctly when run outside the editor. Fix
[2018.05.18-23.08.05:330][938]LogMaterial: Warning: Material /Game/Models_Props/Cofe/woodDark.woodDark needed to have new flag set bUsedWithStaticLighting !
[2018.05.18-23.08.05:332][938]LogMaterial: Missing cached shader map for material woodDark, compiling. 
[2018.05.18-23.08.05:342][938]MapCheck: Warning: woodDark Material /Game/Models_Props/Cofe/woodDark.woodDark was missing the usage flag bUsedWithStaticLighting. If the material asset is not re-saved, it may not render correctly when run outside the editor. Fix
[2018.05.18-23.08.05:343][938]LogMaterial: Warning: Material /Game/Models_Props/Rugs/carpet.carpet needed to have new flag set bUsedWithStaticLighting !
[2018.05.18-23.08.05:345][938]LogMaterial: Missing cached shader map for material carpet, compiling. 
[2018.05.18-23.08.05:355][938]MapCheck: Warning: carpet Material /Game/Models_Props/Rugs/carpet.carpet was missing the usage flag bUsedWithStaticLighting. If the material asset is not re-saved, it may not render correctly when run outside the editor. Fix
[2018.05.18-23.08.05:355][938]LogMaterial: Warning: Material /Game/Models_Props/Rugs/carpetDarker.carpetDarker needed to have new flag set bUsedWithStaticLighting !
[2018.05.18-23.08.05:357][938]LogMaterial: Missing cached shader map for material carpetDarker, compiling. 
[2018.05.18-23.08.05:369][938]MapCheck: Warning: carpetDarker Material /Game/Models_Props/Rugs/carpetDarker.carpetDarker was missing the usage flag bUsedWithStaticLighting. If the material asset is not re-saved, it may not render correctly when run outside the editor. Fix
[2018.05.18-23.08.05:478][938]Cmd: MAP LOAD FILE="E:/GameDesGithub/Eggspository/moneymoneymoney/Content/FirstPersonBP/Maps/Better_shit/CHICKEN.umap" TEMPLATE=0 SHOWPROGRESS=1 FEATURELEVEL=3
[2018.05.18-23.08.05:478][938]LightingResults: New page: Lighting Build
[2018.05.18-23.08.05:478][938]LoadErrors: New page: Loading map: CHICKEN.umap
[2018.05.18-23.08.05:480][938]MapCheck: New page: Map Check
[2018.05.18-23.08.05:480][938]LightingResults: New page: Lighting Build
[2018.05.18-23.08.05:703][938]LogEditorServer: Finished looking for orphan Actors (0.000 secs)
[2018.05.18-23.08.05:779][938]Cmd: MAP CHECKDEP NOCLEARLOG
[2018.05.18-23.08.05:885][938]LogShaderCompilers: Display: Shaders left to compile 155
[2018.05.18-23.08.05:885][938]MapCheck: Map check complete: 0 Error(s), 0 Warning(s), took 105.921ms to complete.
[2018.05.18-23.08.05:885][938]LogFileHelpers: Loading map 'CHICKEN' took 0.409
[2018.05.18-23.08.07:567][  1]LogSlate: Window 'Message Log' being destroyed
[2018.05.18-23.08.07:578][  1]LogSlate: Window 'Message Log' being destroyed
[2018.05.18-23.08.07:859][ 15]LogShaderCompilers: Display: Shaders left to compile 145
[2018.05.18-23.08.08:076][ 25]LogShaderCompilers: Display: Shaders left to compile 135
[2018.05.18-23.08.08:952][ 67]LogShaderCompilers: Display: Shaders left to compile 125
[2018.05.18-23.08.09:411][ 74]LogShaderCompilers: Display: Shaders left to compile 115
[2018.05.18-23.08.10:737][ 78]LogShaderCompilers: Display: Shaders left to compile 105
[2018.05.18-23.08.10:737][ 78]LogShaderCompilers: Display: Shaders left to compile 95
[2018.05.18-23.08.11:082][ 79]LogShaderCompilers: Display: Shaders left to compile 85
[2018.05.18-23.08.11:394][ 79]LogEditorViewport: Clicking on Actor (LMB): StaticMeshActor (Cube)
[2018.05.18-23.08.11:824][ 88]LogShaderCompilers: Display: Shaders left to compile 75
[2018.05.18-23.08.12:472][117]LogShaderCompilers: Display: Shaders left to compile 65
[2018.05.18-23.08.13:579][168]LogShaderCompilers: Display: Shaders left to compile 55
[2018.05.18-23.08.13:759][176]LogShaderCompilers: Display: Shaders left to compile 45
[2018.05.18-23.08.14:620][215]LogShaderCompilers: Display: Shaders left to compile 35
[2018.05.18-23.08.15:196][244]LogShaderCompilers: Display: Shaders left to compile 25
[2018.05.18-23.08.16:457][305]LogShaderCompilers: Display: Shaders left to compile 15
[2018.05.18-23.08.16:884][326]LogShaderCompilers: Display: Shaders left to compile 5
[2018.05.18-23.09.44:781][119]LogSlate: FSceneViewport::OnFocusLost() reason 0
[2018.05.18-23.09.44:850][125]LogTemp: Repeating last play command: Selected Viewport
[2018.05.18-23.09.44:867][125]LogBlueprintUserMessages: Early PlayInEditor Detection: Level '/Game/FirstPersonBP/Maps/Better_shit/CHICKEN.CHICKEN:PersistentLevel' has LevelScriptBlueprint '/Game/FirstPersonBP/Maps/Better_shit/CHICKEN.CHICKEN:PersistentLevel.CHICKEN' with GeneratedClass '/Game/FirstPersonBP/Maps/Better_shit/CHICKEN.CHICKEN_C' with ClassGeneratedBy '/Game/FirstPersonBP/Maps/Better_shit/CHICKEN.CHICKEN:PersistentLevel.CHICKEN'
[2018.05.18-23.09.44:867][125]LogPlayLevel: PlayLevel: No blueprints needed recompiling
[2018.05.18-23.09.44:867][125]PIE: New page: PIE session: CHICKEN (May 18, 2018, 9:09:44 AM)
[2018.05.18-23.09.44:867][125]LogPlayLevel: Creating play world package: /Game/FirstPersonBP/Maps/Better_shit/UEDPIE_0_CHICKEN
[2018.05.18-23.09.44:900][125]LogPlayLevel: PIE: StaticDuplicateObject took: (0.032544s)
[2018.05.18-23.09.44:900][125]LogAIModule: Creating AISystem for world CHICKEN
[2018.05.18-23.09.44:900][125]LogPlayLevel: PIE: World Init took: (0.000624s)
[2018.05.18-23.09.44:900][125]LogPlayLevel: PIE: Created PIE world by copying editor world from /Game/FirstPersonBP/Maps/Better_shit/CHICKEN.CHICKEN to /Game/FirstPersonBP/Maps/Better_shit/UEDPIE_0_CHICKEN.CHICKEN (0.033383s)
[2018.05.18-23.09.44:916][125]LogInit: XAudio2 using 'Speakers (Realtek High Definition Audio)' : 2 channels at 48 kHz using 32 bits per sample (channel mask 0x3)
[2018.05.18-23.09.44:927][125]LogInit: FAudioDevice initialized.
[2018.05.18-23.09.44:961][125]LogLoad: Game class is 'FirstPersonGameMode_C'
[2018.05.18-23.09.44:975][125]LogWorld: Bringing World /Game/FirstPersonBP/Maps/Better_shit/UEDPIE_0_CHICKEN.CHICKEN up for play (max tick rate 0) at 2018.05.18-16.09.44
[2018.05.18-23.09.44:976][125]LogWorld: Bringing up level for play took: 0.014270
[2018.05.18-23.09.44:979][125]LogBlueprintUserMessages: [FirstPersonCharacter_C_0] Failed Not Level Change
[2018.05.18-23.09.44:979][125]PIE: Play in editor start time for /Game/FirstPersonBP/Maps/Better_shit/UEDPIE_0_CHICKEN 0.585
[2018.05.18-23.09.44:979][125]LogBlueprintUserMessages: Late PlayInEditor Detection: Level '/Game/FirstPersonBP/Maps/Better_shit/CHICKEN.CHICKEN:PersistentLevel' has LevelScriptBlueprint '/Game/FirstPersonBP/Maps/Better_shit/CHICKEN.CHICKEN:PersistentLevel.CHICKEN' with GeneratedClass '/Game/FirstPersonBP/Maps/Better_shit/CHICKEN.CHICKEN_C' with ClassGeneratedBy '/Game/FirstPersonBP/Maps/Better_shit/CHICKEN.CHICKEN:PersistentLevel.CHICKEN'
[2018.05.18-23.10.10:286][432]LogBlueprintUserMessages: Early EndPlayMap Detection: Level '/Game/FirstPersonBP/Maps/Better_shit/CHICKEN.CHICKEN:PersistentLevel' has LevelScriptBlueprint '/Game/FirstPersonBP/Maps/Better_shit/CHICKEN.CHICKEN:PersistentLevel.CHICKEN' with GeneratedClass '/Game/FirstPersonBP/Maps/Better_shit/CHICKEN.CHICKEN_C' with ClassGeneratedBy '/Game/FirstPersonBP/Maps/Better_shit/CHICKEN.CHICKEN:PersistentLevel.CHICKEN'
[2018.05.18-23.10.10:354][432]LogBlueprintUserMessages: Late EndPlayMap Detection: Level '/Game/FirstPersonBP/Maps/Better_shit/CHICKEN.CHICKEN:PersistentLevel' has LevelScriptBlueprint '/Game/FirstPersonBP/Maps/Better_shit/CHICKEN.CHICKEN:PersistentLevel.CHICKEN' with GeneratedClass '/Game/FirstPersonBP/Maps/Better_shit/CHICKEN.CHICKEN_C' with ClassGeneratedBy '/Game/FirstPersonBP/Maps/Better_shit/CHICKEN.CHICKEN:PersistentLevel.CHICKEN'
[2018.05.18-23.11.17:481][747]LogSlate: FSceneViewport::OnFocusLost() reason 0
[2018.05.18-23.11.17:650][751]LogSlate: Window 'moneymoneymoney - Unreal Editor' being destroyed
[2018.05.18-23.11.17:651][751]LogWindowsTextInputMethodSystem: Display: IME system now deactivated.
[2018.05.18-23.11.17:913][752]Cmd: QUIT_EDITOR
[2018.05.18-23.11.18:401][752]LogSlate: Slate User Destroyed.  User Index 0, Is Virtual User: 0
[2018.05.18-23.11.18:401][752]LogExit: Preparing to exit.
[2018.05.18-23.11.18:933][752]LogExit: Editor shut down
[2018.05.18-23.11.18:937][752]LogExit: Transaction tracking system shut down
[2018.05.18-23.11.19:013][752]LogDirectoryWatcher: A directory notification for '../../../Engine/Content/' was aborted.
[2018.05.18-23.11.19:013][752]LogDirectoryWatcher: A directory notification for 'E:/GameDesGithub/Eggspository/moneymoneymoney/Content/' was aborted.
[2018.05.18-23.11.19:013][752]LogDirectoryWatcher: A directory notification for '../../Plugins/2D/Paper2D/Content/' was aborted.
[2018.05.18-23.11.19:013][752]LogDirectoryWatcher: A directory notification for '../../Plugins/Enterprise/DatasmithContent/Content/' was aborted.
[2018.05.18-23.11.19:013][752]LogDirectoryWatcher: A directory notification for '../../Plugins/Media/MediaCompositing/Content/' was aborted.
[2018.05.18-23.11.19:014][752]LogDirectoryWatcher: A directory notification for '../../Plugins/Runtime/AppleARKit/Content/' was aborted.
[2018.05.18-23.11.19:014][752]LogDirectoryWatcher: A directory notification for '../../Plugins/Runtime/Oculus/OculusVR/Content/' was aborted.
[2018.05.18-23.11.19:014][752]LogDirectoryWatcher: A directory notification for '../../Plugins/Runtime/Steam/SteamVR/Content/' was aborted.
[2018.05.18-23.11.19:098][752]LogExit: Object subsystem successfully closed.
[2018.05.18-23.11.19:123][752]LogShaderCompilers: Display: Shaders left to compile 0
[2018.05.18-23.11.19:130][752]LogD3D11RHI: Shutdown
[2018.05.18-23.11.19:130][752]LogD3D11RHI: CleanupD3DDevice
[2018.05.18-23.11.19:135][752]LogD3D11RHI: ~FD3D11DynamicRHI
[2018.05.18-23.11.19:154][752]LogModuleManager: Shutting down and abandoning module MovieSceneCapture (576)
[2018.05.18-23.11.19:154][752]LogModuleManager: Shutting down and abandoning module HierarchicalLODOutliner (574)
[2018.05.18-23.11.19:154][752]LogModuleManager: Shutting down and abandoning module SceneOutliner (572)
[2018.05.18-23.11.19:154][752]LogModuleManager: Shutting down and abandoning module AddContentDialog (570)
[2018.05.18-23.11.19:155][752]LogDirectoryWatcher: A directory notification for 'C:/Program Files/Epic Games/UE_4.19/FeaturePacks/' was aborted.
[2018.05.18-23.11.19:156][752]LogModuleManager: Shutting down and abandoning module WidgetCarousel (569)
[2018.05.18-23.11.19:156][752]LogModuleManager: Shutting down and abandoning module EditorWidgets (566)
[2018.05.18-23.11.19:156][752]LogModuleManager: Shutting down and abandoning module CollectionManager (564)
[2018.05.18-23.11.19:156][752]LogDirectoryWatcher: A directory notification for 'E:/GameDesGithub/Eggspository/moneymoneymoney/Content/Collections/' was aborted.
[2018.05.18-23.11.19:156][752]LogDirectoryWatcher: A directory notification for 'E:/GameDesGithub/Eggspository/moneymoneymoney/Content/Developers/Game/Collections/' was aborted.
[2018.05.18-23.11.19:156][752]LogDirectoryWatcher: A directory notification for 'E:/GameDesGithub/Eggspository/moneymoneymoney/Saved/Collections/' was aborted.
[2018.05.18-23.11.19:156][752]LogModuleManager: Shutting down and abandoning module StatsViewer (562)
[2018.05.18-23.11.19:156][752]LogModuleManager: Shutting down and abandoning module FoliageEdit (560)
[2018.05.18-23.11.19:156][752]LogModuleManager: Shutting down and abandoning module LandscapeEditor (558)
[2018.05.18-23.11.19:156][752]LogModuleManager: Shutting down and abandoning module MeshPaintMode (556)
[2018.05.18-23.11.19:156][752]LogModuleManager: Shutting down and abandoning module SceneDepthPickerMode (554)
[2018.05.18-23.11.19:156][752]LogModuleManager: Shutting down and abandoning module ActorPickerMode (552)
[2018.05.18-23.11.19:156][752]LogModuleManager: Shutting down and abandoning module GeometryMode (550)
[2018.05.18-23.11.19:156][752]LogModuleManager: Shutting down and abandoning module TextureAlignMode (548)
[2018.05.18-23.11.19:156][752]LogModuleManager: Shutting down and abandoning module BspMode (546)
[2018.05.18-23.11.19:156][752]LogModuleManager: Shutting down and abandoning module PIEPreviewDeviceProfileSelector (544)
[2018.05.18-23.11.19:156][752]LogModuleManager: Shutting down and abandoning module HardwareSurvey (542)
[2018.05.18-23.11.19:156][752]LogModuleManager: Shutting down and abandoning module SequenceRecorderSections (540)
[2018.05.18-23.11.19:156][752]LogModuleManager: Shutting down and abandoning module AutomationWorker (538)
[2018.05.18-23.11.19:156][752]LogModuleManager: Shutting down and abandoning module AudioCaptureEditor (536)
[2018.05.18-23.11.19:156][752]LogModuleManager: Shutting down and abandoning module SequenceRecorder (535)
[2018.05.18-23.11.19:156][752]LogModuleManager: Shutting down and abandoning module MatineeToLevelSequence (532)
[2018.05.18-23.11.19:156][752]LogModuleManager: Shutting down and abandoning module LevelSequenceEditor (530)
[2018.05.18-23.11.19:157][752]LogModuleManager: Shutting down and abandoning module PlacementMode (529)
[2018.05.18-23.11.19:157][752]LogModuleManager: Shutting down and abandoning module MaterialEditor (528)
[2018.05.18-23.11.19:157][752]LogModuleManager: Shutting down and abandoning module WmfMediaFactory (524)
[2018.05.18-23.11.19:157][752]LogModuleManager: Shutting down and abandoning module WmfMediaEditor (522)
[2018.05.18-23.11.19:157][752]LogModuleManager: Shutting down and abandoning module MediaPlayerEditor (520)
[2018.05.18-23.11.19:157][752]LogModuleManager: Shutting down and abandoning module OpenExrWrapper (518)
[2018.05.18-23.11.19:157][752]LogModuleManager: Shutting down and abandoning module ImgMediaFactory (516)
[2018.05.18-23.11.19:157][752]LogModuleManager: Shutting down and abandoning module ImgMediaEditor (514)
[2018.05.18-23.11.19:157][752]LogModuleManager: Shutting down and abandoning module AvfMediaFactory (512)
[2018.05.18-23.11.19:157][752]LogModuleManager: Shutting down and abandoning module AvfMediaEditor (510)
[2018.05.18-23.11.19:157][752]LogModuleManager: Shutting down and abandoning module AndroidMediaFactory (508)
[2018.05.18-23.11.19:157][752]LogModuleManager: Shutting down and abandoning module AndroidMediaEditor (506)
[2018.05.18-23.11.19:157][752]LogModuleManager: Shutting down and abandoning module CharacterAI (504)
[2018.05.18-23.11.19:157][752]LogModuleManager: Shutting down and abandoning module SmartSnapping (502)
[2018.05.18-23.11.19:157][752]LogModuleManager: Shutting down and abandoning module SessionServices (500)
[2018.05.18-23.11.19:157][752]LogModuleManager: Shutting down and abandoning module ViewportSnapping (498)
[2018.05.18-23.11.19:157][752]LogModuleManager: Shutting down and abandoning module ViewportInteraction (496)
[2018.05.18-23.11.19:157][752]LogModuleManager: Shutting down and abandoning module ClothPainter (494)
[2018.05.18-23.11.19:157][752]LogModuleManager: Shutting down and abandoning module SkeletalMeshEditor (493)
[2018.05.18-23.11.19:157][752]LogModuleManager: Shutting down and abandoning module LogVisualizer (490)
[2018.05.18-23.11.19:157][752]LogModuleManager: Shutting down and abandoning module IntroTutorials (488)
[2018.05.18-23.11.19:157][752]LogModuleManager: Shutting down and abandoning module GameProjectGeneration (487)
[2018.05.18-23.11.19:157][752]LogModuleManager: Shutting down and abandoning module IOSPlatformEditor (484)
[2018.05.18-23.11.19:157][752]LogModuleManager: Shutting down and abandoning module HTML5PlatformEditor (482)
[2018.05.18-23.11.19:157][752]LogModuleManager: Shutting down and abandoning module AndroidPlatformEditor (480)
[2018.05.18-23.11.19:157][752]LogModuleManager: Shutting down and abandoning module AndroidDeviceDetection (479)
[2018.05.18-23.11.19:895][752]LogModuleManager: Shutting down and abandoning module WindowsPlatformEditor (476)
[2018.05.18-23.11.19:895][752]LogModuleManager: Shutting down and abandoning module IOSRuntimeSettings (474)
[2018.05.18-23.11.19:895][752]LogModuleManager: Shutting down and abandoning module AndroidRuntimeSettings (472)
[2018.05.18-23.11.19:895][752]LogModuleManager: Shutting down and abandoning module InputBindingEditor (470)
[2018.05.18-23.11.19:895][752]LogModuleManager: Shutting down and abandoning module MergeActors (468)
[2018.05.18-23.11.19:895][752]LogModuleManager: Shutting down and abandoning module LocalizationDashboard (466)
[2018.05.18-23.11.19:895][752]LogModuleManager: Shutting down and abandoning module LocalizationService (465)
[2018.05.18-23.11.19:895][752]LogModuleManager: Shutting down and abandoning module HardwareTargeting (462)
[2018.05.18-23.11.19:895][752]LogModuleManager: Shutting down and abandoning module DeviceProfileEditor (460)
[2018.05.18-23.11.19:895][752]LogModuleManager: Shutting down and abandoning module UndoHistory (458)
[2018.05.18-23.11.19:895][752]LogModuleManager: Shutting down and abandoning module XmlParser (456)
[2018.05.18-23.11.19:896][752]LogModuleManager: Shutting down and abandoning module Blutility (454)
[2018.05.18-23.11.19:896][752]LogModuleManager: Shutting down and abandoning module ProjectSettingsViewer (452)
[2018.05.18-23.11.19:896][752]LogModuleManager: Shutting down and abandoning module ProjectTargetPlatformEditor (451)
[2018.05.18-23.11.19:896][752]LogModuleManager: Shutting down and abandoning module EditorSettingsViewer (448)
[2018.05.18-23.11.19:896][752]LogModuleManager: Shutting down and abandoning module SettingsEditor (446)
[2018.05.18-23.11.19:896][752]LogModuleManager: Shutting down and abandoning module ProjectLauncher (444)
[2018.05.18-23.11.19:896][752]LogModuleManager: Shutting down and abandoning module SessionFrontend (442)
[2018.05.18-23.11.19:896][752]LogModuleManager: Shutting down and abandoning module ProfilerClient (440)
[2018.05.18-23.11.19:896][752]LogModuleManager: Shutting down and abandoning module DeviceManager (438)
[2018.05.18-23.11.19:896][752]LogModuleManager: Shutting down and abandoning module TargetDeviceServices (437)
[2018.05.18-23.11.19:952][752]LogModuleManager: Shutting down and abandoning module AutomationController (434)
[2018.05.18-23.11.19:952][752]LogModuleManager: Shutting down and abandoning module AutomationWindow (432)
[2018.05.18-23.11.19:952][752]LogModuleManager: Shutting down and abandoning module Layers (430)
[2018.05.18-23.11.19:952][752]LogModuleManager: Shutting down and abandoning module ComponentVisualizers (428)
[2018.05.18-23.11.19:952][752]LogModuleManager: Shutting down and abandoning module DetailCustomizations (426)
[2018.05.18-23.11.19:952][752]LogModuleManager: Shutting down and abandoning module PackagesDialog (424)
[2018.05.18-23.11.19:952][752]LogModuleManager: Shutting down and abandoning module Persona (422)
[2018.05.18-23.11.19:953][752]LogModuleManager: Shutting down and abandoning module AdvancedPreviewScene (421)
[2018.05.18-23.11.19:953][752]LogModuleManager: Shutting down and abandoning module AnimGraph (419)
[2018.05.18-23.11.19:953][752]LogModuleManager: Shutting down and abandoning module Kismet (416)
[2018.05.18-23.11.19:954][752]LogModuleManager: Shutting down and abandoning module GraphEditor (414)
[2018.05.18-23.11.19:954][752]LogModuleManager: Shutting down and abandoning module ClassViewer (412)
[2018.05.18-23.11.19:954][752]LogModuleManager: Shutting down and abandoning module Toolbox (410)
[2018.05.18-23.11.19:954][752]LogModuleManager: Shutting down and abandoning module ModuleUI (408)
[2018.05.18-23.11.19:954][752]LogModuleManager: Shutting down and abandoning module MovieSceneTools (406)
[2018.05.18-23.11.19:954][752]LogModuleManager: Shutting down and abandoning module OutputLog (404)
[2018.05.18-23.11.19:954][752]LogModuleManager: Shutting down and abandoning module GammaUI (402)
[2018.05.18-23.11.19:954][752]LogModuleManager: Shutting down and abandoning module Documentation (400)
[2018.05.18-23.11.19:954][752]LogModuleManager: Shutting down and abandoning module MovieSceneTracks (398)
[2018.05.18-23.11.19:954][752]LogModuleManager: Shutting down and abandoning module MovieScene (396)
[2018.05.18-23.11.19:954][752]LogModuleManager: Shutting down and abandoning module StreamingPauseRendering (394)
[2018.05.18-23.11.19:954][752]LogModuleManager: Shutting down and abandoning module LauncherPlatform (392)
[2018.05.18-23.11.19:954][752]LogModuleManager: Shutting down and abandoning module AnalyticsET (390)
[2018.05.18-23.11.19:954][752]LogModuleManager: Shutting down and abandoning module PortalServices (388)
[2018.05.18-23.11.19:954][752]LogModuleManager: Shutting down and abandoning module PortalRpc (386)
[2018.05.18-23.11.19:954][752]LogModuleManager: Shutting down and abandoning module MessagingRpc (384)
[2018.05.18-23.11.19:954][752]LogModuleManager: Shutting down and abandoning module AIModule (382)
[2018.05.18-23.11.19:954][752]LogModuleManager: Shutting down and abandoning module GameplayDebugger (381)
[2018.05.18-23.11.19:954][752]LogModuleManager: Shutting down and abandoning module AITestSuite (379)
[2018.05.18-23.11.19:955][752]LogModuleManager: Shutting down and abandoning module DesktopPlatform (376)
[2018.05.18-23.11.19:955][752]LogModuleManager: Shutting down and abandoning module ProfilerService (374)
[2018.05.18-23.11.20:189][752]LogModuleManager: Shutting down and abandoning module TaskGraph (372)
[2018.05.18-23.11.20:189][752]LogModuleManager: Shutting down and abandoning module SteamVRController (370)
[2018.05.18-23.11.20:189][752]LogModuleManager: Shutting down and abandoning module ProceduralMeshComponentEditor (368)
[2018.05.18-23.11.20:189][752]LogModuleManager: Shutting down and abandoning module ProceduralMeshComponent (366)
[2018.05.18-23.11.20:189][752]LogModuleManager: Shutting down and abandoning module OculusInput (364)
[2018.05.18-23.11.20:189][752]LogModuleManager: Shutting down and abandoning module MobilePatchingUtils (362)
[2018.05.18-23.11.20:189][752]LogModuleManager: Shutting down and abandoning module CustomMeshComponent (360)
[2018.05.18-23.11.20:189][752]LogModuleManager: Shutting down and abandoning module CableComponent (358)
[2018.05.18-23.11.20:189][752]LogModuleManager: Shutting down and abandoning module AudioCapture (356)
[2018.05.18-23.11.20:189][752]LogModuleManager: Shutting down and abandoning module ArchVisCharacter (354)
[2018.05.18-23.11.20:189][752]LogModuleManager: Shutting down and abandoning module AndroidPermission (352)
[2018.05.18-23.11.20:189][752]LogModuleManager: Shutting down and abandoning module NUTUnrealEngine4 (348)
[2018.05.18-23.11.20:189][752]LogModuleManager: Shutting down and abandoning module NetcodeUnitTest (346)
[2018.05.18-23.11.20:189][752]LogModuleManager: Shutting down and abandoning module MediaCompositingEditor (344)
[2018.05.18-23.11.20:190][752]LogModuleManager: Shutting down and abandoning module MediaCompositing (342)
[2018.05.18-23.11.20:190][752]LogModuleManager: Shutting down and abandoning module LinearTimecode (340)
[2018.05.18-23.11.20:190][752]LogModuleManager: Shutting down and abandoning module ImgMedia (338)
[2018.05.18-23.11.20:196][752]LogModuleManager: Shutting down and abandoning module HTML5Networking (336)
[2018.05.18-23.11.20:197][752]LogModuleManager: Shutting down and abandoning module AlembicImporter (334)
[2018.05.18-23.11.20:197][752]LogModuleManager: Shutting down and abandoning module AlembicLibrary (333)
[2018.05.18-23.11.20:197][752]LogModuleManager: Shutting down and abandoning module GeometryCache (332)
[2018.05.18-23.11.20:197][752]LogModuleManager: Shutting down and abandoning module GeometryCacheEd (331)
[2018.05.18-23.11.20:197][752]LogModuleManager: Shutting down and abandoning module DatasmithContent (326)
[2018.05.18-23.11.20:197][752]LogModuleManager: Shutting down and abandoning module SpeedTreeImporter (324)
[2018.05.18-23.11.20:197][752]LogModuleManager: Shutting down and abandoning module PluginBrowser (322)
[2018.05.18-23.11.20:197][752]LogModuleManager: Shutting down and abandoning module MobileLauncherProfileWizard (320)
[2018.05.18-23.11.20:197][752]LogModuleManager: Shutting down and abandoning module CryptoKeysOpenSSL (318)
[2018.05.18-23.11.20:197][752]LogModuleManager: Shutting down and abandoning module CryptoKeys (316)
[2018.05.18-23.11.20:197][752]LogModuleManager: Shutting down and abandoning module VisualStudioSourceCodeAccess (314)
[2018.05.18-23.11.20:197][752]LogModuleManager: Shutting down and abandoning module VisualStudioCodeSourceCodeAccess (312)
[2018.05.18-23.11.20:197][752]LogModuleManager: Shutting down and abandoning module UObjectPlugin (310)
[2018.05.18-23.11.20:197][752]LogModuleManager: Shutting down and abandoning module SubversionSourceControl (308)
[2018.05.18-23.11.20:197][752]LogModuleManager: Shutting down and abandoning module PerforceSourceControl (306)
[2018.05.18-23.11.20:198][752]LogModuleManager: Shutting down and abandoning module GitSourceControl (304)
[2018.05.18-23.11.20:198][752]LogModuleManager: Shutting down and abandoning module SourceControl (303)
[2018.05.18-23.11.20:198][752]LogModuleManager: Shutting down and abandoning module CLionSourceCodeAccess (300)
[2018.05.18-23.11.20:198][752]LogModuleManager: Shutting down and abandoning module LightPropagationVolumeEditor (298)
[2018.05.18-23.11.20:198][752]LogModuleManager: Shutting down and abandoning module PaperTiledImporter (296)
[2018.05.18-23.11.20:198][752]LogModuleManager: Shutting down and abandoning module PaperSpriteSheetImporter (294)
[2018.05.18-23.11.20:198][752]LogModuleManager: Shutting down and abandoning module Paper2DEditor (292)
[2018.05.18-23.11.20:198][752]LogModuleManager: Shutting down and abandoning module MeshPaint (291)
[2018.05.18-23.11.20:198][752]LogModuleManager: Shutting down and abandoning module RuntimePhysXCooking (288)
[2018.05.18-23.11.20:198][752]LogModuleManager: Shutting down and abandoning module PhysXVehiclesEditor (286)
[2018.05.18-23.11.20:198][752]LogModuleManager: Shutting down and abandoning module PhysXVehicles (284)
[2018.05.18-23.11.20:199][752]LogModuleManager: Shutting down and abandoning module OculusEditor (282)
[2018.05.18-23.11.20:199][752]LogModuleManager: Shutting down and abandoning module LocationServicesBPLibrary (280)
[2018.05.18-23.11.20:199][752]LogModuleManager: Shutting down and abandoning module ImmediatePhysicsEditor (278)
[2018.05.18-23.11.20:199][752]LogModuleManager: Shutting down and abandoning module ImmediatePhysics (276)
[2018.05.18-23.11.20:199][752]LogModuleManager: Shutting down and abandoning module ActorSequence (274)
[2018.05.18-23.11.20:199][752]LogModuleManager: Shutting down and abandoning module UdpMessaging (272)
[2018.05.18-23.11.20:300][752]LogModuleManager: Shutting down and abandoning module TcpMessaging (270)
[2018.05.18-23.11.20:401][752]LogModuleManager: Shutting down and abandoning module GameplayTagsEditor (268)
[2018.05.18-23.11.20:401][752]LogModuleManager: Shutting down and abandoning module FacialAnimationEditor (266)
[2018.05.18-23.11.20:401][752]LogModuleManager: Shutting down and abandoning module FacialAnimation (264)
[2018.05.18-23.11.20:401][752]LogModuleManager: Shutting down and abandoning module DataValidation (262)
[2018.05.18-23.11.20:401][752]LogModuleManager: Shutting down and abandoning module AssetManagerEditor (260)
[2018.05.18-23.11.20:401][752]LogModuleManager: Shutting down and abandoning module LevelEditor (259)
[2018.05.18-23.11.20:403][752]LogModuleManager: Shutting down and abandoning module PixelInspectorModule (258)
[2018.05.18-23.11.20:403][752]LogModuleManager: Shutting down and abandoning module CommonMenuExtensions (256)
[2018.05.18-23.11.20:403][752]LogModuleManager: Shutting down and abandoning module MainFrame (254)
[2018.05.18-23.11.20:403][752]LogModuleManager: Shutting down and abandoning module HotReload (253)
[2018.05.18-23.11.20:404][752]LogModuleManager: Shutting down and abandoning module ContentBrowser (249)
[2018.05.18-23.11.20:405][752]LogModuleManager: Shutting down and abandoning module TreeMap (247)
[2018.05.18-23.11.20:405][752]LogModuleManager: Shutting down and abandoning module LightPropagationVolumeRuntime (244)
[2018.05.18-23.11.20:405][752]LogModuleManager: Shutting down and abandoning module LiveLinkEditor (242)
[2018.05.18-23.11.20:406][752]LogModuleManager: Shutting down and abandoning module LiveLink (240)
[2018.05.18-23.11.20:532][752]LogModuleManager: Shutting down and abandoning module Paper2D (238)
[2018.05.18-23.11.20:532][752]LogModuleManager: Shutting down and abandoning module WindowsMoviePlayer (236)
[2018.05.18-23.11.20:532][752]LogModuleManager: Shutting down and abandoning module WmfMedia (234)
[2018.05.18-23.11.20:534][752]LogModuleManager: Shutting down and abandoning module Media (233)
[2018.05.18-23.11.20:540][752]LogModuleManager: Shutting down and abandoning module PacketHandler (230)
[2018.05.18-23.11.20:540][752]LogModuleManager: Shutting down and abandoning module ClothingSystemEditor (228)
[2018.05.18-23.11.20:541][752]LogModuleManager: Shutting down and abandoning module ClothingSystemRuntime (226)
[2018.05.18-23.11.20:541][752]LogModuleManager: Shutting down and abandoning module MediaAssets (224)
[2018.05.18-23.11.20:541][752]LogModuleManager: Shutting down and abandoning module Overlay (222)
[2018.05.18-23.11.20:541][752]LogModuleManager: Shutting down and abandoning module OverlayEditor (221)
[2018.05.18-23.11.20:541][752]LogModuleManager: Shutting down and abandoning module VREditor (218)
[2018.05.18-23.11.20:541][752]LogModuleManager: Shutting down and abandoning module StringTableEditor (216)
[2018.05.18-23.11.20:541][752]LogModuleManager: Shutting down and abandoning module GameplayTasksEditor (214)
[2018.05.18-23.11.20:541][752]LogModuleManager: Shutting down and abandoning module BehaviorTreeEditor (212)
[2018.05.18-23.11.20:541][752]LogModuleManager: Shutting down and abandoning module FunctionalTesting (210)
[2018.05.18-23.11.20:541][752]LogModuleManager: Shutting down and abandoning module CollisionAnalyzer (208)
[2018.05.18-23.11.20:541][752]LogModuleManager: Shutting down and abandoning module WorkspaceMenuStructure (207)
[2018.05.18-23.11.20:541][752]LogModuleManager: Shutting down and abandoning module UMG (204)
[2018.05.18-23.11.20:541][752]LogModuleManager: Shutting down and abandoning module UMGEditor (203)
[2018.05.18-23.11.20:541][752]LogModuleManager: Shutting down and abandoning module Sequencer (202)
[2018.05.18-23.11.20:542][752]LogModuleManager: Shutting down and abandoning module MessageLog (199)
[2018.05.18-23.11.20:542][752]LogModuleManager: Shutting down and abandoning module SlateReflector (194)
[2018.05.18-23.11.20:542][752]LogModuleManager: Shutting down and abandoning module Slate (192)
[2018.05.18-23.11.20:542][752]LogModuleManager: Shutting down and abandoning module EditorStyle (190)
[2018.05.18-23.11.20:545][752]LogModuleManager: Shutting down and abandoning module MRMesh (188)
[2018.05.18-23.11.20:545][752]LogModuleManager: Shutting down and abandoning module SourceCodeAccess (186)
[2018.05.18-23.11.20:545][752]LogModuleManager: Shutting down and abandoning module HeadMountedDisplay (184)
[2018.05.18-23.11.20:545][752]LogModuleManager: Shutting down and abandoning module XAudio2 (182)
[2018.05.18-23.11.20:546][752]LogModuleManager: Shutting down and abandoning module Networking (180)
[2018.05.18-23.11.20:546][752]LogModuleManager: Shutting down and abandoning module Core (178)
[2018.05.18-23.11.20:546][752]LogModuleManager: Shutting down and abandoning module LevelSequence (176)
[2018.05.18-23.11.20:546][752]LogModuleManager: Shutting down and abandoning module KismetCompiler (174)
[2018.05.18-23.11.20:546][752]LogModuleManager: Shutting down and abandoning module MeshUtilities (172)
[2018.05.18-23.11.20:546][752]LogModuleManager: Shutting down and abandoning module MeshMergeUtilities (171)
[2018.05.18-23.11.20:546][752]LogModuleManager: Shutting down and abandoning module MeshReductionInterface (170)
[2018.05.18-23.11.20:546][752]LogModuleManager: Shutting down and abandoning module SimplygonSwarm (169)
[2018.05.18-23.11.20:546][752]LogModuleManager: Shutting down and abandoning module SimplygonMeshReduction (167)
[2018.05.18-23.11.20:546][752]LogModuleManager: Shutting down and abandoning module QuadricMeshReduction (165)
[2018.05.18-23.11.20:546][752]LogModuleManager: Shutting down and abandoning module MaterialBaking (161)
[2018.05.18-23.11.20:546][752]LogModuleManager: Shutting down and abandoning module DirectoryWatcher (157)
[2018.05.18-23.11.20:547][752]LogModuleManager: Shutting down and abandoning module DerivedDataCache (154)
[2018.05.18-23.11.20:628][752]LogDerivedDataCache: Shutdown
[2018.05.18-23.11.20:629][752]LogModuleManager: Shutting down and abandoning module XGEController (152)
[2018.05.18-23.11.20:629][752]LogXGEController: Cleaning working directory: C:/Users/Game/AppData/Local/Temp/UnrealXGEWorkingDir/
[2018.05.18-23.11.20:629][752]LogModuleManager: Shutting down and abandoning module TargetPlatform (150)
[2018.05.18-23.11.20:629][752]LogModuleManager: Shutting down and abandoning module VulkanShaderFormat (149)
[2018.05.18-23.11.20:629][752]LogModuleManager: Shutting down and abandoning module ShaderFormatVectorVM (147)
[2018.05.18-23.11.20:629][752]LogModuleManager: Shutting down and abandoning module ShaderFormatOpenGL (145)
[2018.05.18-23.11.20:629][752]LogModuleManager: Shutting down and abandoning module ShaderFormatD3D (143)
[2018.05.18-23.11.20:629][752]LogModuleManager: Shutting down and abandoning module MetalShaderFormat (141)
[2018.05.18-23.11.20:629][752]LogModuleManager: Shutting down and abandoning module TextureFormatUncompressed (139)
[2018.05.18-23.11.20:629][752]LogModuleManager: Shutting down and abandoning module TextureFormatPVR (137)
[2018.05.18-23.11.20:629][752]LogModuleManager: Shutting down and abandoning module TextureFormatDXT (135)
[2018.05.18-23.11.20:629][752]LogModuleManager: Shutting down and abandoning module TextureFormatIntelISPCTexComp (133)
[2018.05.18-23.11.20:630][752]LogModuleManager: Shutting down and abandoning module TextureFormatASTC (131)
[2018.05.18-23.11.20:630][752]LogModuleManager: Shutting down and abandoning module ImageWrapper (130)
[2018.05.18-23.11.20:630][752]LogModuleManager: Shutting down and abandoning module TextureFormatAndroid (127)
[2018.05.18-23.11.20:630][752]LogModuleManager: Shutting down and abandoning module AudioFormatOpus (125)
[2018.05.18-23.11.20:630][752]LogModuleManager: Shutting down and abandoning module AudioFormatOgg (123)
[2018.05.18-23.11.20:630][752]LogModuleManager: Shutting down and abandoning module AudioFormatADPCM (121)
[2018.05.18-23.11.20:630][752]LogModuleManager: Shutting down and abandoning module LinuxTargetPlatform (119)
[2018.05.18-23.11.20:630][752]LogModuleManager: Shutting down and abandoning module LinuxServerTargetPlatform (117)
[2018.05.18-23.11.20:630][752]LogModuleManager: Shutting down and abandoning module LinuxNoEditorTargetPlatform (115)
[2018.05.18-23.11.20:630][752]LogModuleManager: Shutting down and abandoning module LinuxClientTargetPlatform (113)
[2018.05.18-23.11.20:630][752]LogModuleManager: Shutting down and abandoning module TVOSTargetPlatform (111)
[2018.05.18-23.11.20:630][752]LogModuleManager: Shutting down and abandoning module Messaging (109)
[2018.05.18-23.11.20:630][752]LogModuleManager: Shutting down and abandoning module IOSTargetPlatform (107)
[2018.05.18-23.11.20:630][752]LogModuleManager: Shutting down and abandoning module HTML5TargetPlatform (105)
[2018.05.18-23.11.20:630][752]LogModuleManager: Shutting down and abandoning module AndroidTargetPlatform (103)
[2018.05.18-23.11.20:630][752]LogModuleManager: Shutting down and abandoning module Android_PVRTCTargetPlatform (101)
[2018.05.18-23.11.20:630][752]LogModuleManager: Shutting down and abandoning module Android_MultiTargetPlatform (99)
[2018.05.18-23.11.20:630][752]LogModuleManager: Shutting down and abandoning module Android_ETC2TargetPlatform (97)
[2018.05.18-23.11.20:630][752]LogModuleManager: Shutting down and abandoning module Android_ETC1TargetPlatform (95)
[2018.05.18-23.11.20:630][752]LogModuleManager: Shutting down and abandoning module Android_ETC1aTargetPlatform (93)
[2018.05.18-23.11.20:630][752]LogModuleManager: Shutting down and abandoning module Android_DXTTargetPlatform (91)
[2018.05.18-23.11.20:631][752]LogModuleManager: Shutting down and abandoning module Android_ATCTargetPlatform (89)
[2018.05.18-23.11.20:631][752]LogModuleManager: Shutting down and abandoning module Android_ASTCTargetPlatform (87)
[2018.05.18-23.11.20:631][752]LogModuleManager: Shutting down and abandoning module WindowsTargetPlatform (85)
[2018.05.18-23.11.20:631][752]LogModuleManager: Shutting down and abandoning module WindowsServerTargetPlatform (83)
[2018.05.18-23.11.20:631][752]LogModuleManager: Shutting down and abandoning module WindowsNoEditorTargetPlatform (81)
[2018.05.18-23.11.20:631][752]LogModuleManager: Shutting down and abandoning module WindowsClientTargetPlatform (79)
[2018.05.18-23.11.20:631][752]LogModuleManager: Shutting down and abandoning module MacTargetPlatform (77)
[2018.05.18-23.11.20:631][752]LogModuleManager: Shutting down and abandoning module MacServerTargetPlatform (75)
[2018.05.18-23.11.20:631][752]LogModuleManager: Shutting down and abandoning module MacNoEditorTargetPlatform (73)
[2018.05.18-23.11.20:631][752]LogModuleManager: Shutting down and abandoning module MacClientTargetPlatform (71)
[2018.05.18-23.11.20:631][752]LogModuleManager: Shutting down and abandoning module AllDesktopTargetPlatform (69)
[2018.05.18-23.11.20:631][752]LogModuleManager: Shutting down and abandoning module InputCore (66)
[2018.05.18-23.11.20:631][752]LogModuleManager: Shutting down and abandoning module Settings (64)
[2018.05.18-23.11.20:631][752]LogModuleManager: Shutting down and abandoning module PhysXCooking (62)
[2018.05.18-23.11.20:631][752]LogModuleManager: Shutting down and abandoning module SteamVR (60)
[2018.05.18-23.11.20:631][752]LogModuleManager: Shutting down and abandoning module OculusHMD (58)
[2018.05.18-23.11.20:631][752]LogModuleManager: Shutting down and abandoning module ExampleDeviceProfileSelector (56)
[2018.05.18-23.11.20:631][752]LogModuleManager: Shutting down and abandoning module AppleARKit (54)
[2018.05.18-23.11.20:631][752]LogModuleManager: Shutting down and abandoning module AugmentedReality (51)
[2018.05.18-23.11.20:631][752]LogModuleManager: Shutting down and abandoning module OnlineBlueprintSupport (48)
[2018.05.18-23.11.20:631][752]LogModuleManager: Shutting down and abandoning module OnlineSubsystem (44)
[2018.05.18-23.11.20:631][752]LogModuleManager: Shutting down and abandoning module XMPP (43)
[2018.05.18-23.11.20:632][752]LogModuleManager: Shutting down and abandoning module HTTP (41)
[2018.05.18-23.11.20:632][752]LogHttp: Display: Http module shutting down, but needs to wait on 1 outstanding Http requests:
[2018.05.18-23.11.20:632][752]LogHttp: Display: 	verb=[POST] url=[https://datarouter.ol.epicgames.com/datarouter/api/v1/public/data?SessionID=%7B1FAA1BBE-46E9-1995-9824-D0B9ACFE1901%7D&AppID=UEEditor.Rocket.Release&AppVersion=4.19.1-3989454%2B%2B%2BUE4%2BRelease-4.19&UserID=20c06a4b48c976825684e79ff9fce01b%7Cbbef557723a146eda9497b3810ebdbea%7C551195f0-e47e-45d9-b9a9-c8c21b00246d&AppEnvironment=datacollector-binary&UploadType=eteventstream] status=Processing
[2018.05.18-23.11.20:648][752]LogModuleManager: Shutting down and abandoning module SSL (40)
[2018.05.18-23.11.20:651][752]LogModuleManager: Shutting down and abandoning module AnimationModifiers (36)
[2018.05.18-23.11.20:651][752]LogModuleManager: Shutting down and abandoning module PropertyEditor (35)
[2018.05.18-23.11.20:651][752]LogModuleManager: Shutting down and abandoning module AudioEditor (32)
[2018.05.18-23.11.20:651][752]LogModuleManager: Shutting down and abandoning module TextureCompressor (30)
[2018.05.18-23.11.20:652][752]LogModuleManager: Shutting down and abandoning module ShaderCore (28)
[2018.05.18-23.11.20:652][752]LogModuleManager: Shutting down and abandoning module Landscape (26)
[2018.05.18-23.11.20:652][752]LogModuleManager: Shutting down and abandoning module SlateRHIRenderer (24)
[2018.05.18-23.11.20:655][752]LogModuleManager: Shutting down and abandoning module OpenGLDrv (22)
[2018.05.18-23.11.20:655][752]LogModuleManager: Shutting down and abandoning module D3D11RHI (20)
[2018.05.18-23.11.20:655][752]LogModuleManager: Shutting down and abandoning module AnimGraphRuntime (18)
[2018.05.18-23.11.20:655][752]LogModuleManager: Shutting down and abandoning module Renderer (16)
[2018.05.18-23.11.20:655][752]LogModuleManager: Shutting down and abandoning module Engine (14)
[2018.05.18-23.11.20:655][752]LogModuleManager: Shutting down and abandoning module CoreUObject (12)
[2018.05.18-23.11.20:655][752]LogModuleManager: Shutting down and abandoning module NetworkFile (10)
[2018.05.18-23.11.20:655][752]LogModuleManager: Shutting down and abandoning module CookedIterativeFile (8)
[2018.05.18-23.11.20:655][752]LogModuleManager: Shutting down and abandoning module StreamingFile (6)
[2018.05.18-23.11.20:655][752]LogModuleManager: Shutting down and abandoning module SandboxFile (4)
[2018.05.18-23.11.20:655][752]LogModuleManager: Shutting down and abandoning module PakFile (2)
[2018.05.18-23.11.20:669][752]LogExit: Exiting.
[2018.05.18-23.11.20:700][752]Log file closed, 05/18/18 16:11:20
