Log file open, 04/13/18 09:57:42
LogWindows: Failed to load 'aqProf.dll' (GetLastError=126)
LogWindows: File 'aqProf.dll' does not exist
LogWindows: Failed to load 'VtuneApi.dll' (GetLastError=126)
LogWindows: File 'VtuneApi.dll' does not exist
LogWindows: Failed to load 'VtuneApi32e.dll' (GetLastError=126)
LogWindows: File 'VtuneApi32e.dll' does not exist
LogInit: Display: Running engine for game: moneymoneymoney
LogPlatformFile: Not using cached read wrapper
LogInit: Display: RandInit(-295417470) SRandInit(-295417470).
LogInit: Read version file with build ID '3944462'
LogInit: Overriding engine version to CL 3989454, compatible CL 3944462
LogInit: Registered custom module enumerator with build ID '3944462'
LogTaskGraph: Started task graph with 5 named threads and 23 total threads with 3 sets of task threads.
LogStats: Stats thread started at 0.263008
LogD3D11RHI: Aftermath initialized
LogICUInternationalization: Display: ICU TimeZone Detection - Raw Offset: -8:00, Platform Override: ''
LogModuleManager: Display: Found up-to-date module file ../../../Engine/Plugins/2D/Paper2D/Binaries/Win64/UE4Editor-Paper2D.dll (API version 3944462).
LogModuleManager: Display: Found up-to-date module file ../../../Engine/Plugins/2D/Paper2D/Binaries/Win64/UE4Editor-Paper2DEditor.dll (API version 3944462).
LogModuleManager: Display: Found up-to-date module file ../../../Engine/Plugins/2D/Paper2D/Binaries/Win64/UE4Editor-PaperSpriteSheetImporter.dll (API version 3944462).
LogModuleManager: Display: Found up-to-date module file ../../../Engine/Plugins/2D/Paper2D/Binaries/Win64/UE4Editor-PaperTiledImporter.dll (API version 3944462).
LogModuleManager: Display: Found up-to-date module file ../../../Engine/Plugins/2D/Paper2D/Binaries/Win64/UE4Editor-SmartSnapping.dll (API version 3944462).
LogModuleManager: Display: Found up-to-date module file ../../../Engine/Plugins/Blendables/LightPropagationVolume/Binaries/Win64/UE4Editor-LightPropagationVolumeRuntime.dll (API version 3944462).
LogModuleManager: Display: Found up-to-date module file ../../../Engine/Plugins/Blendables/LightPropagationVolume/Binaries/Win64/UE4Editor-LightPropagationVolumeEditor.dll (API version 3944462).
LogModuleManager: Display: Found up-to-date module file ../../../Engine/Plugins/Developer/CLionSourceCodeAccess/Binaries/Win64/UE4Editor-CLionSourceCodeAccess.dll (API version 3944462).
LogModuleManager: Display: Found up-to-date module file ../../../Engine/Plugins/Developer/GitSourceControl/Binaries/Win64/UE4Editor-GitSourceControl.dll (API version 3944462).
LogModuleManager: Display: Found up-to-date module file ../../../Engine/Plugins/Developer/PerforceSourceControl/Binaries/Win64/UE4Editor-PerforceSourceControl.dll (API version 3944462).
LogModuleManager: Display: Found up-to-date module file ../../../Engine/Plugins/Developer/SubversionSourceControl/Binaries/Win64/UE4Editor-SubversionSourceControl.dll (API version 3944462).
LogModuleManager: Display: Found up-to-date module file ../../../Engine/Plugins/Developer/UObjectPlugin/Binaries/Win64/UE4Editor-UObjectPlugin.dll (API version 3944462).
LogModuleManager: Display: Found up-to-date module file ../../../Engine/Plugins/Developer/VisualStudioCodeSourceCodeAccess/Binaries/Win64/UE4Editor-VisualStudioCodeSourceCodeAccess.dll (API version 3944462).
LogModuleManager: Display: Found up-to-date module file ../../../Engine/Plugins/Developer/VisualStudioSourceCodeAccess/Binaries/Win64/UE4Editor-VisualStudioSourceCodeAccess.dll (API version 3944462).
LogModuleManager: Display: Found up-to-date module file ../../../Engine/Plugins/Editor/AssetManagerEditor/Binaries/Win64/UE4Editor-AssetManagerEditor.dll (API version 3944462).
LogModuleManager: Display: Found up-to-date module file ../../../Engine/Plugins/Editor/CryptoKeys/Binaries/Win64/UE4Editor-CryptoKeys.dll (API version 3944462).
LogModuleManager: Display: Found up-to-date module file ../../../Engine/Plugins/Editor/CryptoKeys/Binaries/Win64/UE4Editor-CryptoKeysOpenSSL.dll (API version 3944462).
LogModuleManager: Display: Found up-to-date module file ../../../Engine/Plugins/Editor/DataValidation/Binaries/Win64/UE4Editor-DataValidation.dll (API version 3944462).
LogModuleManager: Display: Found up-to-date module file ../../../Engine/Plugins/Editor/FacialAnimation/Binaries/Win64/UE4Editor-FacialAnimation.dll (API version 3944462).
LogModuleManager: Display: Found up-to-date module file ../../../Engine/Plugins/Editor/FacialAnimation/Binaries/Win64/UE4Editor-FacialAnimationEditor.dll (API version 3944462).
LogModuleManager: Display: Found up-to-date module file ../../../Engine/Plugins/Editor/GameplayTagsEditor/Binaries/Win64/UE4Editor-GameplayTagsEditor.dll (API version 3944462).
LogModuleManager: Display: Found up-to-date module file ../../../Engine/Plugins/Editor/MobileLauncherProfileWizard/Binaries/Win64/UE4Editor-MobileLauncherProfileWizard.dll (API version 3944462).
LogModuleManager: Display: Found up-to-date module file ../../../Engine/Plugins/Editor/PluginBrowser/Binaries/Win64/UE4Editor-PluginBrowser.dll (API version 3944462).
LogModuleManager: Display: Found up-to-date module file ../../../Engine/Plugins/Editor/SpeedTreeImporter/Binaries/Win64/UE4Editor-SpeedTreeImporter.dll (API version 3944462).
LogModuleManager: Display: Found up-to-date module file ../../../Engine/Plugins/Enterprise/DatasmithContent/Binaries/Win64/UE4Editor-DatasmithContent.dll (API version 3944462).
LogModuleManager: Display: Found up-to-date module file ../../../Engine/Plugins/Experimental/AlembicImporter/Binaries/Win64/UE4Editor-AlembicImporter.dll (API version 3944462).
LogModuleManager: Display: Found up-to-date module file ../../../Engine/Plugins/Experimental/AlembicImporter/Binaries/Win64/UE4Editor-AlembicLibrary.dll (API version 3944462).
LogModuleManager: Display: Found up-to-date module file ../../../Engine/Plugins/Experimental/CharacterAI/Binaries/Win64/UE4Editor-CharacterAI.dll (API version 3944462).
LogModuleManager: Display: Found up-to-date module file ../../../Engine/Plugins/Experimental/HTML5Networking/Binaries/Win64/UE4Editor-HTML5Networking.dll (API version 3944462).
LogModuleManager: Display: Found up-to-date module file ../../../Engine/Plugins/Media/AndroidMedia/Binaries/Win64/UE4Editor-AndroidMediaEditor.dll (API version 3944462).
LogModuleManager: Display: Found up-to-date module file ../../../Engine/Plugins/Media/AndroidMedia/Binaries/Win64/UE4Editor-AndroidMediaFactory.dll (API version 3944462).
LogModuleManager: Display: Found up-to-date module file ../../../Engine/Plugins/Media/AvfMedia/Binaries/Win64/UE4Editor-AvfMediaEditor.dll (API version 3944462).
LogModuleManager: Display: Found up-to-date module file ../../../Engine/Plugins/Media/AvfMedia/Binaries/Win64/UE4Editor-AvfMediaFactory.dll (API version 3944462).
LogModuleManager: Display: Found up-to-date module file ../../../Engine/Plugins/Media/AvfMedia/Binaries/Win64/UE4Editor-AvfMediaFactory.dll (API version 3944462).
LogModuleManager: Display: Found up-to-date module file ../../../Engine/Plugins/Media/ImgMedia/Binaries/Win64/UE4Editor-ImgMedia.dll (API version 3944462).
LogModuleManager: Display: Found up-to-date module file ../../../Engine/Plugins/Media/ImgMedia/Binaries/Win64/UE4Editor-ImgMediaEditor.dll (API version 3944462).
LogModuleManager: Display: Found up-to-date module file ../../../Engine/Plugins/Media/ImgMedia/Binaries/Win64/UE4Editor-ImgMediaFactory.dll (API version 3944462).
LogModuleManager: Display: Found up-to-date module file ../../../Engine/Plugins/Media/ImgMedia/Binaries/Win64/UE4Editor-ImgMediaFactory.dll (API version 3944462).
LogModuleManager: Display: Found up-to-date module file ../../../Engine/Plugins/Media/ImgMedia/Binaries/Win64/UE4Editor-OpenExrWrapper.dll (API version 3944462).
LogModuleManager: Display: Found up-to-date module file ../../../Engine/Plugins/Media/LinearTimecode/Binaries/Win64/UE4Editor-LinearTimecode.dll (API version 3944462).
LogModuleManager: Display: Found up-to-date module file ../../../Engine/Plugins/Media/MediaCompositing/Binaries/Win64/UE4Editor-MediaCompositing.dll (API version 3944462).
LogModuleManager: Display: Found up-to-date module file ../../../Engine/Plugins/Media/MediaCompositing/Binaries/Win64/UE4Editor-MediaCompositingEditor.dll (API version 3944462).
LogModuleManager: Display: Found up-to-date module file ../../../Engine/Plugins/Media/MediaPlayerEditor/Binaries/Win64/UE4Editor-MediaPlayerEditor.dll (API version 3944462).
LogModuleManager: Display: Found up-to-date module file ../../../Engine/Plugins/Media/WmfMedia/Binaries/Win64/UE4Editor-WmfMedia.dll (API version 3944462).
LogModuleManager: Display: Found up-to-date module file ../../../Engine/Plugins/Media/WmfMedia/Binaries/Win64/UE4Editor-WmfMediaEditor.dll (API version 3944462).
LogModuleManager: Display: Found up-to-date module file ../../../Engine/Plugins/Media/WmfMedia/Binaries/Win64/UE4Editor-WmfMediaFactory.dll (API version 3944462).
LogModuleManager: Display: Found up-to-date module file ../../../Engine/Plugins/Media/WmfMedia/Binaries/Win64/UE4Editor-WmfMediaFactory.dll (API version 3944462).
LogModuleManager: Display: Found up-to-date module file ../../../Engine/Plugins/Messaging/TcpMessaging/Binaries/Win64/UE4Editor-TcpMessaging.dll (API version 3944462).
LogModuleManager: Display: Found up-to-date module file ../../../Engine/Plugins/Messaging/UdpMessaging/Binaries/Win64/UE4Editor-UdpMessaging.dll (API version 3944462).
LogModuleManager: Display: Found up-to-date module file ../../../Engine/Plugins/MovieScene/ActorSequence/Binaries/Win64/UE4Editor-ActorSequence.dll (API version 3944462).
LogModuleManager: Display: Found up-to-date module file ../../../Engine/Plugins/MovieScene/LevelSequenceEditor/Binaries/Win64/UE4Editor-LevelSequenceEditor.dll (API version 3944462).
LogModuleManager: Display: Found up-to-date module file ../../../Engine/Plugins/MovieScene/MatineeToLevelSequence/Binaries/Win64/UE4Editor-MatineeToLevelSequence.dll (API version 3944462).
LogModuleManager: Display: Found up-to-date module file ../../../Engine/Plugins/NetcodeUnitTest/NetcodeUnitTest/Binaries/Win64/UE4Editor-NetcodeUnitTest.dll (API version 3944462).
LogModuleManager: Display: Found up-to-date module file ../../../Engine/Plugins/NetcodeUnitTest/NUTUnrealEngine4/Binaries/Win64/UE4Editor-NUTUnrealEngine4.dll (API version 3944462).
LogModuleManager: Display: Found up-to-date module file ../../../Engine/Plugins/Online/OnlineSubsystem/Binaries/Win64/UE4Editor-OnlineSubsystem.dll (API version 3944462).
LogModuleManager: Display: Found up-to-date module file ../../../Engine/Plugins/Runtime/AndroidPermission/Binaries/Win64/UE4Editor-AndroidPermission.dll (API version 3944462).
LogModuleManager: Display: Found up-to-date module file ../../../Engine/Plugins/Online/OnlineSubsystemNull/Binaries/Win64/UE4Editor-OnlineSubsystemNull.dll (API version 3944462).
LogModuleManager: Display: Found up-to-date module file ../../../Engine/Plugins/Online/OnlineSubsystemUtils/Binaries/Win64/UE4Editor-OnlineSubsystemUtils.dll (API version 3944462).
LogModuleManager: Display: Found up-to-date module file ../../../Engine/Plugins/Online/OnlineSubsystemUtils/Binaries/Win64/UE4Editor-OnlineBlueprintSupport.dll (API version 3944462).
LogModuleManager: Display: Found up-to-date module file ../../../Engine/Plugins/Runtime/AndroidDeviceProfileSelector/Binaries/Win64/UE4Editor-AndroidDeviceProfileSelector.dll (API version 3944462).
LogModuleManager: Display: Found up-to-date module file ../../../Engine/Plugins/Runtime/AppleARKit/Binaries/Win64/UE4Editor-AppleARKit.dll (API version 3944462).
LogModuleManager: Display: Found up-to-date module file ../../../Engine/Plugins/Runtime/ProceduralMeshComponent/Binaries/Win64/UE4Editor-ProceduralMeshComponent.dll (API version 3944462).
LogModuleManager: Display: Found up-to-date module file ../../../Engine/Plugins/Runtime/ProceduralMeshComponent/Binaries/Win64/UE4Editor-ProceduralMeshComponentEditor.dll (API version 3944462).
LogModuleManager: Display: Found up-to-date module file ../../../Engine/Plugins/Animation/LiveLink/Binaries/Win64/UE4Editor-LiveLink.dll (API version 3944462).
LogModuleManager: Display: Found up-to-date module file ../../../Engine/Plugins/Animation/LiveLink/Binaries/Win64/UE4Editor-LiveLinkEditor.dll (API version 3944462).
LogModuleManager: Display: Found up-to-date module file ../../../Engine/Plugins/Runtime/ArchVisCharacter/Binaries/Win64/UE4Editor-ArchVisCharacter.dll (API version 3944462).
LogModuleManager: Display: Found up-to-date module file ../../../Engine/Plugins/Runtime/AudioCapture/Binaries/Win64/UE4Editor-AudioCapture.dll (API version 3944462).
LogModuleManager: Display: Found up-to-date module file ../../../Engine/Plugins/Runtime/AudioCapture/Binaries/Win64/UE4Editor-AudioCaptureEditor.dll (API version 3944462).
LogModuleManager: Display: Found up-to-date module file ../../../Engine/Plugins/Runtime/CableComponent/Binaries/Win64/UE4Editor-CableComponent.dll (API version 3944462).
LogModuleManager: Display: Found up-to-date module file ../../../Engine/Plugins/Runtime/CustomMeshComponent/Binaries/Win64/UE4Editor-CustomMeshComponent.dll (API version 3944462).
LogModuleManager: Display: Found up-to-date module file ../../../Engine/Plugins/Runtime/ExampleDeviceProfileSelector/Binaries/Win64/UE4Editor-ExampleDeviceProfileSelector.dll (API version 3944462).
LogModuleManager: Display: Found up-to-date module file ../../../Engine/Plugins/Runtime/ImmediatePhysics/Binaries/Win64/UE4Editor-ImmediatePhysics.dll (API version 3944462).
LogModuleManager: Display: Found up-to-date module file ../../../Engine/Plugins/Runtime/ImmediatePhysics/Binaries/Win64/UE4Editor-ImmediatePhysicsEditor.dll (API version 3944462).
LogModuleManager: Display: Found up-to-date module file ../../../Engine/Plugins/Runtime/LocationServicesBPLibrary/Binaries/Win64/UE4Editor-LocationServicesBPLibrary.dll (API version 3944462).
LogModuleManager: Display: Found up-to-date module file ../../../Engine/Plugins/Runtime/MobilePatchingUtils/Binaries/Win64/UE4Editor-MobilePatchingUtils.dll (API version 3944462).
LogModuleManager: Display: Found up-to-date module file ../../../Engine/Plugins/Runtime/Oculus/OculusVR/Binaries/Win64/UE4Editor-OculusHMD.dll (API version 3944462).
LogModuleManager: Display: Found up-to-date module file ../../../Engine/Plugins/Runtime/Oculus/OculusVR/Binaries/Win64/UE4Editor-OculusInput.dll (API version 3944462).
LogModuleManager: Display: Found up-to-date module file ../../../Engine/Plugins/Runtime/Oculus/OculusVR/Binaries/Win64/UE4Editor-OculusEditor.dll (API version 3944462).
LogModuleManager: Display: Found up-to-date module file ../../../Engine/Plugins/Runtime/PhysXVehicles/Binaries/Win64/UE4Editor-PhysXVehicles.dll (API version 3944462).
LogModuleManager: Display: Found up-to-date module file ../../../Engine/Plugins/Runtime/PhysXVehicles/Binaries/Win64/UE4Editor-PhysXVehiclesEditor.dll (API version 3944462).
LogModuleManager: Display: Found up-to-date module file ../../../Engine/Plugins/Runtime/RuntimePhysXCooking/Binaries/Win64/UE4Editor-RuntimePhysXCooking.dll (API version 3944462).
LogModuleManager: Display: Found up-to-date module file ../../../Engine/Plugins/Runtime/Steam/SteamVR/Binaries/Win64/UE4Editor-SteamVR.dll (API version 3944462).
LogModuleManager: Display: Found up-to-date module file ../../../Engine/Plugins/Runtime/Steam/SteamVR/Binaries/Win64/UE4Editor-SteamVRController.dll (API version 3944462).
LogModuleManager: Display: Found up-to-date module file ../../../Engine/Plugins/Runtime/WindowsMoviePlayer/Binaries/Win64/UE4Editor-WindowsMoviePlayer.dll (API version 3944462).
LogPluginManager: Mounting plugin Paper2D
LogPluginManager: Mounting plugin LiveLink
LogPluginManager: Mounting plugin LightPropagationVolume
LogPluginManager: Mounting plugin CLionSourceCodeAccess
LogPluginManager: Mounting plugin CodeLiteSourceCodeAccess
LogPluginManager: Mounting plugin GitSourceControl
LogPluginManager: Mounting plugin KDevelopSourceCodeAccess
LogPluginManager: Mounting plugin NullSourceCodeAccess
LogPluginManager: Mounting plugin PerforceSourceControl
LogPluginManager: Mounting plugin SubversionSourceControl
LogPluginManager: Mounting plugin UObjectPlugin
LogPluginManager: Mounting plugin VisualStudioCodeSourceCodeAccess
LogPluginManager: Mounting plugin VisualStudioSourceCodeAccess
LogPluginManager: Mounting plugin XCodeSourceCodeAccess
LogPluginManager: Mounting plugin AssetManagerEditor
LogPluginManager: Mounting plugin CryptoKeys
LogPluginManager: Mounting plugin DataValidation
LogPluginManager: Mounting plugin FacialAnimation
LogPluginManager: Mounting plugin GameplayTagsEditor
LogPluginManager: Mounting plugin MobileLauncherProfileWizard
LogPluginManager: Mounting plugin PluginBrowser
LogPluginManager: Mounting plugin SpeedTreeImporter
LogPluginManager: Mounting plugin DatasmithContent
LogPluginManager: Mounting plugin AlembicImporter
LogPluginManager: Mounting plugin CharacterAI
LogPluginManager: Mounting plugin HTML5Networking
LogPluginManager: Mounting plugin AndroidMedia
LogPluginManager: Mounting plugin AvfMedia
LogPluginManager: Mounting plugin ImgMedia
LogPluginManager: Mounting plugin LinearTimecode
LogPluginManager: Mounting plugin MediaCompositing
LogPluginManager: Mounting plugin MediaPlayerEditor
LogPluginManager: Mounting plugin WmfMedia
LogPluginManager: Mounting plugin TcpMessaging
LogPluginManager: Mounting plugin UdpMessaging
LogPluginManager: Mounting plugin ActorSequence
LogPluginManager: Mounting plugin LevelSequenceEditor
LogPluginManager: Mounting plugin MatineeToLevelSequence
LogPluginManager: Mounting plugin NetcodeUnitTest
LogPluginManager: Mounting plugin NUTUnrealEngine4
LogPluginManager: Mounting plugin OnlineSubsystemGooglePlay
LogPluginManager: Mounting plugin OnlineSubsystemIOS
LogPluginManager: Mounting plugin OnlineSubsystem
LogPluginManager: Mounting plugin OnlineSubsystemNull
LogPluginManager: Mounting plugin OnlineSubsystemUtils
LogPluginManager: Mounting plugin AndroidDeviceProfileSelector
LogPluginManager: Mounting plugin AndroidMoviePlayer
LogPluginManager: Mounting plugin AndroidPermission
LogPluginManager: Mounting plugin AppleARKit
LogPluginManager: Mounting plugin AppleMoviePlayer
LogPluginManager: Mounting plugin ArchVisCharacter
LogPluginManager: Mounting plugin AudioCapture
LogPluginManager: Mounting plugin CableComponent
LogPluginManager: Mounting plugin CustomMeshComponent
LogPluginManager: Mounting plugin ExampleDeviceProfileSelector
LogPluginManager: Mounting plugin GoogleCloudMessaging
LogPluginManager: Mounting plugin ImmediatePhysics
LogPluginManager: Mounting plugin IOSDeviceProfileSelector
LogPluginManager: Mounting plugin LinuxDeviceProfileSelector
LogPluginManager: Mounting plugin LocationServicesBPLibrary
LogPluginManager: Mounting plugin MobilePatchingUtils
LogPluginManager: Mounting plugin OculusVR
LogPluginManager: Plugin shader directory ../../../Engine/Plugins/Runtime/Oculus/OculusVR/Shaders found
LogPluginManager: Mapping shader source directory ../../../Engine/Plugins/Runtime/Oculus/OculusVR/Shaders to virtual directory /Plugin/OculusVR
LogPluginManager: Mounting plugin PhysXVehicles
LogPluginManager: Mounting plugin ProceduralMeshComponent
LogPluginManager: Mounting plugin RuntimePhysXCooking
LogPluginManager: Mounting plugin SteamVR
LogPluginManager: Mounting plugin WindowsMoviePlayer
LogStreaming: Display: Took  0.756s to configure plugins.
LogInit: Using libcurl 7.47.1
LogInit:  - built for x86_64-pc-win32
LogInit:  - supports SSL with OpenSSL/1.0.2g
LogInit:  - supports HTTP deflate (compression) using libz 1.2.8
LogInit:  - other features:
LogInit:      CURL_VERSION_SSL
LogInit:      CURL_VERSION_LIBZ
LogInit:      CURL_VERSION_IPV6
LogInit:      CURL_VERSION_ASYNCHDNS
LogInit:      CURL_VERSION_LARGEFILE
LogInit:      CURL_VERSION_IDN
LogInit:  CurlRequestOptions (configurable via config and command line):
LogInit:  - bVerifyPeer = false  - Libcurl will NOT verify peer certificate
LogInit:  - bUseHttpProxy = false  - Libcurl will NOT use HTTP proxy
LogInit:  - bDontReuseConnections = false  - Libcurl will reuse connections
LogInit:  - CertBundlePath = nullptr  - Libcurl will use whatever was configured at build time.
LogInit:  - MaxHostConnections = 16  - Libcurl will limit the number of connections to a host
LogInit:  - LocalHostAddr = Default
LogInit: WinSock: version 1.1 (2.2), MaxSocks=32767, MaxUdp=65467
LogInit: WinSock: I am Whit-Mac-B19 (10.1.180.180:0)
LogInit: Build: ++UE4+Release-4.19-CL-3989454
LogInit: Engine Version: 4.19.1-3989454+++UE4+Release-4.19
LogInit: Compatible Engine Version: 4.19.0-3944462+++UE4+Release-4.19
LogInit: Net CL: 3944462
LogDevObjectVersion: Number of dev versions registered: 18
LogDevObjectVersion:   Dev-Blueprints (B0D832E4-1F89-4F0D-ACCF-7EB736FD4AA2): 10
LogDevObjectVersion:   Dev-Build (E1C64328-A22C-4D53-A36C-8E866417BD8C): 0
LogDevObjectVersion:   Dev-Core (375EC13C-06E4-48FB-B500-84F0262A717E): 2
LogDevObjectVersion:   Dev-Editor (E4B068ED-F494-42E9-A231-DA0B2E46BB41): 23
LogDevObjectVersion:   Dev-Framework (CFFC743F-43B0-4480-9391-14DF171D2073): 33
LogDevObjectVersion:   Dev-Mobile (B02B49B5-BB20-44E9-A304-32B752E40360): 2
LogDevObjectVersion:   Dev-Networking (A4E4105C-59A1-49B5-A7C5-40C4547EDFEE): 0
LogDevObjectVersion:   Dev-Online (39C831C9-5AE6-47DC-9A44-9C173E1C8E7C): 0
LogDevObjectVersion:   Dev-Physics (78F01B33-EBEA-4F98-B9B4-84EACCB95AA2): 0
LogDevObjectVersion:   Dev-Platform (6631380F-2D4D-43E0-8009-CF276956A95A): 0
LogDevObjectVersion:   Dev-Rendering (12F88B9F-8875-4AFC-A67C-D90C383ABD29): 25
LogDevObjectVersion:   Dev-Sequencer (7B5AE74C-D270-4C10-A958-57980B212A5A): 6
LogDevObjectVersion:   Dev-VR (D7296918-1DD6-4BDD-9DE2-64A83CC13884): 1
LogDevObjectVersion:   Dev-LoadTimes (C2A15278-BFE7-4AFE-6C17-90FF531DF755): 1
LogDevObjectVersion:   Private-Geometry (6EACA3D4-40EC-4CC1-B786-8BED09428FC5): 2
LogDevObjectVersion:   Dev-AnimPhys (29E575DD-E0A3-4627-9D10-D276232CDCEA): 16
LogDevObjectVersion:   Dev-ReflectionCapture (6B266CEC-1EC7-4B8F-A30B-E4D90942FC07): 1
LogDevObjectVersion:   Dev-Automation (0DF73D61-A23F-47EA-B727-89E90C41499A): 1
LogInit: Compiled (64-bit): Apr  6 2018 12:26:04
LogInit: Compiled with Visual C++: 19.00.24215.01
LogInit: Build Configuration: Development
LogInit: Branch Name: ++UE4+Release-4.19
LogInit: Command Line:  
LogInit: Base Directory: C:/Program Files/Epic Games/UE_4.19/Engine/Binaries/Win64/
LogInit: Installed Engine Build: 1
LogStreaming: Display: Took  0.000s to delete old logs.
LogInit: Presizing for max 8388607 objects, including 0 objects not considered by GC, pre-allocating 0 bytes for permanent pool.
LogInit: Object subsystem initialized
[2018.04.13-16.57.43:697][  0]LogInit: Selected Device Profile: [Windows]
[2018.04.13-16.57.43:697][  0]LogInit: Applying CVar settings loaded from the selected device profile: [Windows]
[2018.04.13-16.57.43:723][  0]LogInit: Computer: WHIT-MAC-B19
[2018.04.13-16.57.43:723][  0]LogInit: User: Game
[2018.04.13-16.57.43:723][  0]LogInit: CPU Page size=4096, Cores=4
[2018.04.13-16.57.43:723][  0]LogInit: High frequency timer resolution =3.410073 MHz
[2018.04.13-16.57.43:723][  0]LogMemory: Memory total: Physical=15.9GB (16GB approx)
[2018.04.13-16.57.43:723][  0]LogMemory: Platform Memory Stats for Windows
[2018.04.13-16.57.43:723][  0]LogMemory: Process Physical Memory: 274.96 MB used, 274.96 MB peak
[2018.04.13-16.57.43:723][  0]LogMemory: Process Virtual Memory: 264.70 MB used, 264.70 MB peak
[2018.04.13-16.57.43:723][  0]LogMemory: Physical Memory: 4140.77 MB used,  12159.62 MB free, 16300.39 MB total
[2018.04.13-16.57.43:723][  0]LogMemory: Virtual Memory: 697.59 MB used,  12159.62 MB free, 134217728.00 MB total
[2018.04.13-16.57.43:744][  0]LogInit: Using OS detected language (en-US).
[2018.04.13-16.57.43:744][  0]LogInit: Using OS detected locale (en-US).
[2018.04.13-16.57.43:747][  0]LogTextLocalizationManager: No specific localization for 'en-US' exists, so the 'en' localization will be used.
[2018.04.13-16.57.44:196][  0]LogStreaming: Display: Took  0.452s to EndInitTextLocalization.
[2018.04.13-16.57.44:196][  0]LogInit: Setting process to per monitor DPI aware
[2018.04.13-16.57.44:229][  0]LogSlate: New Slate User Created.  User Index 0, Is Virtual User: 0
[2018.04.13-16.57.44:229][  0]LogSlate: Slate User Registered.  User Index 0, Is Virtual User: 0
[2018.04.13-16.57.44:407][  0]LogD3D11RHI: D3D11 adapters:
[2018.04.13-16.57.44:471][  0]LogD3D11RHI:    0. 'NVIDIA GeForce GTX 1080' (Feature Level 11_0)
[2018.04.13-16.57.44:471][  0]LogD3D11RHI:       8086/0/8150 MB DedicatedVideo/DedicatedSystem/SharedSystem, Outputs:1, VendorId:0x10de
[2018.04.13-16.57.44:474][  0]LogD3D11RHI:    1. 'Microsoft Basic Render Driver' (Feature Level 11_0)
[2018.04.13-16.57.44:474][  0]LogD3D11RHI:       0/0/8150 MB DedicatedVideo/DedicatedSystem/SharedSystem, Outputs:0, VendorId:0x1414
[2018.04.13-16.57.44:474][  0]LogD3D11RHI: Chosen D3D11 Adapter: 0
[2018.04.13-16.57.44:479][  0]LogD3D11RHI: Creating new Direct3DDevice
[2018.04.13-16.57.44:479][  0]LogD3D11RHI:     GPU DeviceId: 0x1b80 (for the marketing name, search the web for "GPU Device Id")
[2018.04.13-16.57.44:479][  0]LogWindows: EnumDisplayDevices:
[2018.04.13-16.57.44:479][  0]LogWindows:    0. 'NVIDIA GeForce GTX 1080' (P:1 D:1)
[2018.04.13-16.57.44:480][  0]LogWindows:    1. 'NVIDIA GeForce GTX 1080' (P:0 D:0)
[2018.04.13-16.57.44:480][  0]LogWindows:    2. 'NVIDIA GeForce GTX 1080' (P:0 D:0)
[2018.04.13-16.57.44:480][  0]LogWindows:    3. 'NVIDIA GeForce GTX 1080' (P:0 D:0)
[2018.04.13-16.57.44:480][  0]LogWindows: DebugString: GetVideoDriverDetailsInvalid PrimaryIsNotTheChoosenAdapter GetVideoDriverDetailsInvalid PrimaryIsNotTheChoosenAdapter GetVideoDriverDetailsInvalid PrimaryIsNotTheChoosenAdapter GetVideoDriverDetailsInvalid PrimaryIsNotTheChoosenAdapter FoundDriverCount:0 
[2018.04.13-16.57.44:480][  0]LogD3D11RHI:     Adapter Name: NVIDIA GeForce GTX 1080
[2018.04.13-16.57.44:480][  0]LogD3D11RHI:   Driver Version: Unknown (internal:Unknown, unified:Unknown)
[2018.04.13-16.57.44:480][  0]LogD3D11RHI:      Driver Date: Unknown
[2018.04.13-16.57.44:480][  0]LogRHI: Texture pool is 5660 MB (70% of 8086 MB)
[2018.04.13-16.57.44:515][  0]LogD3D11RHI: [Aftermath] Aftermath enabled but failed to initialize
[2018.04.13-16.57.44:515][  0]LogD3D11RHI: [Aftermath] Aftermath enabled and primed
[2018.04.13-16.57.44:515][  0]LogD3D11RHI: Async texture creation enabled
[2018.04.13-16.57.44:529][  0]LogD3D11RHI: GPU Timing Frequency: 1000.000000 (Debug: 2 1)
[2018.04.13-16.57.44:571][  0]LogShaderCompilers: Guid format shader working directory is -1 characters bigger than the processId version (E:/GameDesGithub/Eggspository/moneymoneymoney/Intermediate/Shaders/WorkingDirectory/11988/).
[2018.04.13-16.57.44:571][  0]LogShaderCompilers: Cleaned the shader compiler working directory 'C:/Users/Game/AppData/Local/Temp/UnrealShaderWorkingDir/F73125A54690179D5B86348FA04E30F6/'.
[2018.04.13-16.57.44:813][  0]LogTemp: Display: Loaded TP AllDesktopTargetPlatform
[2018.04.13-16.57.44:825][  0]LogTemp: Display: Loaded TP MacClientTargetPlatform
[2018.04.13-16.57.44:837][  0]LogTemp: Display: Loaded TP MacNoEditorTargetPlatform
[2018.04.13-16.57.44:849][  0]LogTemp: Display: Loaded TP MacServerTargetPlatform
[2018.04.13-16.57.44:861][  0]LogTemp: Display: Loaded TP MacTargetPlatform
[2018.04.13-16.57.44:874][  0]LogTemp: Display: Loaded TP WindowsClientTargetPlatform
[2018.04.13-16.57.44:886][  0]LogTemp: Display: Loaded TP WindowsNoEditorTargetPlatform
[2018.04.13-16.57.44:898][  0]LogTemp: Display: Loaded TP WindowsServerTargetPlatform
[2018.04.13-16.57.44:903][  0]LogTemp: Display: Loaded TP WindowsTargetPlatform
[2018.04.13-16.57.44:914][  0]LogTemp: Display: Loaded TP Android_ASTCTargetPlatform
[2018.04.13-16.57.44:925][  0]LogTemp: Display: Loaded TP Android_ATCTargetPlatform
[2018.04.13-16.57.44:936][  0]LogTemp: Display: Loaded TP Android_DXTTargetPlatform
[2018.04.13-16.57.44:946][  0]LogTemp: Display: Loaded TP Android_ETC1aTargetPlatform
[2018.04.13-16.57.44:957][  0]LogTemp: Display: Loaded TP Android_ETC1TargetPlatform
[2018.04.13-16.57.44:968][  0]LogTemp: Display: Loaded TP Android_ETC2TargetPlatform
[2018.04.13-16.57.44:990][  0]LogTemp: Display: Loaded TP Android_MultiTargetPlatform
[2018.04.13-16.57.44:990][  0]LogTemp: Display: Loaded TP Android_PVRTCTargetPlatform
[2018.04.13-16.57.45:001][  0]LogTemp: Display: Loaded TP AndroidTargetPlatform
[2018.04.13-16.57.45:002][  0]LogTemp: Display: Loaded TP HTML5TargetPlatform
[2018.04.13-16.57.45:038][  0]LogTemp: Display: Loaded TP IOSTargetPlatform
[2018.04.13-16.57.45:067][  0]LogTemp: Display: Loaded TP TVOSTargetPlatform
[2018.04.13-16.57.45:078][  0]LogTemp: Display: Loaded TP LinuxClientTargetPlatform
[2018.04.13-16.57.45:089][  0]LogTemp: Display: Loaded TP LinuxNoEditorTargetPlatform
[2018.04.13-16.57.45:100][  0]LogTemp: Display: Loaded TP LinuxServerTargetPlatform
[2018.04.13-16.57.45:111][  0]LogTemp: Display: Loaded TP LinuxTargetPlatform
[2018.04.13-16.57.45:111][  0]LogTargetPlatformManager: Display: Building Assets For Windows
[2018.04.13-16.57.45:199][  0]LogXGEController: Cleaning working directory: C:/Users/Game/AppData/Local/Temp/UnrealXGEWorkingDir/
[2018.04.13-16.57.45:199][  0]LogXGEController: Cannot use XGE Controller as Incredibuild is not installed on this machine.
[2018.04.13-16.57.45:199][  0]LogShaderCompilers: Cannot use XGE Shader Compiler as Incredibuild is not installed on this machine.
[2018.04.13-16.57.45:199][  0]LogShaderCompilers: Display: Using Local Shader Compiler.
[2018.04.13-16.57.45:909][  0]LogDerivedDataCache: Display: Max Cache Size: 512 MB
[2018.04.13-16.57.45:987][  0]LogDerivedDataCache: Loaded boot cache 0.08s 74MB C:/Users/Game/AppData/Local/UnrealEngine/4.19/DerivedDataCache/Boot.ddc.
[2018.04.13-16.57.45:987][  0]LogDerivedDataCache: Display: Loaded Boot cache: C:/Users/Game/AppData/Local/UnrealEngine/4.19/DerivedDataCache/Boot.ddc
[2018.04.13-16.57.45:987][  0]LogDerivedDataCache: FDerivedDataBackendGraph:  Pak pak cache file E:/GameDesGithub/Eggspository/moneymoneymoney/DerivedDataCache/DDC.ddp not found, will not use a pak cache.
[2018.04.13-16.57.45:987][  0]LogDerivedDataCache: Unable to find inner node Pak for hierarchical cache Hierarchy.
[2018.04.13-16.57.45:987][  0]LogDerivedDataCache: FDerivedDataBackendGraph:  CompressedPak pak cache file E:/GameDesGithub/Eggspository/moneymoneymoney/DerivedDataCache/Compressed.ddp not found, will not use a pak cache.
[2018.04.13-16.57.45:987][  0]LogDerivedDataCache: Unable to find inner node CompressedPak for hierarchical cache Hierarchy.
[2018.04.13-16.57.46:003][  0]LogDerivedDataCache: Display: Pak cache opened for reading ../../../Engine/DerivedDataCache/Compressed.ddp.
[2018.04.13-16.57.46:016][  0]LogDerivedDataCache: Using Local data cache path C:/Users/Game/AppData/Local/UnrealEngine/Common/DerivedDataCache: Writable
[2018.04.13-16.57.46:027][  0]LogMaterial: Verifying Global Shaders for PCD3D_SM5
[2018.04.13-16.57.46:028][  0]LogSlate: Using Freetype 2.6.0
[2018.04.13-16.57.46:028][  0]LogSlate: SlateFontCache - WITH_FREETYPE: 1, WITH_HARFBUZZ: 1
[2018.04.13-16.57.46:028][  0]LogSlate: SlateFontCache - WITH_FREETYPE: 1, WITH_HARFBUZZ: 1
[2018.04.13-16.57.46:146][  0]LogAssetRegistry: FAssetRegistry took 0.0261 seconds to start up
[2018.04.13-16.57.46:488][  0]LogInit: Selected Device Profile: [Windows]
[2018.04.13-16.57.46:626][  0]LogSimplygon: Simplygon DLL not present - disabling.
[2018.04.13-16.57.46:629][  0]LogMeshReduction: Using SimplygonSwarm for distributed automatic mesh merging
[2018.04.13-16.57.46:629][  0]LogMeshReduction: Using QuadricMeshReduction for automatic static mesh reduction
[2018.04.13-16.57.46:629][  0]LogMeshReduction: No automatic skeletal mesh reduction module available
[2018.04.13-16.57.46:629][  0]LogMeshReduction: No automatic mesh merging module available
[2018.04.13-16.57.46:629][  0]LogMeshMerging: No automatic mesh merging module available
[2018.04.13-16.57.46:655][  0]LogNetVersion: moneymoneymoney , NetCL: 3944462, EngineNetVer: 2, GameNetVer: 0 (Checksum: 958272539)
[2018.04.13-16.57.47:048][  0]LogPackageLocalizationCache: Processed 9 localized package path(s) for 2 prioritized culture(s) in 0.056476 seconds
[2018.04.13-16.57.47:054][  0]LogUObjectArray: 36728 objects as part of root set at end of initial load.
[2018.04.13-16.57.47:054][  0]LogUObjectAllocator: 7314312 out of 0 bytes used by permanent object pool.
[2018.04.13-16.57.47:054][  0]LogUObjectArray: CloseDisregardForGC: 0/0 objects in disregard for GC pool
[2018.04.13-16.57.48:500][  0]LogTcpMessaging: Initializing TcpMessaging bridge
[2018.04.13-16.57.48:526][  0]LogUdpMessaging: Initializing bridge on interface 0.0.0.0:0 to multicast group 230.0.0.1:6666.
[2018.04.13-16.57.48:866][  0]SourceControl: Source control is disabled
[2018.04.13-16.57.48:867][  0]LogWindows: Warning: CreateProc failed: The system cannot find the file specified. (0x00000002)
[2018.04.13-16.57.48:867][  0]LogWindows: Warning: URL: E:\Game Desinged\Git\bin\git.exe version
[2018.04.13-16.57.48:880][  0]LogWindows: Warning: CreateProc failed: The system cannot find the file specified. (0x00000002)
[2018.04.13-16.57.48:880][  0]LogWindows: Warning: URL: E:\Game Desinged\Git\bin\git.exe version
[2018.04.13-16.57.48:892][  0]LogWindows: Warning: CreateProc failed: The system cannot find the file specified. (0x00000002)
[2018.04.13-16.57.48:892][  0]LogWindows: Warning: URL: E:\Game Desinged\Git\bin\git.exe version
[2018.04.13-16.57.49:350][  0]LogAndroidPermission: UAndroidPermissionCallbackProxy::GetInstance
[2018.04.13-16.57.49:485][  0]LogOcInput: OculusInput pre-init called
[2018.04.13-16.57.49:593][  0]LogEngine: Initializing Engine...
[2018.04.13-16.57.49:594][  0]LogHMD: Failed to initialize OpenVR with code 110
[2018.04.13-16.57.49:595][  0]LogStats: UGameplayTagsManager::ConstructGameplayTagTree: Construct from data asset -  0.000 s
[2018.04.13-16.57.49:595][  0]LogStats: UGameplayTagsManager::ConstructGameplayTagTree: GameplayTagTreeChangedEvent.Broadcast -  0.000 s
[2018.04.13-16.57.49:849][  0]LogAIModule: Creating AISystem for world Untitled
[2018.04.13-16.57.49:933][  0]LogInit: XAudio2 using 'Speakers (Realtek High Definition Audio)' : 2 channels at 48 kHz using 32 bits per sample (channel mask 0x3)
[2018.04.13-16.57.49:992][  0]LogInit: FAudioDevice initialized.
[2018.04.13-16.57.50:067][  0]LogDerivedDataCache: Saved boot cache 0.07s 74MB C:/Users/Game/AppData/Local/UnrealEngine/4.19/DerivedDataCache/Boot.ddc.
[2018.04.13-16.57.50:086][  0]LogInit: Texture streaming: Enabled
[2018.04.13-16.57.50:101][  0]LogEngineSessionManager: EngineSessionManager initialized
[2018.04.13-16.57.50:113][  0]LogInit: Transaction tracking system initialized
[2018.04.13-16.57.50:132][  0]BlueprintLog: New page: Editor Load
[2018.04.13-16.57.50:218][  0]LocalizationService: Localization service is disabled
[2018.04.13-16.57.50:320][  0]LogConsoleResponse: Display: 
[2018.04.13-16.57.50:501][  0]LogCook: Display: Max memory allowance for cook 16384mb min free memory 0mb
[2018.04.13-16.57.50:501][  0]LogCook: Display: Mobile HDR setting 1
[2018.04.13-16.57.50:501][  0]LogGameplayTags: Display: UGameplayTagsManager::DoneAddingNativeTags. DelegateIsBound: 0
[2018.04.13-16.57.50:501][  0]LogStats: UGameplayTagsManager::ConstructGameplayTagTree: Construct from data asset -  0.000 s
[2018.04.13-16.57.50:501][  0]LogStats: UGameplayTagsManager::ConstructGameplayTagTree: GameplayTagTreeChangedEvent.Broadcast -  0.000 s
[2018.04.13-16.57.50:805][  0]LogFileCache: Scanning file cache for directory 'E:/GameDesGithub/Eggspository/moneymoneymoney/Content/' took 0.01s
[2018.04.13-16.57.50:805][  0]LogWindows: Warning: CreateProc failed: The system cannot find the file specified. (0x00000002)
[2018.04.13-16.57.50:805][  0]LogWindows: Warning: URL: E:\Game Desinged\Git\bin\git.exe version
[2018.04.13-16.57.50:806][  0]Cmd: MAP LOAD FILE="E:/GameDesGithub/Eggspository/moneymoneymoney/Content/FirstPersonBP/Maps/FirstPersonExampleMap.umap" TEMPLATE=0 SHOWPROGRESS=1 FEATURELEVEL=3
[2018.04.13-16.57.50:806][  0]LightingResults: New page: Lighting Build
[2018.04.13-16.57.50:809][  0]MapCheck: New page: Map Check
[2018.04.13-16.57.50:809][  0]LightingResults: New page: Lighting Build
[2018.04.13-16.57.51:052][  0]LogLinker: Warning: Can't find file '/Game/FirstPersonBP/Maps/FirstPersonExampleMap_BuiltData'
[2018.04.13-16.57.51:052][  0]LogLinker: Warning: Can't find file for asset '/Game/FirstPersonBP/Maps/FirstPersonExampleMap_BuiltData' while loading E:/GameDesGithub/Eggspository/moneymoneymoney/Content/FirstPersonBP/Maps/FirstPersonExampleMap.umap.
[2018.04.13-16.57.51:052][  0]LoadErrors: Error: /Game/FirstPersonBP/Maps/FirstPersonExampleMap : Can't find file for asset. /Game/FirstPersonBP/Maps/FirstPersonExampleMap_BuiltData
[2018.04.13-16.57.51:058][  0]LogLinker: Warning: Can't find file '/Game/FirstPersonBP/Maps/FirstPersonExampleMap_BuiltData'
[2018.04.13-16.57.51:058][  0]LogLinker: Warning: Can't find file for asset '/Game/FirstPersonBP/Maps/FirstPersonExampleMap_BuiltData' while loading E:/GameDesGithub/Eggspository/moneymoneymoney/Content/FirstPersonBP/Maps/FirstPersonExampleMap.umap.
[2018.04.13-16.57.51:058][  0]LoadErrors: Error: /Game/FirstPersonBP/Maps/FirstPersonExampleMap : Can't find file for asset. /Game/FirstPersonBP/Maps/FirstPersonExampleMap_BuiltData
[2018.04.13-16.57.51:063][  0]LogLinker: Warning: Can't find file '/Game/FirstPersonBP/Maps/FirstPersonExampleMap_BuiltData'
[2018.04.13-16.57.51:063][  0]LogLinker: Warning: Can't find file for asset '/Game/FirstPersonBP/Maps/FirstPersonExampleMap_BuiltData' while loading NULL.
[2018.04.13-16.57.51:063][  0]LogLinker: Warning: Can't find file '/Game/FirstPersonBP/Maps/FirstPersonExampleMap_BuiltData'
[2018.04.13-16.57.51:063][  0]LogLinker: Warning: Can't find file for asset '/Game/FirstPersonBP/Maps/FirstPersonExampleMap_BuiltData' while loading NULL.
[2018.04.13-16.57.51:071][  0]LogLinker: Warning: Can't find file '/Game/FirstPersonBP/Maps/FirstPersonExampleMap_BuiltData'
[2018.04.13-16.57.51:071][  0]LoadErrors: Failed to load /Game/FirstPersonBP/Maps/FirstPersonExampleMap_BuiltData.FirstPersonExampleMap_BuiltData Referenced by PersistentLevel
[2018.04.13-16.57.51:071][  0]LogLinker: Warning: Can't find file for asset '/Game/FirstPersonBP/Maps/FirstPersonExampleMap_BuiltData' while loading NULL.
[2018.04.13-16.57.51:071][  0]LoadErrors: Failed to load /Game/FirstPersonBP/Maps/FirstPersonExampleMap_BuiltData.FirstPersonExampleMap_BuiltData Referenced by PersistentLevel
[2018.04.13-16.57.51:214][  0]LogSkeletalMesh: Skeletal Mesh found in DDC [5.146224ms] /Game/FirstPerson/Character/Mesh/SK_Mannequin_Arms.SK_Mannequin_Arms
[2018.04.13-16.57.51:272][  0]LogSkeletalMesh: Skeletal Mesh found in DDC [3.284974ms] /Game/FirstPerson/FPWeapon/Mesh/SK_FPGun.SK_FPGun
[2018.04.13-16.57.51:276][  0]LogAIModule: Creating AISystem for world FirstPersonExampleMap
[2018.04.13-16.57.51:289][  0]LogEditorServer: Finished looking for orphan Actors (0.000 secs)
[2018.04.13-16.57.51:312][  0]Cmd: MAP CHECKDEP NOCLEARLOG
[2018.04.13-16.57.51:371][  0]MapCheck: Map check complete: 0 Error(s), 0 Warning(s), took 59.001ms to complete.
[2018.04.13-16.57.51:371][  0]LogFileHelpers: Loading map 'FirstPersonExampleMap' took 0.565
[2018.04.13-16.57.51:532][  0]LogCollectionManager: Loaded 0 collections in 0.001365 seconds
[2018.04.13-16.57.51:563][  0]LogFileCache: Scanning file cache for directory 'E:/GameDesGithub/Eggspository/moneymoneymoney/Saved/Collections/' took 0.01s
[2018.04.13-16.57.51:563][  0]LogFileCache: Scanning file cache for directory 'E:/GameDesGithub/Eggspository/moneymoneymoney/Content/Developers/Game/Collections/' took 0.01s
[2018.04.13-16.57.51:563][  0]LogFileCache: Scanning file cache for directory 'E:/GameDesGithub/Eggspository/moneymoneymoney/Content/Collections/' took 0.00s
[2018.04.13-16.57.51:563][  0]LogCollectionManager: Rebuilt the GUID cache for 0 collections in 0.000001 seconds
[2018.04.13-16.57.51:574][  0]LogContentBrowser: Native class hierarchy populated in 0.0103 seconds. Added 2452 classes and 558 folders.
[2018.04.13-16.57.51:581][  0]LogContentBrowser: Native class hierarchy updated for 'WidgetCarousel' in 0.0005 seconds. Added 0 classes and 0 folders.
[2018.04.13-16.57.51:623][  0]LogContentBrowser: Native class hierarchy updated for 'AddContentDialog' in 0.0002 seconds. Added 0 classes and 0 folders.
[2018.04.13-16.57.51:628][  0]LogContentBrowser: Native class hierarchy updated for 'SceneOutliner' in 0.0002 seconds. Added 1 classes and 2 folders.
[2018.04.13-16.57.51:672][  0]LogContentBrowser: Native class hierarchy updated for 'HierarchicalLODOutliner' in 0.0002 seconds. Added 0 classes and 0 folders.
[2018.04.13-16.57.51:672][  0]LogLoad: (Engine Initialization) Total time: 10.05 seconds
[2018.04.13-16.57.51:672][  0]LogLoad: (Engine Initialization) Total Blueprint compile time: 0.00 seconds
[2018.04.13-16.57.51:700][  0]LogContentStreaming: Texture pool size now 1000 MB
[2018.04.13-16.57.51:703][  0]LogSlate: FSceneViewport::OnFocusLost() reason 2
[2018.04.13-16.57.51:710][  0]LogSlate: Took 0.000238 seconds to synchronously load lazily loaded font '../../../Engine/Content/Slate/Fonts/Roboto-Regular.ttf' (155K)
[2018.04.13-16.57.51:712][  0]LogSlate: Took 0.000173 seconds to synchronously load lazily loaded font '../../../Engine/Content/Slate/Fonts/Roboto-Bold.ttf' (160K)
[2018.04.13-16.57.51:716][  0]LogSlate: Took 0.000153 seconds to synchronously load lazily loaded font '../../../Engine/Content/Editor/Slate/Fonts/FontAwesome.ttf' (139K)
[2018.04.13-16.57.51:856][  1]LogAssetRegistry: Asset discovery search completed in 5.7312 seconds
[2018.04.13-16.57.51:858][  1]LogCollectionManager: Rebuilt the object cache for 0 collections in 0.000000 seconds (found 0 objects)
[2018.04.13-16.57.51:858][  1]LogCollectionManager: Fixed up redirectors for 0 collections in 0.000053 seconds (updated 0 objects)
[2018.04.13-16.57.51:882][  2]LogRenderer: Reallocating scene render targets to support 792x360 Format 10 NumSamples 1 (Frame:1).
[2018.04.13-16.57.52:693][ 80]LogSlate: Took 0.000231 seconds to synchronously load lazily loaded font '../../../Engine/Content/Slate/Fonts/Roboto-Light.ttf' (167K)
[2018.04.13-16.57.55:730][443]LogSlate: Window 'Message Log' being destroyed
[2018.04.13-16.57.55:732][443]LogSlate: Window 'Message Log' being destroyed
[2018.04.13-16.58.03:295][341]LogRenderer: Reallocating scene render targets to support 796x360 Format 10 NumSamples 1 (Frame:1340).
[2018.04.13-16.58.03:363][341]LogRenderer: Reallocating scene render targets to support 848x416 Format 10 NumSamples 1 (Frame:1341).
[2018.04.13-16.58.03:443][341]LogRenderer: Reallocating scene render targets to support 920x468 Format 10 NumSamples 1 (Frame:1342).
[2018.04.13-16.58.03:519][341]LogRenderer: Reallocating scene render targets to support 976x504 Format 10 NumSamples 1 (Frame:1343).
[2018.04.13-16.58.03:598][341]LogRenderer: Reallocating scene render targets to support 1004x524 Format 10 NumSamples 1 (Frame:1344).
[2018.04.13-16.58.03:671][341]LogRenderer: Reallocating scene render targets to support 1020x540 Format 10 NumSamples 1 (Frame:1345).
[2018.04.13-16.58.03:741][341]LogRenderer: Reallocating scene render targets to support 1032x544 Format 10 NumSamples 1 (Frame:1346).
[2018.04.13-16.58.03:803][341]LogRenderer: Reallocating scene render targets to support 1036x544 Format 10 NumSamples 1 (Frame:1347).
[2018.04.13-16.58.03:850][341]LogRenderer: Reallocating scene render targets to support 1040x544 Format 10 NumSamples 1 (Frame:1348).
[2018.04.13-16.58.04:932][468]LogSlate: FSceneViewport::OnFocusLost() reason 0
[2018.04.13-16.58.20:794][789]LogFactory: FactoryCreateFile: StaticMesh with FbxFactory (0 0 ../../../../../../Users/Game/Desktop/untitled.fbx)
[2018.04.13-16.58.20:813][789]LogFbx: ItemName: GlobalSettings, ItemCount : 1
[2018.04.13-16.58.20:813][789]LogFbx: ItemName: NodeAttribute, ItemCount : 2
[2018.04.13-16.58.20:813][789]LogFbx: ItemName: Geometry, ItemCount : 1
[2018.04.13-16.58.20:813][789]LogFbx: ItemName: Model, ItemCount : 3
[2018.04.13-16.58.20:813][789]LogFbx: ItemName: Material, ItemCount : 3
[2018.04.13-16.58.20:818][789]LogFbx: Loading FBX Scene from ../../../../../../Users/Game/Desktop/untitled.fbx
[2018.04.13-16.58.20:827][789]LogFbx: FBX Scene Loaded Succesfully
[2018.04.13-16.58.22:195][789]LogSlate: Window 'FBX Import Options' being destroyed
[2018.04.13-16.58.22:261][789]LogFbx: Loading FBX Scene from ../../../../../../Users/Game/Desktop/untitled.fbx
[2018.04.13-16.58.22:268][789]LogFbx: FBX Scene Loaded Succesfully
[2018.04.13-16.58.22:284][789]LogMaterial: Missing cached shader map for material metalDark, compiling. 
[2018.04.13-16.58.22:324][789]LogShaderCompilers: Display: Shaders left to compile 22
[2018.04.13-16.58.22:324][789]LogShaderCompilers: Display: Shaders left to compile 12
[2018.04.13-16.58.22:324][789]LogShaderCompilers: Display: Shaders left to compile 2
[2018.04.13-16.58.22:329][789]LogMaterial: Missing cached shader map for material carpetWhite, compiling. 
[2018.04.13-16.58.22:346][789]LogMaterial: Missing cached shader map for material metalLight, compiling. 
[2018.04.13-16.58.22:358][789]LogStaticMesh: Building static mesh untitled...
[2018.04.13-16.58.22:420][789]LogShaderCompilers: Display: Shaders left to compile 44
[2018.04.13-16.58.22:420][789]LogStaticMesh: Built static mesh [0.06s] /Game/FurnitureModelsKenny/untitled.untitled
[2018.04.13-16.58.22:435][789]FBXImport: Warning: No smoothing group information was found in this FBX scene.  Please make sure to enable the 'Export Smoothing Groups' option in the FBX Exporter plug-in before exporting the file.  Even for tools that don't support smoothing groups, the FBX Exporter will generate appropriate smoothing data at export-time so that correct vertex normals can be inferred while importing. 
[2018.04.13-16.58.23:040][844]LogShaderCompilers: Display: Shaders left to compile 34
[2018.04.13-16.58.24:260][978]LogSlate: Window 'Message Log' being destroyed
[2018.04.13-16.58.24:263][978]LogSlate: Window 'Message Log' being destroyed
[2018.04.13-16.58.24:502][  4]LogShaderCompilers: Display: Shaders left to compile 24
[2018.04.13-16.58.24:544][  9]LogShaderCompilers: Display: Shaders left to compile 14
[2018.04.13-16.58.25:044][ 58]LogActorFactory: Actor Factory created untitled
[2018.04.13-16.58.25:614][115]LogShaderCompilers: Display: Shaders left to compile 4
[2018.04.13-16.58.25:805][134]LogActorFactory: Actor Factory created untitled
[2018.04.13-16.58.53:527][377]LogEditorViewport: Clicking on Actor (context menu): StaticMeshActor (Floor)
[2018.04.13-16.58.53:574][377]LogSlate: FSceneViewport::OnFocusLost() reason 2
[2018.04.13-16.59.03:078][472]LogSlate: FSceneViewport::OnFocusLost() reason 0
[2018.04.13-16.59.03:257][474]LogSavePackage: Save=120.89ms
[2018.04.13-16.59.03:257][474]LogSavePackage: Moving 'E:/GameDesGithub/Eggspository/moneymoneymoney/Saved/FirstPersonExampleMap978108534EC212B5C117D0B9CECB965E.tmp' to 'E:/GameDesGithub/Eggspository/moneymoneymoney/Content/FirstPersonBP/Maps/FirstPersonExampleMap.umap'
[2018.04.13-16.59.03:265][474]LogSavePackage: Display: Finished SavePackage E:/GameDesGithub/Eggspository/moneymoneymoney/Content/FirstPersonBP/Maps/FirstPersonExampleMap.umap
[2018.04.13-16.59.03:994][547]LogSlate: Took 0.000208 seconds to synchronously load lazily loaded font '../../../Engine/Content/Slate/Fonts/Roboto-Italic.ttf' (157K)
[2018.04.13-16.59.05:634][743]LogSlate: FSceneViewport::OnFocusLost() reason 0
[2018.04.13-16.59.08:282][ 21]LogSlate: FSceneViewport::OnFocusLost() reason 2
[2018.04.13-16.59.09:245][121]LogSlate: FSceneViewport::OnFocusLost() reason 2
[2018.04.13-16.59.52:347][ 19]LogSlate: Window 'Source Control Login' being destroyed
[2018.04.13-16.59.55:041][337]LogSlate: FSceneViewport::OnFocusLost() reason 0
[2018.04.13-17.00.01:468][ 64]Cmd: OBJ SAVEPACKAGE PACKAGE="/Game/FurnitureModelsKenny/carpetWhite" FILE="E:/GameDesGithub/Eggspository/moneymoneymoney/Content/FurnitureModelsKenny/carpetWhite.uasset" SILENT=true
[2018.04.13-17.00.01:483][ 64]LogSavePackage: Save=13.66ms
[2018.04.13-17.00.01:483][ 64]LogSavePackage: Moving 'E:/GameDesGithub/Eggspository/moneymoneymoney/Saved/carpetWhite6602D90D41C42EA483AD36A327601E87.tmp' to 'E:/GameDesGithub/Eggspository/moneymoneymoney/Content/FurnitureModelsKenny/carpetWhite.uasset'
[2018.04.13-17.00.01:485][ 64]LogSavePackage: Display: Finished SavePackage E:/GameDesGithub/Eggspository/moneymoneymoney/Content/FurnitureModelsKenny/carpetWhite.uasset
[2018.04.13-17.00.02:115][ 64]Cmd: OBJ SAVEPACKAGE PACKAGE="/Game/FurnitureModelsKenny/metalDark" FILE="E:/GameDesGithub/Eggspository/moneymoneymoney/Content/FurnitureModelsKenny/metalDark.uasset" SILENT=true
[2018.04.13-17.00.02:129][ 64]LogSavePackage: Save=12.87ms
[2018.04.13-17.00.02:129][ 64]LogSavePackage: Moving 'E:/GameDesGithub/Eggspository/moneymoneymoney/Saved/metalDark5F4651D742D3D8B063C9B391A5CB7DBE.tmp' to 'E:/GameDesGithub/Eggspository/moneymoneymoney/Content/FurnitureModelsKenny/metalDark.uasset'
[2018.04.13-17.00.02:131][ 64]LogSavePackage: Display: Finished SavePackage E:/GameDesGithub/Eggspository/moneymoneymoney/Content/FurnitureModelsKenny/metalDark.uasset
[2018.04.13-17.00.02:630][ 64]Cmd: OBJ SAVEPACKAGE PACKAGE="/Game/FurnitureModelsKenny/metalLight" FILE="E:/GameDesGithub/Eggspository/moneymoneymoney/Content/FurnitureModelsKenny/metalLight.uasset" SILENT=true
[2018.04.13-17.00.02:644][ 64]LogSavePackage: Save=12.19ms
[2018.04.13-17.00.02:644][ 64]LogSavePackage: Moving 'E:/GameDesGithub/Eggspository/moneymoneymoney/Saved/metalLight06CFE3BA4F4C497916088DA8661356BB.tmp' to 'E:/GameDesGithub/Eggspository/moneymoneymoney/Content/FurnitureModelsKenny/metalLight.uasset'
[2018.04.13-17.00.02:645][ 64]LogSavePackage: Display: Finished SavePackage E:/GameDesGithub/Eggspository/moneymoneymoney/Content/FurnitureModelsKenny/metalLight.uasset
[2018.04.13-17.00.03:129][ 64]Cmd: OBJ SAVEPACKAGE PACKAGE="/Game/FurnitureModelsKenny/untitled" FILE="E:/GameDesGithub/Eggspository/moneymoneymoney/Content/FurnitureModelsKenny/untitled.uasset" SILENT=true
[2018.04.13-17.00.03:143][ 64]LogSavePackage: Save=12.38ms
[2018.04.13-17.00.03:143][ 64]LogSavePackage: Moving 'E:/GameDesGithub/Eggspository/moneymoneymoney/Saved/untitled438C44B74731259EDE2E389D118C23D8.tmp' to 'E:/GameDesGithub/Eggspository/moneymoneymoney/Content/FurnitureModelsKenny/untitled.uasset'
[2018.04.13-17.00.03:144][ 64]LogSavePackage: Display: Finished SavePackage E:/GameDesGithub/Eggspository/moneymoneymoney/Content/FurnitureModelsKenny/untitled.uasset
[2018.04.13-17.00.30:758][396]LogSavePackage: Save=95.41ms
[2018.04.13-17.00.30:758][396]LogSavePackage: Moving 'E:/GameDesGithub/Eggspository/moneymoneymoney/Saved/FirstPersonExampleMapD77136F14103ADDA8F64AA8F18ED6917.tmp' to 'E:/GameDesGithub/Eggspository/moneymoneymoney/Content/FirstPersonBP/Maps/FirstPersonExampleMap.umap'
[2018.04.13-17.00.30:762][396]LogSavePackage: Display: Finished SavePackage E:/GameDesGithub/Eggspository/moneymoneymoney/Content/FirstPersonBP/Maps/FirstPersonExampleMap.umap
