<<<<<<< HEAD
﻿Log file open, 04/19/18 09:53:18
=======
﻿Log file open, 04/19/18 09:48:04
>>>>>>> 8a11a6ac9923e6b0d6bedb73340035af2a07e71d
LogWindows: Failed to load 'aqProf.dll' (GetLastError=126)
LogWindows: File 'aqProf.dll' does not exist
LogWindows: Failed to load 'VtuneApi.dll' (GetLastError=126)
LogWindows: File 'VtuneApi.dll' does not exist
LogWindows: Failed to load 'VtuneApi32e.dll' (GetLastError=126)
LogWindows: File 'VtuneApi32e.dll' does not exist
LogInit: Display: Running engine for game: moneymoneymoney
LogPlatformFile: Not using cached read wrapper
<<<<<<< HEAD
LogInit: Display: RandInit(1006695517) SRandInit(1006695517).
=======
LogInit: Display: RandInit(282752664) SRandInit(282752664).
>>>>>>> 8a11a6ac9923e6b0d6bedb73340035af2a07e71d
LogInit: Read version file with build ID '3944462'
LogInit: Overriding engine version to CL 3989454, compatible CL 3944462
LogInit: Registered custom module enumerator with build ID '3944462'
LogTaskGraph: Started task graph with 5 named threads and 23 total threads with 3 sets of task threads.
<<<<<<< HEAD
LogStats: Stats thread started at 0.257963
=======
LogStats: Stats thread started at 0.275080
>>>>>>> 8a11a6ac9923e6b0d6bedb73340035af2a07e71d
LogD3D11RHI: Aftermath initialized
LogICUInternationalization: Display: ICU TimeZone Detection - Raw Offset: -8:00, Platform Override: ''
LogModuleManager: Display: Found up-to-date module file ../../../Engine/Plugins/2D/Paper2D/Binaries/Win64/UE4Editor-Paper2D.dll (API version 3944462).
LogModuleManager: Display: Found up-to-date module file ../../../Engine/Plugins/2D/Paper2D/Binaries/Win64/UE4Editor-Paper2DEditor.dll (API version 3944462).
LogModuleManager: Display: Found up-to-date module file ../../../Engine/Plugins/2D/Paper2D/Binaries/Win64/UE4Editor-PaperSpriteSheetImporter.dll (API version 3944462).
LogModuleManager: Display: Found up-to-date module file ../../../Engine/Plugins/2D/Paper2D/Binaries/Win64/UE4Editor-PaperTiledImporter.dll (API version 3944462).
LogModuleManager: Display: Found up-to-date module file ../../../Engine/Plugins/2D/Paper2D/Binaries/Win64/UE4Editor-SmartSnapping.dll (API version 3944462).
LogModuleManager: Display: Found up-to-date module file ../../../Engine/Plugins/Blendables/LightPropagationVolume/Binaries/Win64/UE4Editor-LightPropagationVolumeRuntime.dll (API version 3944462).
LogModuleManager: Display: Found up-to-date module file ../../../Engine/Plugins/Blendables/LightPropagationVolume/Binaries/Win64/UE4Editor-LightPropagationVolumeEditor.dll (API version 3944462).
LogModuleManager: Display: Found up-to-date module file ../../../Engine/Plugins/Developer/CLionSourceCodeAccess/Binaries/Win64/UE4Editor-CLionSourceCodeAccess.dll (API version 3944462).
LogModuleManager: Display: Found up-to-date module file ../../../Engine/Plugins/Developer/GitSourceControl/Binaries/Win64/UE4Editor-GitSourceControl.dll (API version 3944462).
LogModuleManager: Display: Found up-to-date module file ../../../Engine/Plugins/Developer/PerforceSourceControl/Binaries/Win64/UE4Editor-PerforceSourceControl.dll (API version 3944462).
LogModuleManager: Display: Found up-to-date module file ../../../Engine/Plugins/Developer/SubversionSourceControl/Binaries/Win64/UE4Editor-SubversionSourceControl.dll (API version 3944462).
LogModuleManager: Display: Found up-to-date module file ../../../Engine/Plugins/Developer/UObjectPlugin/Binaries/Win64/UE4Editor-UObjectPlugin.dll (API version 3944462).
LogModuleManager: Display: Found up-to-date module file ../../../Engine/Plugins/Developer/VisualStudioCodeSourceCodeAccess/Binaries/Win64/UE4Editor-VisualStudioCodeSourceCodeAccess.dll (API version 3944462).
LogModuleManager: Display: Found up-to-date module file ../../../Engine/Plugins/Developer/VisualStudioSourceCodeAccess/Binaries/Win64/UE4Editor-VisualStudioSourceCodeAccess.dll (API version 3944462).
LogModuleManager: Display: Found up-to-date module file ../../../Engine/Plugins/Editor/AssetManagerEditor/Binaries/Win64/UE4Editor-AssetManagerEditor.dll (API version 3944462).
LogModuleManager: Display: Found up-to-date module file ../../../Engine/Plugins/Editor/CryptoKeys/Binaries/Win64/UE4Editor-CryptoKeys.dll (API version 3944462).
LogModuleManager: Display: Found up-to-date module file ../../../Engine/Plugins/Editor/CryptoKeys/Binaries/Win64/UE4Editor-CryptoKeysOpenSSL.dll (API version 3944462).
LogModuleManager: Display: Found up-to-date module file ../../../Engine/Plugins/Editor/DataValidation/Binaries/Win64/UE4Editor-DataValidation.dll (API version 3944462).
LogModuleManager: Display: Found up-to-date module file ../../../Engine/Plugins/Editor/FacialAnimation/Binaries/Win64/UE4Editor-FacialAnimation.dll (API version 3944462).
LogModuleManager: Display: Found up-to-date module file ../../../Engine/Plugins/Editor/FacialAnimation/Binaries/Win64/UE4Editor-FacialAnimationEditor.dll (API version 3944462).
LogModuleManager: Display: Found up-to-date module file ../../../Engine/Plugins/Editor/GameplayTagsEditor/Binaries/Win64/UE4Editor-GameplayTagsEditor.dll (API version 3944462).
LogModuleManager: Display: Found up-to-date module file ../../../Engine/Plugins/Editor/MobileLauncherProfileWizard/Binaries/Win64/UE4Editor-MobileLauncherProfileWizard.dll (API version 3944462).
LogModuleManager: Display: Found up-to-date module file ../../../Engine/Plugins/Editor/PluginBrowser/Binaries/Win64/UE4Editor-PluginBrowser.dll (API version 3944462).
LogModuleManager: Display: Found up-to-date module file ../../../Engine/Plugins/Editor/SpeedTreeImporter/Binaries/Win64/UE4Editor-SpeedTreeImporter.dll (API version 3944462).
LogModuleManager: Display: Found up-to-date module file ../../../Engine/Plugins/Enterprise/DatasmithContent/Binaries/Win64/UE4Editor-DatasmithContent.dll (API version 3944462).
LogModuleManager: Display: Found up-to-date module file ../../../Engine/Plugins/Experimental/AlembicImporter/Binaries/Win64/UE4Editor-AlembicImporter.dll (API version 3944462).
LogModuleManager: Display: Found up-to-date module file ../../../Engine/Plugins/Experimental/AlembicImporter/Binaries/Win64/UE4Editor-AlembicLibrary.dll (API version 3944462).
LogModuleManager: Display: Found up-to-date module file ../../../Engine/Plugins/Experimental/CharacterAI/Binaries/Win64/UE4Editor-CharacterAI.dll (API version 3944462).
LogModuleManager: Display: Found up-to-date module file ../../../Engine/Plugins/Experimental/HTML5Networking/Binaries/Win64/UE4Editor-HTML5Networking.dll (API version 3944462).
LogModuleManager: Display: Found up-to-date module file ../../../Engine/Plugins/Media/AndroidMedia/Binaries/Win64/UE4Editor-AndroidMediaEditor.dll (API version 3944462).
LogModuleManager: Display: Found up-to-date module file ../../../Engine/Plugins/Media/AndroidMedia/Binaries/Win64/UE4Editor-AndroidMediaFactory.dll (API version 3944462).
LogModuleManager: Display: Found up-to-date module file ../../../Engine/Plugins/Media/AvfMedia/Binaries/Win64/UE4Editor-AvfMediaEditor.dll (API version 3944462).
LogModuleManager: Display: Found up-to-date module file ../../../Engine/Plugins/Media/AvfMedia/Binaries/Win64/UE4Editor-AvfMediaFactory.dll (API version 3944462).
LogModuleManager: Display: Found up-to-date module file ../../../Engine/Plugins/Media/AvfMedia/Binaries/Win64/UE4Editor-AvfMediaFactory.dll (API version 3944462).
LogModuleManager: Display: Found up-to-date module file ../../../Engine/Plugins/Media/ImgMedia/Binaries/Win64/UE4Editor-ImgMedia.dll (API version 3944462).
LogModuleManager: Display: Found up-to-date module file ../../../Engine/Plugins/Media/ImgMedia/Binaries/Win64/UE4Editor-ImgMediaEditor.dll (API version 3944462).
LogModuleManager: Display: Found up-to-date module file ../../../Engine/Plugins/Media/ImgMedia/Binaries/Win64/UE4Editor-ImgMediaFactory.dll (API version 3944462).
LogModuleManager: Display: Found up-to-date module file ../../../Engine/Plugins/Media/ImgMedia/Binaries/Win64/UE4Editor-ImgMediaFactory.dll (API version 3944462).
LogModuleManager: Display: Found up-to-date module file ../../../Engine/Plugins/Media/ImgMedia/Binaries/Win64/UE4Editor-OpenExrWrapper.dll (API version 3944462).
LogModuleManager: Display: Found up-to-date module file ../../../Engine/Plugins/Media/LinearTimecode/Binaries/Win64/UE4Editor-LinearTimecode.dll (API version 3944462).
LogModuleManager: Display: Found up-to-date module file ../../../Engine/Plugins/Media/MediaCompositing/Binaries/Win64/UE4Editor-MediaCompositing.dll (API version 3944462).
LogModuleManager: Display: Found up-to-date module file ../../../Engine/Plugins/Media/MediaCompositing/Binaries/Win64/UE4Editor-MediaCompositingEditor.dll (API version 3944462).
LogModuleManager: Display: Found up-to-date module file ../../../Engine/Plugins/Media/MediaPlayerEditor/Binaries/Win64/UE4Editor-MediaPlayerEditor.dll (API version 3944462).
LogModuleManager: Display: Found up-to-date module file ../../../Engine/Plugins/Media/WmfMedia/Binaries/Win64/UE4Editor-WmfMedia.dll (API version 3944462).
LogModuleManager: Display: Found up-to-date module file ../../../Engine/Plugins/Media/WmfMedia/Binaries/Win64/UE4Editor-WmfMediaEditor.dll (API version 3944462).
LogModuleManager: Display: Found up-to-date module file ../../../Engine/Plugins/Media/WmfMedia/Binaries/Win64/UE4Editor-WmfMediaFactory.dll (API version 3944462).
LogModuleManager: Display: Found up-to-date module file ../../../Engine/Plugins/Media/WmfMedia/Binaries/Win64/UE4Editor-WmfMediaFactory.dll (API version 3944462).
LogModuleManager: Display: Found up-to-date module file ../../../Engine/Plugins/Messaging/TcpMessaging/Binaries/Win64/UE4Editor-TcpMessaging.dll (API version 3944462).
LogModuleManager: Display: Found up-to-date module file ../../../Engine/Plugins/Messaging/UdpMessaging/Binaries/Win64/UE4Editor-UdpMessaging.dll (API version 3944462).
LogModuleManager: Display: Found up-to-date module file ../../../Engine/Plugins/MovieScene/ActorSequence/Binaries/Win64/UE4Editor-ActorSequence.dll (API version 3944462).
LogModuleManager: Display: Found up-to-date module file ../../../Engine/Plugins/MovieScene/LevelSequenceEditor/Binaries/Win64/UE4Editor-LevelSequenceEditor.dll (API version 3944462).
LogModuleManager: Display: Found up-to-date module file ../../../Engine/Plugins/MovieScene/MatineeToLevelSequence/Binaries/Win64/UE4Editor-MatineeToLevelSequence.dll (API version 3944462).
LogModuleManager: Display: Found up-to-date module file ../../../Engine/Plugins/NetcodeUnitTest/NetcodeUnitTest/Binaries/Win64/UE4Editor-NetcodeUnitTest.dll (API version 3944462).
LogModuleManager: Display: Found up-to-date module file ../../../Engine/Plugins/NetcodeUnitTest/NUTUnrealEngine4/Binaries/Win64/UE4Editor-NUTUnrealEngine4.dll (API version 3944462).
LogModuleManager: Display: Found up-to-date module file ../../../Engine/Plugins/Online/OnlineSubsystem/Binaries/Win64/UE4Editor-OnlineSubsystem.dll (API version 3944462).
LogModuleManager: Display: Found up-to-date module file ../../../Engine/Plugins/Runtime/AndroidPermission/Binaries/Win64/UE4Editor-AndroidPermission.dll (API version 3944462).
LogModuleManager: Display: Found up-to-date module file ../../../Engine/Plugins/Online/OnlineSubsystemNull/Binaries/Win64/UE4Editor-OnlineSubsystemNull.dll (API version 3944462).
LogModuleManager: Display: Found up-to-date module file ../../../Engine/Plugins/Online/OnlineSubsystemUtils/Binaries/Win64/UE4Editor-OnlineSubsystemUtils.dll (API version 3944462).
LogModuleManager: Display: Found up-to-date module file ../../../Engine/Plugins/Online/OnlineSubsystemUtils/Binaries/Win64/UE4Editor-OnlineBlueprintSupport.dll (API version 3944462).
LogModuleManager: Display: Found up-to-date module file ../../../Engine/Plugins/Runtime/AndroidDeviceProfileSelector/Binaries/Win64/UE4Editor-AndroidDeviceProfileSelector.dll (API version 3944462).
LogModuleManager: Display: Found up-to-date module file ../../../Engine/Plugins/Runtime/AppleARKit/Binaries/Win64/UE4Editor-AppleARKit.dll (API version 3944462).
LogModuleManager: Display: Found up-to-date module file ../../../Engine/Plugins/Runtime/ProceduralMeshComponent/Binaries/Win64/UE4Editor-ProceduralMeshComponent.dll (API version 3944462).
LogModuleManager: Display: Found up-to-date module file ../../../Engine/Plugins/Runtime/ProceduralMeshComponent/Binaries/Win64/UE4Editor-ProceduralMeshComponentEditor.dll (API version 3944462).
LogModuleManager: Display: Found up-to-date module file ../../../Engine/Plugins/Animation/LiveLink/Binaries/Win64/UE4Editor-LiveLink.dll (API version 3944462).
LogModuleManager: Display: Found up-to-date module file ../../../Engine/Plugins/Animation/LiveLink/Binaries/Win64/UE4Editor-LiveLinkEditor.dll (API version 3944462).
LogModuleManager: Display: Found up-to-date module file ../../../Engine/Plugins/Runtime/ArchVisCharacter/Binaries/Win64/UE4Editor-ArchVisCharacter.dll (API version 3944462).
LogModuleManager: Display: Found up-to-date module file ../../../Engine/Plugins/Runtime/AudioCapture/Binaries/Win64/UE4Editor-AudioCapture.dll (API version 3944462).
LogModuleManager: Display: Found up-to-date module file ../../../Engine/Plugins/Runtime/AudioCapture/Binaries/Win64/UE4Editor-AudioCaptureEditor.dll (API version 3944462).
LogModuleManager: Display: Found up-to-date module file ../../../Engine/Plugins/Runtime/CableComponent/Binaries/Win64/UE4Editor-CableComponent.dll (API version 3944462).
LogModuleManager: Display: Found up-to-date module file ../../../Engine/Plugins/Runtime/CustomMeshComponent/Binaries/Win64/UE4Editor-CustomMeshComponent.dll (API version 3944462).
LogModuleManager: Display: Found up-to-date module file ../../../Engine/Plugins/Runtime/ExampleDeviceProfileSelector/Binaries/Win64/UE4Editor-ExampleDeviceProfileSelector.dll (API version 3944462).
LogModuleManager: Display: Found up-to-date module file ../../../Engine/Plugins/Runtime/ImmediatePhysics/Binaries/Win64/UE4Editor-ImmediatePhysics.dll (API version 3944462).
LogModuleManager: Display: Found up-to-date module file ../../../Engine/Plugins/Runtime/ImmediatePhysics/Binaries/Win64/UE4Editor-ImmediatePhysicsEditor.dll (API version 3944462).
LogModuleManager: Display: Found up-to-date module file ../../../Engine/Plugins/Runtime/LocationServicesBPLibrary/Binaries/Win64/UE4Editor-LocationServicesBPLibrary.dll (API version 3944462).
LogModuleManager: Display: Found up-to-date module file ../../../Engine/Plugins/Runtime/MobilePatchingUtils/Binaries/Win64/UE4Editor-MobilePatchingUtils.dll (API version 3944462).
LogModuleManager: Display: Found up-to-date module file ../../../Engine/Plugins/Runtime/Oculus/OculusVR/Binaries/Win64/UE4Editor-OculusHMD.dll (API version 3944462).
LogModuleManager: Display: Found up-to-date module file ../../../Engine/Plugins/Runtime/Oculus/OculusVR/Binaries/Win64/UE4Editor-OculusInput.dll (API version 3944462).
LogModuleManager: Display: Found up-to-date module file ../../../Engine/Plugins/Runtime/Oculus/OculusVR/Binaries/Win64/UE4Editor-OculusEditor.dll (API version 3944462).
LogModuleManager: Display: Found up-to-date module file ../../../Engine/Plugins/Runtime/PhysXVehicles/Binaries/Win64/UE4Editor-PhysXVehicles.dll (API version 3944462).
LogModuleManager: Display: Found up-to-date module file ../../../Engine/Plugins/Runtime/PhysXVehicles/Binaries/Win64/UE4Editor-PhysXVehiclesEditor.dll (API version 3944462).
LogModuleManager: Display: Found up-to-date module file ../../../Engine/Plugins/Runtime/RuntimePhysXCooking/Binaries/Win64/UE4Editor-RuntimePhysXCooking.dll (API version 3944462).
LogModuleManager: Display: Found up-to-date module file ../../../Engine/Plugins/Runtime/Steam/SteamVR/Binaries/Win64/UE4Editor-SteamVR.dll (API version 3944462).
LogModuleManager: Display: Found up-to-date module file ../../../Engine/Plugins/Runtime/Steam/SteamVR/Binaries/Win64/UE4Editor-SteamVRController.dll (API version 3944462).
LogModuleManager: Display: Found up-to-date module file ../../../Engine/Plugins/Runtime/WindowsMoviePlayer/Binaries/Win64/UE4Editor-WindowsMoviePlayer.dll (API version 3944462).
LogPluginManager: Mounting plugin Paper2D
LogPluginManager: Mounting plugin LiveLink
LogPluginManager: Mounting plugin LightPropagationVolume
LogPluginManager: Mounting plugin CLionSourceCodeAccess
LogPluginManager: Mounting plugin CodeLiteSourceCodeAccess
LogPluginManager: Mounting plugin GitSourceControl
LogPluginManager: Mounting plugin KDevelopSourceCodeAccess
LogPluginManager: Mounting plugin NullSourceCodeAccess
LogPluginManager: Mounting plugin PerforceSourceControl
LogPluginManager: Mounting plugin SubversionSourceControl
LogPluginManager: Mounting plugin UObjectPlugin
LogPluginManager: Mounting plugin VisualStudioCodeSourceCodeAccess
LogPluginManager: Mounting plugin VisualStudioSourceCodeAccess
LogPluginManager: Mounting plugin XCodeSourceCodeAccess
LogPluginManager: Mounting plugin AssetManagerEditor
LogPluginManager: Mounting plugin CryptoKeys
LogPluginManager: Mounting plugin DataValidation
LogPluginManager: Mounting plugin FacialAnimation
LogPluginManager: Mounting plugin GameplayTagsEditor
LogPluginManager: Mounting plugin MobileLauncherProfileWizard
LogPluginManager: Mounting plugin PluginBrowser
LogPluginManager: Mounting plugin SpeedTreeImporter
LogPluginManager: Mounting plugin DatasmithContent
LogPluginManager: Mounting plugin AlembicImporter
LogPluginManager: Mounting plugin CharacterAI
LogPluginManager: Mounting plugin HTML5Networking
LogPluginManager: Mounting plugin AndroidMedia
LogPluginManager: Mounting plugin AvfMedia
LogPluginManager: Mounting plugin ImgMedia
LogPluginManager: Mounting plugin LinearTimecode
LogPluginManager: Mounting plugin MediaCompositing
LogPluginManager: Mounting plugin MediaPlayerEditor
LogPluginManager: Mounting plugin WmfMedia
LogPluginManager: Mounting plugin TcpMessaging
LogPluginManager: Mounting plugin UdpMessaging
LogPluginManager: Mounting plugin ActorSequence
LogPluginManager: Mounting plugin LevelSequenceEditor
LogPluginManager: Mounting plugin MatineeToLevelSequence
LogPluginManager: Mounting plugin NetcodeUnitTest
LogPluginManager: Mounting plugin NUTUnrealEngine4
LogPluginManager: Mounting plugin OnlineSubsystemGooglePlay
LogPluginManager: Mounting plugin OnlineSubsystemIOS
LogPluginManager: Mounting plugin OnlineSubsystem
LogPluginManager: Mounting plugin OnlineSubsystemNull
LogPluginManager: Mounting plugin OnlineSubsystemUtils
LogPluginManager: Mounting plugin AndroidDeviceProfileSelector
LogPluginManager: Mounting plugin AndroidMoviePlayer
LogPluginManager: Mounting plugin AndroidPermission
LogPluginManager: Mounting plugin AppleARKit
LogPluginManager: Mounting plugin AppleMoviePlayer
LogPluginManager: Mounting plugin ArchVisCharacter
LogPluginManager: Mounting plugin AudioCapture
LogPluginManager: Mounting plugin CableComponent
LogPluginManager: Mounting plugin CustomMeshComponent
LogPluginManager: Mounting plugin ExampleDeviceProfileSelector
LogPluginManager: Mounting plugin GoogleCloudMessaging
LogPluginManager: Mounting plugin ImmediatePhysics
LogPluginManager: Mounting plugin IOSDeviceProfileSelector
LogPluginManager: Mounting plugin LinuxDeviceProfileSelector
LogPluginManager: Mounting plugin LocationServicesBPLibrary
LogPluginManager: Mounting plugin MobilePatchingUtils
LogPluginManager: Mounting plugin OculusVR
LogPluginManager: Plugin shader directory ../../../Engine/Plugins/Runtime/Oculus/OculusVR/Shaders found
LogPluginManager: Mapping shader source directory ../../../Engine/Plugins/Runtime/Oculus/OculusVR/Shaders to virtual directory /Plugin/OculusVR
LogPluginManager: Mounting plugin PhysXVehicles
LogPluginManager: Mounting plugin ProceduralMeshComponent
LogPluginManager: Mounting plugin RuntimePhysXCooking
LogPluginManager: Mounting plugin SteamVR
LogPluginManager: Mounting plugin WindowsMoviePlayer
<<<<<<< HEAD
LogStreaming: Display: Took  0.651s to configure plugins.
=======
LogStreaming: Display: Took  0.721s to configure plugins.
>>>>>>> 8a11a6ac9923e6b0d6bedb73340035af2a07e71d
LogInit: Using libcurl 7.47.1
LogInit:  - built for x86_64-pc-win32
LogInit:  - supports SSL with OpenSSL/1.0.2g
LogInit:  - supports HTTP deflate (compression) using libz 1.2.8
LogInit:  - other features:
LogInit:      CURL_VERSION_SSL
LogInit:      CURL_VERSION_LIBZ
LogInit:      CURL_VERSION_IPV6
LogInit:      CURL_VERSION_ASYNCHDNS
LogInit:      CURL_VERSION_LARGEFILE
LogInit:      CURL_VERSION_IDN
LogInit:  CurlRequestOptions (configurable via config and command line):
LogInit:  - bVerifyPeer = false  - Libcurl will NOT verify peer certificate
LogInit:  - bUseHttpProxy = false  - Libcurl will NOT use HTTP proxy
LogInit:  - bDontReuseConnections = false  - Libcurl will reuse connections
LogInit:  - CertBundlePath = nullptr  - Libcurl will use whatever was configured at build time.
LogInit:  - MaxHostConnections = 16  - Libcurl will limit the number of connections to a host
LogInit:  - LocalHostAddr = Default
LogInit: WinSock: version 1.1 (2.2), MaxSocks=32767, MaxUdp=65467
LogInit: WinSock: I am Whit-Mac-B19 (10.1.180.180:0)
LogInit: Build: ++UE4+Release-4.19-CL-3989454
LogInit: Engine Version: 4.19.1-3989454+++UE4+Release-4.19
LogInit: Compatible Engine Version: 4.19.0-3944462+++UE4+Release-4.19
LogInit: Net CL: 3944462
LogDevObjectVersion: Number of dev versions registered: 18
LogDevObjectVersion:   Dev-Blueprints (B0D832E4-1F89-4F0D-ACCF-7EB736FD4AA2): 10
LogDevObjectVersion:   Dev-Build (E1C64328-A22C-4D53-A36C-8E866417BD8C): 0
LogDevObjectVersion:   Dev-Core (375EC13C-06E4-48FB-B500-84F0262A717E): 2
LogDevObjectVersion:   Dev-Editor (E4B068ED-F494-42E9-A231-DA0B2E46BB41): 23
LogDevObjectVersion:   Dev-Framework (CFFC743F-43B0-4480-9391-14DF171D2073): 33
LogDevObjectVersion:   Dev-Mobile (B02B49B5-BB20-44E9-A304-32B752E40360): 2
LogDevObjectVersion:   Dev-Networking (A4E4105C-59A1-49B5-A7C5-40C4547EDFEE): 0
LogDevObjectVersion:   Dev-Online (39C831C9-5AE6-47DC-9A44-9C173E1C8E7C): 0
LogDevObjectVersion:   Dev-Physics (78F01B33-EBEA-4F98-B9B4-84EACCB95AA2): 0
LogDevObjectVersion:   Dev-Platform (6631380F-2D4D-43E0-8009-CF276956A95A): 0
LogDevObjectVersion:   Dev-Rendering (12F88B9F-8875-4AFC-A67C-D90C383ABD29): 25
LogDevObjectVersion:   Dev-Sequencer (7B5AE74C-D270-4C10-A958-57980B212A5A): 6
LogDevObjectVersion:   Dev-VR (D7296918-1DD6-4BDD-9DE2-64A83CC13884): 1
LogDevObjectVersion:   Dev-LoadTimes (C2A15278-BFE7-4AFE-6C17-90FF531DF755): 1
LogDevObjectVersion:   Private-Geometry (6EACA3D4-40EC-4CC1-B786-8BED09428FC5): 2
LogDevObjectVersion:   Dev-AnimPhys (29E575DD-E0A3-4627-9D10-D276232CDCEA): 16
LogDevObjectVersion:   Dev-ReflectionCapture (6B266CEC-1EC7-4B8F-A30B-E4D90942FC07): 1
LogDevObjectVersion:   Dev-Automation (0DF73D61-A23F-47EA-B727-89E90C41499A): 1
LogInit: Compiled (64-bit): Apr  6 2018 12:26:04
LogInit: Compiled with Visual C++: 19.00.24215.01
LogInit: Build Configuration: Development
LogInit: Branch Name: ++UE4+Release-4.19
LogInit: Command Line:  
LogInit: Base Directory: C:/Program Files/Epic Games/UE_4.19/Engine/Binaries/Win64/
LogInit: Installed Engine Build: 1
LogStreaming: Display: Took  0.000s to delete old logs.
LogInit: Presizing for max 8388607 objects, including 0 objects not considered by GC, pre-allocating 0 bytes for permanent pool.
LogInit: Object subsystem initialized
<<<<<<< HEAD
[2018.04.19-16.53.19:166][  0]LogInit: Selected Device Profile: [Windows]
[2018.04.19-16.53.19:166][  0]LogInit: Applying CVar settings loaded from the selected device profile: [Windows]
[2018.04.19-16.53.19:177][  0]LogInit: Computer: WHIT-MAC-B11
[2018.04.19-16.53.19:177][  0]LogInit: User: Game
[2018.04.19-16.53.19:177][  0]LogInit: CPU Page size=4096, Cores=4
[2018.04.19-16.53.19:177][  0]LogInit: High frequency timer resolution =3.410077 MHz
[2018.04.19-16.53.19:177][  0]LogMemory: Memory total: Physical=15.9GB (16GB approx)
[2018.04.19-16.53.19:177][  0]LogMemory: Platform Memory Stats for Windows
[2018.04.19-16.53.19:177][  0]LogMemory: Process Physical Memory: 277.24 MB used, 277.24 MB peak
[2018.04.19-16.53.19:177][  0]LogMemory: Process Virtual Memory: 264.79 MB used, 264.79 MB peak
[2018.04.19-16.53.19:177][  0]LogMemory: Physical Memory: 6851.03 MB used,  9449.36 MB free, 16300.39 MB total
[2018.04.19-16.53.19:177][  0]LogMemory: Virtual Memory: 698.12 MB used,  9449.36 MB free, 134217728.00 MB total
[2018.04.19-16.53.19:188][  0]LogInit: Using OS detected language (en-US).
[2018.04.19-16.53.19:189][  0]LogInit: Using OS detected locale (en-US).
[2018.04.19-16.53.19:191][  0]LogTextLocalizationManager: No specific localization for 'en-US' exists, so the 'en' localization will be used.
[2018.04.19-16.53.19:600][  0]LogStreaming: Display: Took  0.412s to EndInitTextLocalization.
[2018.04.19-16.53.19:600][  0]LogInit: Setting process to per monitor DPI aware
[2018.04.19-16.53.19:617][  0]LogSlate: New Slate User Created.  User Index 0, Is Virtual User: 0
[2018.04.19-16.53.19:617][  0]LogSlate: Slate User Registered.  User Index 0, Is Virtual User: 0
[2018.04.19-16.53.19:791][  0]LogD3D11RHI: D3D11 adapters:
[2018.04.19-16.53.19:836][  0]LogD3D11RHI:    0. 'NVIDIA GeForce GTX 1080' (Feature Level 11_0)
[2018.04.19-16.53.19:836][  0]LogD3D11RHI:       8086/0/8150 MB DedicatedVideo/DedicatedSystem/SharedSystem, Outputs:1, VendorId:0x10de
[2018.04.19-16.53.19:838][  0]LogD3D11RHI:    1. 'Microsoft Basic Render Driver' (Feature Level 11_0)
[2018.04.19-16.53.19:838][  0]LogD3D11RHI:       0/0/8150 MB DedicatedVideo/DedicatedSystem/SharedSystem, Outputs:0, VendorId:0x1414
[2018.04.19-16.53.19:838][  0]LogD3D11RHI: Chosen D3D11 Adapter: 0
[2018.04.19-16.53.19:844][  0]LogD3D11RHI: Creating new Direct3DDevice
[2018.04.19-16.53.19:844][  0]LogD3D11RHI:     GPU DeviceId: 0x1b80 (for the marketing name, search the web for "GPU Device Id")
[2018.04.19-16.53.19:844][  0]LogWindows: EnumDisplayDevices:
[2018.04.19-16.53.19:844][  0]LogWindows:    0. 'NVIDIA GeForce GTX 1080' (P:1 D:1)
[2018.04.19-16.53.19:844][  0]LogWindows:    1. 'NVIDIA GeForce GTX 1080' (P:0 D:0)
[2018.04.19-16.53.19:845][  0]LogWindows:    2. 'NVIDIA GeForce GTX 1080' (P:0 D:0)
[2018.04.19-16.53.19:845][  0]LogWindows:    3. 'NVIDIA GeForce GTX 1080' (P:0 D:0)
[2018.04.19-16.53.19:845][  0]LogWindows: DebugString: GetVideoDriverDetailsInvalid PrimaryIsNotTheChoosenAdapter GetVideoDriverDetailsInvalid PrimaryIsNotTheChoosenAdapter GetVideoDriverDetailsInvalid PrimaryIsNotTheChoosenAdapter GetVideoDriverDetailsInvalid PrimaryIsNotTheChoosenAdapter FoundDriverCount:0 
[2018.04.19-16.53.19:845][  0]LogD3D11RHI:     Adapter Name: NVIDIA GeForce GTX 1080
[2018.04.19-16.53.19:845][  0]LogD3D11RHI:   Driver Version: Unknown (internal:Unknown, unified:Unknown)
[2018.04.19-16.53.19:845][  0]LogD3D11RHI:      Driver Date: Unknown
[2018.04.19-16.53.19:845][  0]LogRHI: Texture pool is 5660 MB (70% of 8086 MB)
[2018.04.19-16.53.19:870][  0]LogD3D11RHI: [Aftermath] Aftermath enabled but failed to initialize
[2018.04.19-16.53.19:870][  0]LogD3D11RHI: [Aftermath] Aftermath enabled and primed
[2018.04.19-16.53.19:870][  0]LogD3D11RHI: Async texture creation enabled
[2018.04.19-16.53.19:880][  0]LogD3D11RHI: GPU Timing Frequency: 1000.000000 (Debug: 2 1)
[2018.04.19-16.53.19:928][  0]LogShaderCompilers: Guid format shader working directory is -2 characters bigger than the processId version (../../../../GitHub/Eggspository/moneymoneymoney/Intermediate/Shaders/WorkingDirectory/8888/).
[2018.04.19-16.53.19:928][  0]LogShaderCompilers: Cleaned the shader compiler working directory 'C:/Users/Game/AppData/Local/Temp/UnrealShaderWorkingDir/800752804E1D7D747A8473802A946B9E/'.
[2018.04.19-16.53.20:145][  0]LogTemp: Display: Loaded TP AllDesktopTargetPlatform
[2018.04.19-16.53.20:156][  0]LogTemp: Display: Loaded TP MacClientTargetPlatform
[2018.04.19-16.53.20:168][  0]LogTemp: Display: Loaded TP MacNoEditorTargetPlatform
[2018.04.19-16.53.20:180][  0]LogTemp: Display: Loaded TP MacServerTargetPlatform
[2018.04.19-16.53.20:191][  0]LogTemp: Display: Loaded TP MacTargetPlatform
[2018.04.19-16.53.20:203][  0]LogTemp: Display: Loaded TP WindowsClientTargetPlatform
[2018.04.19-16.53.20:215][  0]LogTemp: Display: Loaded TP WindowsNoEditorTargetPlatform
[2018.04.19-16.53.20:227][  0]LogTemp: Display: Loaded TP WindowsServerTargetPlatform
[2018.04.19-16.53.20:232][  0]LogTemp: Display: Loaded TP WindowsTargetPlatform
[2018.04.19-16.53.20:243][  0]LogTemp: Display: Loaded TP Android_ASTCTargetPlatform
[2018.04.19-16.53.20:254][  0]LogTemp: Display: Loaded TP Android_ATCTargetPlatform
[2018.04.19-16.53.20:265][  0]LogTemp: Display: Loaded TP Android_DXTTargetPlatform
[2018.04.19-16.53.20:276][  0]LogTemp: Display: Loaded TP Android_ETC1aTargetPlatform
[2018.04.19-16.53.20:287][  0]LogTemp: Display: Loaded TP Android_ETC1TargetPlatform
[2018.04.19-16.53.20:298][  0]LogTemp: Display: Loaded TP Android_ETC2TargetPlatform
[2018.04.19-16.53.20:320][  0]LogTemp: Display: Loaded TP Android_MultiTargetPlatform
[2018.04.19-16.53.20:320][  0]LogTemp: Display: Loaded TP Android_PVRTCTargetPlatform
[2018.04.19-16.53.20:331][  0]LogTemp: Display: Loaded TP AndroidTargetPlatform
[2018.04.19-16.53.20:332][  0]LogTemp: Display: Loaded TP HTML5TargetPlatform
[2018.04.19-16.53.20:366][  0]LogTemp: Display: Loaded TP IOSTargetPlatform
[2018.04.19-16.53.20:376][  0]LogTemp: Display: Loaded TP TVOSTargetPlatform
[2018.04.19-16.53.20:389][  0]LogTemp: Display: Loaded TP LinuxClientTargetPlatform
[2018.04.19-16.53.20:401][  0]LogTemp: Display: Loaded TP LinuxNoEditorTargetPlatform
[2018.04.19-16.53.20:413][  0]LogTemp: Display: Loaded TP LinuxServerTargetPlatform
[2018.04.19-16.53.20:427][  0]LogTemp: Display: Loaded TP LinuxTargetPlatform
[2018.04.19-16.53.20:427][  0]LogTargetPlatformManager: Display: Building Assets For Windows
[2018.04.19-16.53.20:503][  0]LogXGEController: Cannot use XGE Controller as Incredibuild is not installed on this machine.
[2018.04.19-16.53.20:503][  0]LogShaderCompilers: Cannot use XGE Shader Compiler as Incredibuild is not installed on this machine.
[2018.04.19-16.53.20:503][  0]LogShaderCompilers: Display: Using Local Shader Compiler.
[2018.04.19-16.53.21:226][  0]LogDerivedDataCache: Display: Max Cache Size: 512 MB
[2018.04.19-16.53.21:300][  0]LogDerivedDataCache: Loaded boot cache 0.07s 74MB C:/Users/Game/AppData/Local/UnrealEngine/4.19/DerivedDataCache/Boot.ddc.
[2018.04.19-16.53.21:300][  0]LogDerivedDataCache: Display: Loaded Boot cache: C:/Users/Game/AppData/Local/UnrealEngine/4.19/DerivedDataCache/Boot.ddc
[2018.04.19-16.53.21:300][  0]LogDerivedDataCache: FDerivedDataBackendGraph:  Pak pak cache file ../../../../GitHub/Eggspository/moneymoneymoney/DerivedDataCache/DDC.ddp not found, will not use a pak cache.
[2018.04.19-16.53.21:300][  0]LogDerivedDataCache: Unable to find inner node Pak for hierarchical cache Hierarchy.
[2018.04.19-16.53.21:300][  0]LogDerivedDataCache: FDerivedDataBackendGraph:  CompressedPak pak cache file ../../../../GitHub/Eggspository/moneymoneymoney/DerivedDataCache/Compressed.ddp not found, will not use a pak cache.
[2018.04.19-16.53.21:300][  0]LogDerivedDataCache: Unable to find inner node CompressedPak for hierarchical cache Hierarchy.
[2018.04.19-16.53.21:315][  0]LogDerivedDataCache: Display: Pak cache opened for reading ../../../Engine/DerivedDataCache/Compressed.ddp.
[2018.04.19-16.53.21:327][  0]LogDerivedDataCache: Using Local data cache path C:/Users/Game/AppData/Local/UnrealEngine/Common/DerivedDataCache: Writable
[2018.04.19-16.53.21:340][  0]LogMaterial: Verifying Global Shaders for PCD3D_SM5
[2018.04.19-16.53.21:341][  0]LogSlate: Using Freetype 2.6.0
[2018.04.19-16.53.21:342][  0]LogSlate: SlateFontCache - WITH_FREETYPE: 1, WITH_HARFBUZZ: 1
[2018.04.19-16.53.21:342][  0]LogSlate: SlateFontCache - WITH_FREETYPE: 1, WITH_HARFBUZZ: 1
[2018.04.19-16.53.21:445][  0]LogAssetRegistry: FAssetRegistry took 0.0250 seconds to start up
[2018.04.19-16.53.21:731][  0]LogInit: Selected Device Profile: [Windows]
[2018.04.19-16.53.21:852][  0]LogSimplygon: Simplygon DLL not present - disabling.
[2018.04.19-16.53.21:853][  0]LogMeshReduction: Using SimplygonSwarm for distributed automatic mesh merging
[2018.04.19-16.53.21:853][  0]LogMeshReduction: Using QuadricMeshReduction for automatic static mesh reduction
[2018.04.19-16.53.21:853][  0]LogMeshReduction: No automatic skeletal mesh reduction module available
[2018.04.19-16.53.21:853][  0]LogMeshReduction: No automatic mesh merging module available
[2018.04.19-16.53.21:853][  0]LogMeshMerging: No automatic mesh merging module available
[2018.04.19-16.53.21:879][  0]LogNetVersion: moneymoneymoney , NetCL: 3944462, EngineNetVer: 2, GameNetVer: 0 (Checksum: 958272539)
[2018.04.19-16.53.22:273][  0]LogPackageLocalizationCache: Processed 9 localized package path(s) for 2 prioritized culture(s) in 0.074118 seconds
[2018.04.19-16.53.22:282][  0]LogUObjectArray: 36728 objects as part of root set at end of initial load.
[2018.04.19-16.53.22:282][  0]LogUObjectAllocator: 7314304 out of 0 bytes used by permanent object pool.
[2018.04.19-16.53.22:282][  0]LogUObjectArray: CloseDisregardForGC: 0/0 objects in disregard for GC pool
[2018.04.19-16.53.23:721][  0]LogTcpMessaging: Initializing TcpMessaging bridge
[2018.04.19-16.53.23:745][  0]LogUdpMessaging: Initializing bridge on interface 0.0.0.0:0 to multicast group 230.0.0.1:6666.
[2018.04.19-16.53.23:999][  0]SourceControl: Source control is disabled
[2018.04.19-16.53.23:999][  0]LogWindows: Warning: CreateProc failed: The system cannot find the file specified. (0x00000002)
[2018.04.19-16.53.23:999][  0]LogWindows: Warning: URL: C:\Program Files\Git\bin\git.exe version
[2018.04.19-16.53.24:011][  0]LogWindows: Warning: CreateProc failed: The system cannot find the file specified. (0x00000002)
[2018.04.19-16.53.24:011][  0]LogWindows: Warning: URL: C:\Program Files\Git\bin\git.exe version
[2018.04.19-16.53.24:022][  0]LogWindows: Warning: CreateProc failed: The system cannot find the file specified. (0x00000002)
[2018.04.19-16.53.24:022][  0]LogWindows: Warning: URL: C:\Program Files\Git\bin\git.exe version
[2018.04.19-16.53.24:382][  0]LogAndroidPermission: UAndroidPermissionCallbackProxy::GetInstance
[2018.04.19-16.53.24:486][  0]LogOcInput: OculusInput pre-init called
[2018.04.19-16.53.24:570][  0]LogEngine: Initializing Engine...
[2018.04.19-16.53.24:571][  0]LogHMD: Failed to initialize OpenVR with code 110
[2018.04.19-16.53.24:572][  0]LogStats: UGameplayTagsManager::ConstructGameplayTagTree: Construct from data asset -  0.000 s
[2018.04.19-16.53.24:572][  0]LogStats: UGameplayTagsManager::ConstructGameplayTagTree: GameplayTagTreeChangedEvent.Broadcast -  0.000 s
[2018.04.19-16.53.24:769][  0]LogAIModule: Creating AISystem for world Untitled
[2018.04.19-16.53.24:787][  0]LogInit: XAudio2 using 'Speakers (Realtek High Definition Audio)' : 2 channels at 48 kHz using 32 bits per sample (channel mask 0x3)
[2018.04.19-16.53.24:798][  0]LogInit: FAudioDevice initialized.
[2018.04.19-16.53.24:864][  0]LogDerivedDataCache: Saved boot cache 0.06s 74MB C:/Users/Game/AppData/Local/UnrealEngine/4.19/DerivedDataCache/Boot.ddc.
[2018.04.19-16.53.24:876][  0]LogInit: Texture streaming: Enabled
[2018.04.19-16.53.24:887][  0]LogEngineSessionManager: EngineSessionManager initialized
[2018.04.19-16.53.24:897][  0]LogInit: Transaction tracking system initialized
[2018.04.19-16.53.24:910][  0]BlueprintLog: New page: Editor Load
[2018.04.19-16.53.24:956][  0]LocalizationService: Localization service is disabled
[2018.04.19-16.53.25:029][  0]LogConsoleResponse: Display: 
[2018.04.19-16.53.25:153][  0]LogCook: Display: Max memory allowance for cook 16384mb min free memory 0mb
[2018.04.19-16.53.25:153][  0]LogCook: Display: Mobile HDR setting 1
[2018.04.19-16.53.25:153][  0]LogGameplayTags: Display: UGameplayTagsManager::DoneAddingNativeTags. DelegateIsBound: 0
[2018.04.19-16.53.25:153][  0]LogStats: UGameplayTagsManager::ConstructGameplayTagTree: Construct from data asset -  0.000 s
[2018.04.19-16.53.25:154][  0]LogStats: UGameplayTagsManager::ConstructGameplayTagTree: GameplayTagTreeChangedEvent.Broadcast -  0.000 s
[2018.04.19-16.53.25:417][  0]LogFileCache: Scanning file cache for directory 'E:/Game Desinged/Unreal/GitHub/Eggspository/moneymoneymoney/Content/' took 0.01s
[2018.04.19-16.53.25:417][  0]LogWindows: Warning: CreateProc failed: The system cannot find the file specified. (0x00000002)
[2018.04.19-16.53.25:417][  0]LogWindows: Warning: URL: C:\Program Files\Git\bin\git.exe version
[2018.04.19-16.53.25:417][  0]Cmd: MAP LOAD FILE="../../../../GitHub/Eggspository/moneymoneymoney/Content/FirstPersonBP/Maps/FirstPersonExampleMap.umap" TEMPLATE=0 SHOWPROGRESS=1 FEATURELEVEL=3
[2018.04.19-16.53.25:431][  0]LogSlate: Took 0.000174 seconds to synchronously load lazily loaded font '../../../Engine/Content/Slate/Fonts/Roboto-Regular.ttf' (155K)
[2018.04.19-16.53.25:451][  0]LogWindowsTextInputMethodSystem: Display: IME system now deactivated.
[2018.04.19-16.55.02:218][  0]LogSlate: Window 'Message' being destroyed
[2018.04.19-16.55.02:219][  0]LogWindowsTextInputMethodSystem: Display: IME system now deactivated.
[2018.04.19-16.55.02:220][  0]LogWindowsTextInputMethodSystem: Display: IME system now deactivated.
[2018.04.19-16.55.02:221][  0]LightingResults: New page: Lighting Build
[2018.04.19-16.55.02:223][  0]MapCheck: New page: Map Check
[2018.04.19-16.55.02:223][  0]LightingResults: New page: Lighting Build
[2018.04.19-16.55.02:233][  0]LogAIModule: Creating AISystem for world Untitled
[2018.04.19-16.55.02:235][  0]LoadErrors: New page: New Map
[2018.04.19-16.55.02:357][  0]LogCollectionManager: Loaded 0 collections in 0.001409 seconds
[2018.04.19-16.55.02:396][  0]LogFileCache: Scanning file cache for directory 'E:/Game Desinged/Unreal/GitHub/Eggspository/moneymoneymoney/Saved/Collections/' took 0.01s
[2018.04.19-16.55.02:396][  0]LogFileCache: Scanning file cache for directory 'E:/Game Desinged/Unreal/GitHub/Eggspository/moneymoneymoney/Content/Developers/Game/Collections/' took 0.01s
[2018.04.19-16.55.02:396][  0]LogFileCache: Scanning file cache for directory 'E:/Game Desinged/Unreal/GitHub/Eggspository/moneymoneymoney/Content/Collections/' took 0.01s
[2018.04.19-16.55.02:396][  0]LogCollectionManager: Rebuilt the GUID cache for 0 collections in 0.000000 seconds
[2018.04.19-16.55.02:404][  0]LogContentBrowser: Native class hierarchy populated in 0.0087 seconds. Added 2452 classes and 558 folders.
[2018.04.19-16.55.02:409][  0]LogContentBrowser: Native class hierarchy updated for 'WidgetCarousel' in 0.0002 seconds. Added 0 classes and 0 folders.
[2018.04.19-16.55.02:442][  0]LogContentBrowser: Native class hierarchy updated for 'AddContentDialog' in 0.0002 seconds. Added 0 classes and 0 folders.
[2018.04.19-16.55.02:445][  0]LogContentBrowser: Native class hierarchy updated for 'SceneOutliner' in 0.0002 seconds. Added 1 classes and 2 folders.
[2018.04.19-16.55.02:486][  0]LogContentBrowser: Native class hierarchy updated for 'HierarchicalLODOutliner' in 0.0002 seconds. Added 0 classes and 0 folders.
[2018.04.19-16.55.02:486][  0]LogLoad: (Engine Initialization) Total time: 105.05 seconds
[2018.04.19-16.55.02:486][  0]LogLoad: (Engine Initialization) Total Blueprint compile time: 0.00 seconds
[2018.04.19-16.55.02:512][  0]LogContentStreaming: Texture pool size now 1000 MB
[2018.04.19-16.55.02:514][  0]LogSlate: Took 0.000155 seconds to synchronously load lazily loaded font '../../../Engine/Content/Slate/Fonts/Roboto-Bold.ttf' (160K)
[2018.04.19-16.55.02:517][  0]LogSlate: Took 0.000142 seconds to synchronously load lazily loaded font '../../../Engine/Content/Editor/Slate/Fonts/FontAwesome.ttf' (139K)
[2018.04.19-16.55.02:626][  1]LogAssetRegistry: Asset discovery search completed in 101.2025 seconds
[2018.04.19-16.55.02:628][  1]LogCollectionManager: Rebuilt the object cache for 0 collections in 0.000000 seconds (found 0 objects)
[2018.04.19-16.55.02:628][  1]LogCollectionManager: Fixed up redirectors for 0 collections in 0.000054 seconds (updated 0 objects)
[2018.04.19-16.55.02:641][  1]LogRenderer: Reallocating scene render targets to support 1480x652 Format 10 NumSamples 1 (Frame:1).
[2018.04.19-16.55.03:510][ 94]LogSlate: Took 0.000240 seconds to synchronously load lazily loaded font '../../../Engine/Content/Slate/Fonts/Roboto-Light.ttf' (167K)
[2018.04.19-16.55.06:051][399]LogSlate: FSceneViewport::OnFocusLost() reason 0
[2018.04.19-16.55.07:798][607]LogSlate: FSceneViewport::OnFocusLost() reason 0
[2018.04.19-16.55.12:650][182]LogAIModule: Creating AISystem for world Bessica
[2018.04.19-16.55.12:666][182]Cmd: MAP LOAD FILE="../../../../GitHub/Eggspository/moneymoneymoney/Content/FirstPersonBP/Maps/Bessica.umap" TEMPLATE=0 SHOWPROGRESS=1 FEATURELEVEL=3
[2018.04.19-16.55.12:666][182]LightingResults: New page: Lighting Build
[2018.04.19-16.55.12:667][182]LoadErrors: New page: Loading map: Bessica.umap
[2018.04.19-16.55.12:667][182]MapCheck: New page: Map Check
[2018.04.19-16.55.12:667][182]LightingResults: New page: Lighting Build
[2018.04.19-16.55.12:678][182]LogEditorServer: Finished looking for orphan Actors (0.000 secs)
[2018.04.19-16.55.12:711][182]Cmd: MAP CHECKDEP NOCLEARLOG
[2018.04.19-16.55.12:745][182]MapCheck: Map check complete: 0 Error(s), 0 Warning(s), took 33.956ms to complete.
[2018.04.19-16.55.12:745][182]LogFileHelpers: Loading map 'Bessica' took 0.080
[2018.04.19-17.00.11:740][896]LogSlate: FSceneViewport::OnFocusLost() reason 0
[2018.04.19-17.00.12:919][ 36]Cmd: OBJ SAVEPACKAGE PACKAGE="/Game/FirstPersonBP/Maps/Bessica" FILE="../../../../GitHub/Eggspository/moneymoneymoney/Content/FirstPersonBP/Maps/Bessica.umap" SILENT=true AUTOSAVING=false KEEPDIRTY=false
[2018.04.19-17.00.12:946][ 36]LogSavePackage: Save=10.80ms
[2018.04.19-17.00.12:946][ 36]LogSavePackage: Moving '../../../../GitHub/Eggspository/moneymoneymoney/Saved/Bessica31AFEEA6434488F1660B58AA74ECDFD9.tmp' to '../../../../GitHub/Eggspository/moneymoneymoney/Content/FirstPersonBP/Maps/Bessica.umap'
[2018.04.19-17.00.12:947][ 36]LogSavePackage: Display: Finished SavePackage ../../../../GitHub/Eggspository/moneymoneymoney/Content/FirstPersonBP/Maps/Bessica.umap
[2018.04.19-17.00.13:519][ 93]LogSlate: Window 'moneymoneymoney - Unreal Editor' being destroyed
[2018.04.19-17.00.13:520][ 93]LogWindowsTextInputMethodSystem: Display: IME system now deactivated.
[2018.04.19-17.00.13:719][ 94]Cmd: QUIT_EDITOR
[2018.04.19-17.00.13:749][ 94]LogSlate: Slate User Destroyed.  User Index 0, Is Virtual User: 0
[2018.04.19-17.00.13:749][ 94]LogExit: Preparing to exit.
[2018.04.19-17.00.13:902][ 94]LogDirectoryWatcher: A directory notification for 'E:/Game Desinged/Unreal/GitHub/Eggspository/moneymoneymoney/Content/' was aborted.
[2018.04.19-17.00.13:915][ 94]LogExit: Editor shut down
[2018.04.19-17.00.13:917][ 94]LogExit: Transaction tracking system shut down
[2018.04.19-17.00.13:980][ 94]LogDirectoryWatcher: A directory notification for '../../../Engine/Content/' was aborted.
[2018.04.19-17.00.13:980][ 94]LogDirectoryWatcher: A directory notification for '../../../../GitHub/Eggspository/moneymoneymoney/Content/' was aborted.
[2018.04.19-17.00.13:980][ 94]LogDirectoryWatcher: A directory notification for '../../Plugins/2D/Paper2D/Content/' was aborted.
[2018.04.19-17.00.13:980][ 94]LogDirectoryWatcher: A directory notification for '../../Plugins/Enterprise/DatasmithContent/Content/' was aborted.
[2018.04.19-17.00.13:980][ 94]LogDirectoryWatcher: A directory notification for '../../Plugins/Media/MediaCompositing/Content/' was aborted.
[2018.04.19-17.00.13:980][ 94]LogDirectoryWatcher: A directory notification for '../../Plugins/Runtime/AppleARKit/Content/' was aborted.
[2018.04.19-17.00.13:980][ 94]LogDirectoryWatcher: A directory notification for '../../Plugins/Runtime/Oculus/OculusVR/Content/' was aborted.
[2018.04.19-17.00.13:981][ 94]LogDirectoryWatcher: A directory notification for '../../Plugins/Runtime/Steam/SteamVR/Content/' was aborted.
[2018.04.19-17.00.14:032][ 94]LogExit: Object subsystem successfully closed.
[2018.04.19-17.00.14:048][ 94]LogShaderCompilers: Display: Shaders left to compile 0
[2018.04.19-17.00.14:051][ 94]LogD3D11RHI: Shutdown
[2018.04.19-17.00.14:051][ 94]LogD3D11RHI: CleanupD3DDevice
[2018.04.19-17.00.14:053][ 94]LogD3D11RHI: ~FD3D11DynamicRHI
[2018.04.19-17.00.14:060][ 94]LogModuleManager: Shutting down and abandoning module HierarchicalLODOutliner (574)
[2018.04.19-17.00.14:060][ 94]LogModuleManager: Shutting down and abandoning module SceneOutliner (572)
[2018.04.19-17.00.14:060][ 94]LogModuleManager: Shutting down and abandoning module AddContentDialog (570)
[2018.04.19-17.00.14:060][ 94]LogDirectoryWatcher: A directory notification for 'E:/Game Desinged/Unreal/UE_4.19/FeaturePacks/' was aborted.
[2018.04.19-17.00.14:061][ 94]LogModuleManager: Shutting down and abandoning module WidgetCarousel (569)
[2018.04.19-17.00.14:061][ 94]LogModuleManager: Shutting down and abandoning module EditorWidgets (566)
[2018.04.19-17.00.14:061][ 94]LogModuleManager: Shutting down and abandoning module CollectionManager (564)
[2018.04.19-17.00.14:061][ 94]LogDirectoryWatcher: A directory notification for 'E:/Game Desinged/Unreal/GitHub/Eggspository/moneymoneymoney/Content/Collections/' was aborted.
[2018.04.19-17.00.14:061][ 94]LogDirectoryWatcher: A directory notification for 'E:/Game Desinged/Unreal/GitHub/Eggspository/moneymoneymoney/Content/Developers/Game/Collections/' was aborted.
[2018.04.19-17.00.14:061][ 94]LogDirectoryWatcher: A directory notification for 'E:/Game Desinged/Unreal/GitHub/Eggspository/moneymoneymoney/Saved/Collections/' was aborted.
[2018.04.19-17.00.14:061][ 94]LogModuleManager: Shutting down and abandoning module StatsViewer (562)
[2018.04.19-17.00.14:061][ 94]LogModuleManager: Shutting down and abandoning module FoliageEdit (560)
[2018.04.19-17.00.14:061][ 94]LogModuleManager: Shutting down and abandoning module LandscapeEditor (558)
[2018.04.19-17.00.14:062][ 94]LogModuleManager: Shutting down and abandoning module MeshPaintMode (556)
[2018.04.19-17.00.14:062][ 94]LogModuleManager: Shutting down and abandoning module SceneDepthPickerMode (554)
[2018.04.19-17.00.14:062][ 94]LogModuleManager: Shutting down and abandoning module ActorPickerMode (552)
[2018.04.19-17.00.14:062][ 94]LogModuleManager: Shutting down and abandoning module GeometryMode (550)
[2018.04.19-17.00.14:062][ 94]LogModuleManager: Shutting down and abandoning module TextureAlignMode (548)
[2018.04.19-17.00.14:062][ 94]LogModuleManager: Shutting down and abandoning module BspMode (546)
[2018.04.19-17.00.14:062][ 94]LogModuleManager: Shutting down and abandoning module PIEPreviewDeviceProfileSelector (544)
[2018.04.19-17.00.14:062][ 94]LogModuleManager: Shutting down and abandoning module HardwareSurvey (542)
[2018.04.19-17.00.14:062][ 94]LogModuleManager: Shutting down and abandoning module SequenceRecorderSections (540)
[2018.04.19-17.00.14:062][ 94]LogModuleManager: Shutting down and abandoning module AutomationWorker (538)
[2018.04.19-17.00.14:062][ 94]LogModuleManager: Shutting down and abandoning module AudioCaptureEditor (536)
[2018.04.19-17.00.14:062][ 94]LogModuleManager: Shutting down and abandoning module SequenceRecorder (535)
[2018.04.19-17.00.14:062][ 94]LogModuleManager: Shutting down and abandoning module MatineeToLevelSequence (532)
[2018.04.19-17.00.14:062][ 94]LogModuleManager: Shutting down and abandoning module LevelSequenceEditor (530)
[2018.04.19-17.00.14:062][ 94]LogModuleManager: Shutting down and abandoning module PlacementMode (529)
[2018.04.19-17.00.14:062][ 94]LogModuleManager: Shutting down and abandoning module MaterialEditor (528)
[2018.04.19-17.00.14:062][ 94]LogModuleManager: Shutting down and abandoning module WmfMediaFactory (524)
[2018.04.19-17.00.14:062][ 94]LogModuleManager: Shutting down and abandoning module WmfMediaEditor (522)
[2018.04.19-17.00.14:062][ 94]LogModuleManager: Shutting down and abandoning module MediaPlayerEditor (520)
[2018.04.19-17.00.14:062][ 94]LogModuleManager: Shutting down and abandoning module OpenExrWrapper (518)
[2018.04.19-17.00.14:062][ 94]LogModuleManager: Shutting down and abandoning module ImgMediaFactory (516)
[2018.04.19-17.00.14:062][ 94]LogModuleManager: Shutting down and abandoning module ImgMediaEditor (514)
[2018.04.19-17.00.14:062][ 94]LogModuleManager: Shutting down and abandoning module AvfMediaFactory (512)
[2018.04.19-17.00.14:062][ 94]LogModuleManager: Shutting down and abandoning module AvfMediaEditor (510)
[2018.04.19-17.00.14:062][ 94]LogModuleManager: Shutting down and abandoning module AndroidMediaFactory (508)
[2018.04.19-17.00.14:062][ 94]LogModuleManager: Shutting down and abandoning module AndroidMediaEditor (506)
[2018.04.19-17.00.14:062][ 94]LogModuleManager: Shutting down and abandoning module CharacterAI (504)
[2018.04.19-17.00.14:062][ 94]LogModuleManager: Shutting down and abandoning module SmartSnapping (502)
[2018.04.19-17.00.14:062][ 94]LogModuleManager: Shutting down and abandoning module SessionServices (500)
[2018.04.19-17.00.14:062][ 94]LogModuleManager: Shutting down and abandoning module ViewportSnapping (498)
[2018.04.19-17.00.14:062][ 94]LogModuleManager: Shutting down and abandoning module ViewportInteraction (496)
[2018.04.19-17.00.14:062][ 94]LogModuleManager: Shutting down and abandoning module ClothPainter (494)
[2018.04.19-17.00.14:062][ 94]LogModuleManager: Shutting down and abandoning module SkeletalMeshEditor (493)
[2018.04.19-17.00.14:062][ 94]LogModuleManager: Shutting down and abandoning module LogVisualizer (490)
[2018.04.19-17.00.14:062][ 94]LogModuleManager: Shutting down and abandoning module IntroTutorials (488)
[2018.04.19-17.00.14:062][ 94]LogModuleManager: Shutting down and abandoning module GameProjectGeneration (487)
[2018.04.19-17.00.14:062][ 94]LogModuleManager: Shutting down and abandoning module IOSPlatformEditor (484)
[2018.04.19-17.00.14:063][ 94]LogModuleManager: Shutting down and abandoning module HTML5PlatformEditor (482)
[2018.04.19-17.00.14:063][ 94]LogModuleManager: Shutting down and abandoning module AndroidPlatformEditor (480)
[2018.04.19-17.00.14:063][ 94]LogModuleManager: Shutting down and abandoning module AndroidDeviceDetection (479)
[2018.04.19-17.00.14:140][ 94]LogModuleManager: Shutting down and abandoning module WindowsPlatformEditor (476)
[2018.04.19-17.00.14:140][ 94]LogModuleManager: Shutting down and abandoning module IOSRuntimeSettings (474)
[2018.04.19-17.00.14:140][ 94]LogModuleManager: Shutting down and abandoning module AndroidRuntimeSettings (472)
[2018.04.19-17.00.14:140][ 94]LogModuleManager: Shutting down and abandoning module InputBindingEditor (470)
[2018.04.19-17.00.14:140][ 94]LogModuleManager: Shutting down and abandoning module MergeActors (468)
[2018.04.19-17.00.14:140][ 94]LogModuleManager: Shutting down and abandoning module LocalizationDashboard (466)
[2018.04.19-17.00.14:140][ 94]LogModuleManager: Shutting down and abandoning module LocalizationService (465)
[2018.04.19-17.00.14:140][ 94]LogModuleManager: Shutting down and abandoning module HardwareTargeting (462)
[2018.04.19-17.00.14:140][ 94]LogModuleManager: Shutting down and abandoning module DeviceProfileEditor (460)
[2018.04.19-17.00.14:140][ 94]LogModuleManager: Shutting down and abandoning module UndoHistory (458)
[2018.04.19-17.00.14:140][ 94]LogModuleManager: Shutting down and abandoning module XmlParser (456)
[2018.04.19-17.00.14:140][ 94]LogModuleManager: Shutting down and abandoning module Blutility (454)
[2018.04.19-17.00.14:140][ 94]LogModuleManager: Shutting down and abandoning module ProjectSettingsViewer (452)
[2018.04.19-17.00.14:140][ 94]LogModuleManager: Shutting down and abandoning module ProjectTargetPlatformEditor (451)
[2018.04.19-17.00.14:140][ 94]LogModuleManager: Shutting down and abandoning module EditorSettingsViewer (448)
[2018.04.19-17.00.14:140][ 94]LogModuleManager: Shutting down and abandoning module SettingsEditor (446)
[2018.04.19-17.00.14:140][ 94]LogModuleManager: Shutting down and abandoning module ProjectLauncher (444)
[2018.04.19-17.00.14:140][ 94]LogModuleManager: Shutting down and abandoning module SessionFrontend (442)
[2018.04.19-17.00.14:140][ 94]LogModuleManager: Shutting down and abandoning module ProfilerClient (440)
[2018.04.19-17.00.14:140][ 94]LogModuleManager: Shutting down and abandoning module DeviceManager (438)
[2018.04.19-17.00.14:141][ 94]LogModuleManager: Shutting down and abandoning module TargetDeviceServices (437)
[2018.04.19-17.00.14:194][ 94]LogModuleManager: Shutting down and abandoning module AutomationController (434)
[2018.04.19-17.00.14:194][ 94]LogModuleManager: Shutting down and abandoning module AutomationWindow (432)
[2018.04.19-17.00.14:194][ 94]LogModuleManager: Shutting down and abandoning module Layers (430)
[2018.04.19-17.00.14:194][ 94]LogModuleManager: Shutting down and abandoning module ComponentVisualizers (428)
[2018.04.19-17.00.14:194][ 94]LogModuleManager: Shutting down and abandoning module DetailCustomizations (426)
[2018.04.19-17.00.14:194][ 94]LogModuleManager: Shutting down and abandoning module PackagesDialog (424)
[2018.04.19-17.00.14:194][ 94]LogModuleManager: Shutting down and abandoning module Persona (422)
[2018.04.19-17.00.14:194][ 94]LogModuleManager: Shutting down and abandoning module AdvancedPreviewScene (421)
[2018.04.19-17.00.14:194][ 94]LogModuleManager: Shutting down and abandoning module AnimGraph (419)
[2018.04.19-17.00.14:194][ 94]LogModuleManager: Shutting down and abandoning module Kismet (416)
[2018.04.19-17.00.14:194][ 94]LogModuleManager: Shutting down and abandoning module GraphEditor (414)
[2018.04.19-17.00.14:194][ 94]LogModuleManager: Shutting down and abandoning module ClassViewer (412)
[2018.04.19-17.00.14:194][ 94]LogModuleManager: Shutting down and abandoning module Toolbox (410)
[2018.04.19-17.00.14:194][ 94]LogModuleManager: Shutting down and abandoning module ModuleUI (408)
[2018.04.19-17.00.14:194][ 94]LogModuleManager: Shutting down and abandoning module MovieSceneTools (406)
[2018.04.19-17.00.14:194][ 94]LogModuleManager: Shutting down and abandoning module OutputLog (404)
[2018.04.19-17.00.14:194][ 94]LogModuleManager: Shutting down and abandoning module GammaUI (402)
[2018.04.19-17.00.14:194][ 94]LogModuleManager: Shutting down and abandoning module Documentation (400)
[2018.04.19-17.00.14:194][ 94]LogModuleManager: Shutting down and abandoning module MovieSceneTracks (398)
[2018.04.19-17.00.14:194][ 94]LogModuleManager: Shutting down and abandoning module MovieScene (396)
[2018.04.19-17.00.14:194][ 94]LogModuleManager: Shutting down and abandoning module StreamingPauseRendering (394)
[2018.04.19-17.00.14:194][ 94]LogModuleManager: Shutting down and abandoning module LauncherPlatform (392)
[2018.04.19-17.00.14:194][ 94]LogModuleManager: Shutting down and abandoning module AnalyticsET (390)
[2018.04.19-17.00.14:194][ 94]LogModuleManager: Shutting down and abandoning module PortalServices (388)
[2018.04.19-17.00.14:195][ 94]LogModuleManager: Shutting down and abandoning module PortalRpc (386)
[2018.04.19-17.00.14:195][ 94]LogModuleManager: Shutting down and abandoning module MessagingRpc (384)
[2018.04.19-17.00.14:195][ 94]LogModuleManager: Shutting down and abandoning module AIModule (382)
[2018.04.19-17.00.14:195][ 94]LogModuleManager: Shutting down and abandoning module GameplayDebugger (381)
[2018.04.19-17.00.14:195][ 94]LogModuleManager: Shutting down and abandoning module AITestSuite (379)
[2018.04.19-17.00.14:195][ 94]LogModuleManager: Shutting down and abandoning module DesktopPlatform (376)
[2018.04.19-17.00.14:195][ 94]LogModuleManager: Shutting down and abandoning module ProfilerService (374)
[2018.04.19-17.00.14:306][ 94]LogModuleManager: Shutting down and abandoning module TaskGraph (372)
[2018.04.19-17.00.14:306][ 94]LogModuleManager: Shutting down and abandoning module SteamVRController (370)
[2018.04.19-17.00.14:306][ 94]LogModuleManager: Shutting down and abandoning module ProceduralMeshComponentEditor (368)
[2018.04.19-17.00.14:306][ 94]LogModuleManager: Shutting down and abandoning module ProceduralMeshComponent (366)
[2018.04.19-17.00.14:306][ 94]LogModuleManager: Shutting down and abandoning module OculusInput (364)
[2018.04.19-17.00.14:306][ 94]LogModuleManager: Shutting down and abandoning module MobilePatchingUtils (362)
[2018.04.19-17.00.14:306][ 94]LogModuleManager: Shutting down and abandoning module CustomMeshComponent (360)
[2018.04.19-17.00.14:306][ 94]LogModuleManager: Shutting down and abandoning module CableComponent (358)
[2018.04.19-17.00.14:306][ 94]LogModuleManager: Shutting down and abandoning module AudioCapture (356)
[2018.04.19-17.00.14:306][ 94]LogModuleManager: Shutting down and abandoning module ArchVisCharacter (354)
[2018.04.19-17.00.14:306][ 94]LogModuleManager: Shutting down and abandoning module AndroidPermission (352)
[2018.04.19-17.00.14:306][ 94]LogModuleManager: Shutting down and abandoning module NUTUnrealEngine4 (348)
[2018.04.19-17.00.14:306][ 94]LogModuleManager: Shutting down and abandoning module NetcodeUnitTest (346)
[2018.04.19-17.00.14:307][ 94]LogModuleManager: Shutting down and abandoning module MediaCompositingEditor (344)
[2018.04.19-17.00.14:307][ 94]LogModuleManager: Shutting down and abandoning module MediaCompositing (342)
[2018.04.19-17.00.14:307][ 94]LogModuleManager: Shutting down and abandoning module LinearTimecode (340)
[2018.04.19-17.00.14:307][ 94]LogModuleManager: Shutting down and abandoning module ImgMedia (338)
[2018.04.19-17.00.14:309][ 94]LogModuleManager: Shutting down and abandoning module HTML5Networking (336)
[2018.04.19-17.00.14:309][ 94]LogModuleManager: Shutting down and abandoning module AlembicImporter (334)
[2018.04.19-17.00.14:309][ 94]LogModuleManager: Shutting down and abandoning module AlembicLibrary (333)
[2018.04.19-17.00.14:309][ 94]LogModuleManager: Shutting down and abandoning module GeometryCache (332)
[2018.04.19-17.00.14:309][ 94]LogModuleManager: Shutting down and abandoning module GeometryCacheEd (331)
[2018.04.19-17.00.14:309][ 94]LogModuleManager: Shutting down and abandoning module DatasmithContent (326)
[2018.04.19-17.00.14:309][ 94]LogModuleManager: Shutting down and abandoning module SpeedTreeImporter (324)
[2018.04.19-17.00.14:309][ 94]LogModuleManager: Shutting down and abandoning module PluginBrowser (322)
[2018.04.19-17.00.14:309][ 94]LogModuleManager: Shutting down and abandoning module MobileLauncherProfileWizard (320)
[2018.04.19-17.00.14:309][ 94]LogModuleManager: Shutting down and abandoning module CryptoKeysOpenSSL (318)
[2018.04.19-17.00.14:309][ 94]LogModuleManager: Shutting down and abandoning module CryptoKeys (316)
[2018.04.19-17.00.14:309][ 94]LogModuleManager: Shutting down and abandoning module VisualStudioSourceCodeAccess (314)
[2018.04.19-17.00.14:309][ 94]LogModuleManager: Shutting down and abandoning module VisualStudioCodeSourceCodeAccess (312)
[2018.04.19-17.00.14:309][ 94]LogModuleManager: Shutting down and abandoning module UObjectPlugin (310)
[2018.04.19-17.00.14:309][ 94]LogModuleManager: Shutting down and abandoning module SubversionSourceControl (308)
[2018.04.19-17.00.14:309][ 94]LogModuleManager: Shutting down and abandoning module PerforceSourceControl (306)
[2018.04.19-17.00.14:309][ 94]LogModuleManager: Shutting down and abandoning module GitSourceControl (304)
[2018.04.19-17.00.14:310][ 94]LogModuleManager: Shutting down and abandoning module SourceControl (303)
[2018.04.19-17.00.14:310][ 94]LogModuleManager: Shutting down and abandoning module CLionSourceCodeAccess (300)
[2018.04.19-17.00.14:310][ 94]LogModuleManager: Shutting down and abandoning module LightPropagationVolumeEditor (298)
[2018.04.19-17.00.14:310][ 94]LogModuleManager: Shutting down and abandoning module PaperTiledImporter (296)
[2018.04.19-17.00.14:310][ 94]LogModuleManager: Shutting down and abandoning module PaperSpriteSheetImporter (294)
[2018.04.19-17.00.14:310][ 94]LogModuleManager: Shutting down and abandoning module Paper2DEditor (292)
[2018.04.19-17.00.14:310][ 94]LogModuleManager: Shutting down and abandoning module MeshPaint (291)
[2018.04.19-17.00.14:310][ 94]LogModuleManager: Shutting down and abandoning module RuntimePhysXCooking (288)
[2018.04.19-17.00.14:310][ 94]LogModuleManager: Shutting down and abandoning module PhysXVehiclesEditor (286)
[2018.04.19-17.00.14:310][ 94]LogModuleManager: Shutting down and abandoning module PhysXVehicles (284)
[2018.04.19-17.00.14:310][ 94]LogModuleManager: Shutting down and abandoning module OculusEditor (282)
[2018.04.19-17.00.14:310][ 94]LogModuleManager: Shutting down and abandoning module LocationServicesBPLibrary (280)
[2018.04.19-17.00.14:310][ 94]LogModuleManager: Shutting down and abandoning module ImmediatePhysicsEditor (278)
[2018.04.19-17.00.14:310][ 94]LogModuleManager: Shutting down and abandoning module ImmediatePhysics (276)
[2018.04.19-17.00.14:310][ 94]LogModuleManager: Shutting down and abandoning module ActorSequence (274)
[2018.04.19-17.00.14:310][ 94]LogModuleManager: Shutting down and abandoning module UdpMessaging (272)
[2018.04.19-17.00.14:410][ 94]LogModuleManager: Shutting down and abandoning module TcpMessaging (270)
[2018.04.19-17.00.14:511][ 94]LogModuleManager: Shutting down and abandoning module GameplayTagsEditor (268)
[2018.04.19-17.00.14:511][ 94]LogModuleManager: Shutting down and abandoning module FacialAnimationEditor (266)
[2018.04.19-17.00.14:511][ 94]LogModuleManager: Shutting down and abandoning module FacialAnimation (264)
[2018.04.19-17.00.14:511][ 94]LogModuleManager: Shutting down and abandoning module DataValidation (262)
[2018.04.19-17.00.14:511][ 94]LogModuleManager: Shutting down and abandoning module AssetManagerEditor (260)
[2018.04.19-17.00.14:511][ 94]LogModuleManager: Shutting down and abandoning module LevelEditor (259)
[2018.04.19-17.00.14:512][ 94]LogModuleManager: Shutting down and abandoning module PixelInspectorModule (258)
[2018.04.19-17.00.14:512][ 94]LogModuleManager: Shutting down and abandoning module CommonMenuExtensions (256)
[2018.04.19-17.00.14:512][ 94]LogModuleManager: Shutting down and abandoning module MainFrame (254)
[2018.04.19-17.00.14:512][ 94]LogModuleManager: Shutting down and abandoning module HotReload (253)
[2018.04.19-17.00.14:513][ 94]LogModuleManager: Shutting down and abandoning module ContentBrowser (249)
[2018.04.19-17.00.14:514][ 94]LogModuleManager: Shutting down and abandoning module TreeMap (247)
[2018.04.19-17.00.14:514][ 94]LogModuleManager: Shutting down and abandoning module LightPropagationVolumeRuntime (244)
[2018.04.19-17.00.14:514][ 94]LogModuleManager: Shutting down and abandoning module LiveLinkEditor (242)
[2018.04.19-17.00.14:514][ 94]LogModuleManager: Shutting down and abandoning module LiveLink (240)
[2018.04.19-17.00.14:636][ 94]LogModuleManager: Shutting down and abandoning module Paper2D (238)
[2018.04.19-17.00.14:636][ 94]LogModuleManager: Shutting down and abandoning module WindowsMoviePlayer (236)
[2018.04.19-17.00.14:636][ 94]LogModuleManager: Shutting down and abandoning module WmfMedia (234)
[2018.04.19-17.00.14:637][ 94]LogModuleManager: Shutting down and abandoning module Media (233)
[2018.04.19-17.00.14:643][ 94]LogModuleManager: Shutting down and abandoning module PacketHandler (230)
[2018.04.19-17.00.14:643][ 94]LogModuleManager: Shutting down and abandoning module ClothingSystemEditor (228)
[2018.04.19-17.00.14:643][ 94]LogModuleManager: Shutting down and abandoning module ClothingSystemRuntime (226)
[2018.04.19-17.00.14:643][ 94]LogModuleManager: Shutting down and abandoning module MediaAssets (224)
[2018.04.19-17.00.14:643][ 94]LogModuleManager: Shutting down and abandoning module Overlay (222)
[2018.04.19-17.00.14:643][ 94]LogModuleManager: Shutting down and abandoning module OverlayEditor (221)
[2018.04.19-17.00.14:643][ 94]LogModuleManager: Shutting down and abandoning module VREditor (218)
[2018.04.19-17.00.14:643][ 94]LogModuleManager: Shutting down and abandoning module StringTableEditor (216)
[2018.04.19-17.00.14:643][ 94]LogModuleManager: Shutting down and abandoning module GameplayTasksEditor (214)
[2018.04.19-17.00.14:643][ 94]LogModuleManager: Shutting down and abandoning module BehaviorTreeEditor (212)
[2018.04.19-17.00.14:643][ 94]LogModuleManager: Shutting down and abandoning module FunctionalTesting (210)
[2018.04.19-17.00.14:643][ 94]LogModuleManager: Shutting down and abandoning module CollisionAnalyzer (208)
[2018.04.19-17.00.14:643][ 94]LogModuleManager: Shutting down and abandoning module WorkspaceMenuStructure (207)
[2018.04.19-17.00.14:643][ 94]LogModuleManager: Shutting down and abandoning module UMG (204)
[2018.04.19-17.00.14:643][ 94]LogModuleManager: Shutting down and abandoning module UMGEditor (203)
[2018.04.19-17.00.14:643][ 94]LogModuleManager: Shutting down and abandoning module Sequencer (202)
[2018.04.19-17.00.14:643][ 94]LogModuleManager: Shutting down and abandoning module MessageLog (199)
[2018.04.19-17.00.14:643][ 94]LogModuleManager: Shutting down and abandoning module SlateReflector (194)
[2018.04.19-17.00.14:643][ 94]LogModuleManager: Shutting down and abandoning module Slate (192)
[2018.04.19-17.00.14:643][ 94]LogModuleManager: Shutting down and abandoning module EditorStyle (190)
[2018.04.19-17.00.14:645][ 94]LogModuleManager: Shutting down and abandoning module MRMesh (188)
[2018.04.19-17.00.14:645][ 94]LogModuleManager: Shutting down and abandoning module SourceCodeAccess (186)
[2018.04.19-17.00.14:645][ 94]LogModuleManager: Shutting down and abandoning module HeadMountedDisplay (184)
[2018.04.19-17.00.14:645][ 94]LogModuleManager: Shutting down and abandoning module XAudio2 (182)
[2018.04.19-17.00.14:645][ 94]LogModuleManager: Shutting down and abandoning module Networking (180)
[2018.04.19-17.00.14:645][ 94]LogModuleManager: Shutting down and abandoning module Core (178)
[2018.04.19-17.00.14:645][ 94]LogModuleManager: Shutting down and abandoning module LevelSequence (176)
[2018.04.19-17.00.14:645][ 94]LogModuleManager: Shutting down and abandoning module KismetCompiler (174)
[2018.04.19-17.00.14:645][ 94]LogModuleManager: Shutting down and abandoning module MeshUtilities (172)
[2018.04.19-17.00.14:645][ 94]LogModuleManager: Shutting down and abandoning module MeshMergeUtilities (171)
[2018.04.19-17.00.14:645][ 94]LogModuleManager: Shutting down and abandoning module MeshReductionInterface (170)
[2018.04.19-17.00.14:645][ 94]LogModuleManager: Shutting down and abandoning module SimplygonSwarm (169)
[2018.04.19-17.00.14:645][ 94]LogModuleManager: Shutting down and abandoning module SimplygonMeshReduction (167)
[2018.04.19-17.00.14:645][ 94]LogModuleManager: Shutting down and abandoning module QuadricMeshReduction (165)
[2018.04.19-17.00.14:645][ 94]LogModuleManager: Shutting down and abandoning module MaterialBaking (161)
[2018.04.19-17.00.14:645][ 94]LogModuleManager: Shutting down and abandoning module DirectoryWatcher (157)
[2018.04.19-17.00.14:646][ 94]LogModuleManager: Shutting down and abandoning module DerivedDataCache (154)
[2018.04.19-17.00.14:675][ 94]LogDerivedDataCache: Shutdown
[2018.04.19-17.00.14:675][ 94]LogModuleManager: Shutting down and abandoning module XGEController (152)
[2018.04.19-17.00.14:675][ 94]LogModuleManager: Shutting down and abandoning module TargetPlatform (150)
[2018.04.19-17.00.14:675][ 94]LogModuleManager: Shutting down and abandoning module VulkanShaderFormat (149)
[2018.04.19-17.00.14:675][ 94]LogModuleManager: Shutting down and abandoning module ShaderFormatVectorVM (147)
[2018.04.19-17.00.14:675][ 94]LogModuleManager: Shutting down and abandoning module ShaderFormatOpenGL (145)
[2018.04.19-17.00.14:675][ 94]LogModuleManager: Shutting down and abandoning module ShaderFormatD3D (143)
[2018.04.19-17.00.14:675][ 94]LogModuleManager: Shutting down and abandoning module MetalShaderFormat (141)
[2018.04.19-17.00.14:675][ 94]LogModuleManager: Shutting down and abandoning module TextureFormatUncompressed (139)
[2018.04.19-17.00.14:675][ 94]LogModuleManager: Shutting down and abandoning module TextureFormatPVR (137)
[2018.04.19-17.00.14:675][ 94]LogModuleManager: Shutting down and abandoning module TextureFormatDXT (135)
[2018.04.19-17.00.14:675][ 94]LogModuleManager: Shutting down and abandoning module TextureFormatIntelISPCTexComp (133)
[2018.04.19-17.00.14:675][ 94]LogModuleManager: Shutting down and abandoning module TextureFormatASTC (131)
[2018.04.19-17.00.14:675][ 94]LogModuleManager: Shutting down and abandoning module ImageWrapper (130)
[2018.04.19-17.00.14:675][ 94]LogModuleManager: Shutting down and abandoning module TextureFormatAndroid (127)
[2018.04.19-17.00.14:675][ 94]LogModuleManager: Shutting down and abandoning module AudioFormatOpus (125)
[2018.04.19-17.00.14:675][ 94]LogModuleManager: Shutting down and abandoning module AudioFormatOgg (123)
[2018.04.19-17.00.14:675][ 94]LogModuleManager: Shutting down and abandoning module AudioFormatADPCM (121)
[2018.04.19-17.00.14:675][ 94]LogModuleManager: Shutting down and abandoning module LinuxTargetPlatform (119)
[2018.04.19-17.00.14:675][ 94]LogModuleManager: Shutting down and abandoning module LinuxServerTargetPlatform (117)
[2018.04.19-17.00.14:675][ 94]LogModuleManager: Shutting down and abandoning module LinuxNoEditorTargetPlatform (115)
[2018.04.19-17.00.14:675][ 94]LogModuleManager: Shutting down and abandoning module LinuxClientTargetPlatform (113)
[2018.04.19-17.00.14:675][ 94]LogModuleManager: Shutting down and abandoning module TVOSTargetPlatform (111)
[2018.04.19-17.00.14:675][ 94]LogModuleManager: Shutting down and abandoning module Messaging (109)
[2018.04.19-17.00.14:675][ 94]LogModuleManager: Shutting down and abandoning module IOSTargetPlatform (107)
[2018.04.19-17.00.14:675][ 94]LogModuleManager: Shutting down and abandoning module HTML5TargetPlatform (105)
[2018.04.19-17.00.14:675][ 94]LogModuleManager: Shutting down and abandoning module AndroidTargetPlatform (103)
[2018.04.19-17.00.14:675][ 94]LogModuleManager: Shutting down and abandoning module Android_PVRTCTargetPlatform (101)
[2018.04.19-17.00.14:675][ 94]LogModuleManager: Shutting down and abandoning module Android_MultiTargetPlatform (99)
[2018.04.19-17.00.14:675][ 94]LogModuleManager: Shutting down and abandoning module Android_ETC2TargetPlatform (97)
[2018.04.19-17.00.14:675][ 94]LogModuleManager: Shutting down and abandoning module Android_ETC1TargetPlatform (95)
[2018.04.19-17.00.14:675][ 94]LogModuleManager: Shutting down and abandoning module Android_ETC1aTargetPlatform (93)
[2018.04.19-17.00.14:675][ 94]LogModuleManager: Shutting down and abandoning module Android_DXTTargetPlatform (91)
[2018.04.19-17.00.14:675][ 94]LogModuleManager: Shutting down and abandoning module Android_ATCTargetPlatform (89)
[2018.04.19-17.00.14:675][ 94]LogModuleManager: Shutting down and abandoning module Android_ASTCTargetPlatform (87)
[2018.04.19-17.00.14:675][ 94]LogModuleManager: Shutting down and abandoning module WindowsTargetPlatform (85)
[2018.04.19-17.00.14:675][ 94]LogModuleManager: Shutting down and abandoning module WindowsServerTargetPlatform (83)
[2018.04.19-17.00.14:675][ 94]LogModuleManager: Shutting down and abandoning module WindowsNoEditorTargetPlatform (81)
[2018.04.19-17.00.14:675][ 94]LogModuleManager: Shutting down and abandoning module WindowsClientTargetPlatform (79)
[2018.04.19-17.00.14:675][ 94]LogModuleManager: Shutting down and abandoning module MacTargetPlatform (77)
[2018.04.19-17.00.14:675][ 94]LogModuleManager: Shutting down and abandoning module MacServerTargetPlatform (75)
[2018.04.19-17.00.14:675][ 94]LogModuleManager: Shutting down and abandoning module MacNoEditorTargetPlatform (73)
[2018.04.19-17.00.14:675][ 94]LogModuleManager: Shutting down and abandoning module MacClientTargetPlatform (71)
[2018.04.19-17.00.14:675][ 94]LogModuleManager: Shutting down and abandoning module AllDesktopTargetPlatform (69)
[2018.04.19-17.00.14:675][ 94]LogModuleManager: Shutting down and abandoning module InputCore (66)
[2018.04.19-17.00.14:675][ 94]LogModuleManager: Shutting down and abandoning module Settings (64)
[2018.04.19-17.00.14:676][ 94]LogModuleManager: Shutting down and abandoning module PhysXCooking (62)
[2018.04.19-17.00.14:676][ 94]LogModuleManager: Shutting down and abandoning module SteamVR (60)
[2018.04.19-17.00.14:676][ 94]LogModuleManager: Shutting down and abandoning module OculusHMD (58)
[2018.04.19-17.00.14:676][ 94]LogModuleManager: Shutting down and abandoning module ExampleDeviceProfileSelector (56)
[2018.04.19-17.00.14:676][ 94]LogModuleManager: Shutting down and abandoning module AppleARKit (54)
[2018.04.19-17.00.14:676][ 94]LogModuleManager: Shutting down and abandoning module AugmentedReality (51)
[2018.04.19-17.00.14:676][ 94]LogModuleManager: Shutting down and abandoning module OnlineBlueprintSupport (48)
[2018.04.19-17.00.14:676][ 94]LogModuleManager: Shutting down and abandoning module OnlineSubsystem (44)
[2018.04.19-17.00.14:676][ 94]LogModuleManager: Shutting down and abandoning module XMPP (43)
[2018.04.19-17.00.14:676][ 94]LogModuleManager: Shutting down and abandoning module HTTP (41)
[2018.04.19-17.00.14:676][ 94]LogHttp: Display: Http module shutting down, but needs to wait on 1 outstanding Http requests:
[2018.04.19-17.00.14:676][ 94]LogHttp: Display: 	verb=[POST] url=[https://datarouter.ol.epicgames.com/datarouter/api/v1/public/data?SessionID=%7BF4B11F4B-4CCA-41AD-DFDE-AC9F8F70E1B6%7D&AppID=UEEditor.Rocket.Release&AppVersion=4.19.1-3989454%2B%2B%2BUE4%2BRelease-4.19&UserID=e969f416415fcac0abcff9902d9196eb%7C4529fd5a42e54e5dbbba0818d8efc94c%7C551195f0-e47e-45d9-b9a9-c8c21b00246d&AppEnvironment=datacollector-binary&UploadType=eteventstream] status=Processing
[2018.04.19-17.00.14:689][ 94]LogModuleManager: Shutting down and abandoning module SSL (40)
[2018.04.19-17.00.14:690][ 94]LogModuleManager: Shutting down and abandoning module AnimationModifiers (36)
[2018.04.19-17.00.14:690][ 94]LogModuleManager: Shutting down and abandoning module PropertyEditor (35)
[2018.04.19-17.00.14:690][ 94]LogModuleManager: Shutting down and abandoning module AudioEditor (32)
[2018.04.19-17.00.14:690][ 94]LogModuleManager: Shutting down and abandoning module TextureCompressor (30)
[2018.04.19-17.00.14:690][ 94]LogModuleManager: Shutting down and abandoning module ShaderCore (28)
[2018.04.19-17.00.14:690][ 94]LogModuleManager: Shutting down and abandoning module Landscape (26)
[2018.04.19-17.00.14:690][ 94]LogModuleManager: Shutting down and abandoning module SlateRHIRenderer (24)
[2018.04.19-17.00.14:691][ 94]LogModuleManager: Shutting down and abandoning module OpenGLDrv (22)
[2018.04.19-17.00.14:691][ 94]LogModuleManager: Shutting down and abandoning module D3D11RHI (20)
[2018.04.19-17.00.14:691][ 94]LogModuleManager: Shutting down and abandoning module AnimGraphRuntime (18)
[2018.04.19-17.00.14:691][ 94]LogModuleManager: Shutting down and abandoning module Renderer (16)
[2018.04.19-17.00.14:691][ 94]LogModuleManager: Shutting down and abandoning module Engine (14)
[2018.04.19-17.00.14:691][ 94]LogModuleManager: Shutting down and abandoning module CoreUObject (12)
[2018.04.19-17.00.14:691][ 94]LogModuleManager: Shutting down and abandoning module NetworkFile (10)
[2018.04.19-17.00.14:691][ 94]LogModuleManager: Shutting down and abandoning module CookedIterativeFile (8)
[2018.04.19-17.00.14:691][ 94]LogModuleManager: Shutting down and abandoning module StreamingFile (6)
[2018.04.19-17.00.14:691][ 94]LogModuleManager: Shutting down and abandoning module SandboxFile (4)
[2018.04.19-17.00.14:691][ 94]LogModuleManager: Shutting down and abandoning module PakFile (2)
[2018.04.19-17.00.14:696][ 94]LogExit: Exiting.
[2018.04.19-17.00.14:709][ 94]Log file closed, 04/19/18 10:00:14
=======
[2018.04.19-16.48.05:339][  0]LogInit: Selected Device Profile: [Windows]
[2018.04.19-16.48.05:339][  0]LogInit: Applying CVar settings loaded from the selected device profile: [Windows]
[2018.04.19-16.48.05:360][  0]LogInit: Computer: WHIT-MAC-B19
[2018.04.19-16.48.05:360][  0]LogInit: User: Game
[2018.04.19-16.48.05:360][  0]LogInit: CPU Page size=4096, Cores=4
[2018.04.19-16.48.05:360][  0]LogInit: High frequency timer resolution =3.410073 MHz
[2018.04.19-16.48.05:360][  0]LogMemory: Memory total: Physical=15.9GB (16GB approx)
[2018.04.19-16.48.05:360][  0]LogMemory: Platform Memory Stats for Windows
[2018.04.19-16.48.05:360][  0]LogMemory: Process Physical Memory: 274.97 MB used, 274.97 MB peak
[2018.04.19-16.48.05:360][  0]LogMemory: Process Virtual Memory: 264.58 MB used, 264.58 MB peak
[2018.04.19-16.48.05:360][  0]LogMemory: Physical Memory: 5949.00 MB used,  10351.39 MB free, 16300.39 MB total
[2018.04.19-16.48.05:360][  0]LogMemory: Virtual Memory: 697.59 MB used,  10351.39 MB free, 134217728.00 MB total
[2018.04.19-16.48.05:376][  0]LogInit: Using OS detected language (en-US).
[2018.04.19-16.48.05:376][  0]LogInit: Using OS detected locale (en-US).
[2018.04.19-16.48.05:379][  0]LogTextLocalizationManager: No specific localization for 'en-US' exists, so the 'en' localization will be used.
[2018.04.19-16.48.05:783][  0]LogStreaming: Display: Took  0.408s to EndInitTextLocalization.
[2018.04.19-16.48.05:783][  0]LogInit: Setting process to per monitor DPI aware
[2018.04.19-16.48.05:826][  0]LogSlate: New Slate User Created.  User Index 0, Is Virtual User: 0
[2018.04.19-16.48.05:826][  0]LogSlate: Slate User Registered.  User Index 0, Is Virtual User: 0
[2018.04.19-16.48.06:001][  0]LogD3D11RHI: D3D11 adapters:
[2018.04.19-16.48.06:053][  0]LogD3D11RHI:    0. 'NVIDIA GeForce GTX 1080' (Feature Level 11_0)
[2018.04.19-16.48.06:053][  0]LogD3D11RHI:       8086/0/8150 MB DedicatedVideo/DedicatedSystem/SharedSystem, Outputs:1, VendorId:0x10de
[2018.04.19-16.48.06:055][  0]LogD3D11RHI:    1. 'Microsoft Basic Render Driver' (Feature Level 11_0)
[2018.04.19-16.48.06:055][  0]LogD3D11RHI:       0/0/8150 MB DedicatedVideo/DedicatedSystem/SharedSystem, Outputs:0, VendorId:0x1414
[2018.04.19-16.48.06:055][  0]LogD3D11RHI: Chosen D3D11 Adapter: 0
[2018.04.19-16.48.06:063][  0]LogD3D11RHI: Creating new Direct3DDevice
[2018.04.19-16.48.06:063][  0]LogD3D11RHI:     GPU DeviceId: 0x1b80 (for the marketing name, search the web for "GPU Device Id")
[2018.04.19-16.48.06:063][  0]LogWindows: EnumDisplayDevices:
[2018.04.19-16.48.06:063][  0]LogWindows:    0. 'NVIDIA GeForce GTX 1080' (P:1 D:1)
[2018.04.19-16.48.06:063][  0]LogWindows:    1. 'NVIDIA GeForce GTX 1080' (P:0 D:0)
[2018.04.19-16.48.06:063][  0]LogWindows:    2. 'NVIDIA GeForce GTX 1080' (P:0 D:0)
[2018.04.19-16.48.06:063][  0]LogWindows:    3. 'NVIDIA GeForce GTX 1080' (P:0 D:0)
[2018.04.19-16.48.06:063][  0]LogWindows: DebugString: GetVideoDriverDetailsInvalid PrimaryIsNotTheChoosenAdapter GetVideoDriverDetailsInvalid PrimaryIsNotTheChoosenAdapter GetVideoDriverDetailsInvalid PrimaryIsNotTheChoosenAdapter GetVideoDriverDetailsInvalid PrimaryIsNotTheChoosenAdapter FoundDriverCount:0 
[2018.04.19-16.48.06:063][  0]LogD3D11RHI:     Adapter Name: NVIDIA GeForce GTX 1080
[2018.04.19-16.48.06:063][  0]LogD3D11RHI:   Driver Version: Unknown (internal:Unknown, unified:Unknown)
[2018.04.19-16.48.06:063][  0]LogD3D11RHI:      Driver Date: Unknown
[2018.04.19-16.48.06:063][  0]LogRHI: Texture pool is 5660 MB (70% of 8086 MB)
[2018.04.19-16.48.06:097][  0]LogD3D11RHI: [Aftermath] Aftermath enabled but failed to initialize
[2018.04.19-16.48.06:097][  0]LogD3D11RHI: [Aftermath] Aftermath enabled and primed
[2018.04.19-16.48.06:097][  0]LogD3D11RHI: Async texture creation enabled
[2018.04.19-16.48.06:109][  0]LogD3D11RHI: GPU Timing Frequency: 1000.000000 (Debug: 2 1)
[2018.04.19-16.48.06:152][  0]LogShaderCompilers: Guid format shader working directory is -1 characters bigger than the processId version (E:/GameDesGithub/Eggspository/moneymoneymoney/Intermediate/Shaders/WorkingDirectory/28708/).
[2018.04.19-16.48.06:152][  0]LogShaderCompilers: Cleaned the shader compiler working directory 'C:/Users/Game/AppData/Local/Temp/UnrealShaderWorkingDir/1F5746EF439FD335B51722A64FA8A03A/'.
[2018.04.19-16.48.06:382][  0]LogTemp: Display: Loaded TP AllDesktopTargetPlatform
[2018.04.19-16.48.06:394][  0]LogTemp: Display: Loaded TP MacClientTargetPlatform
[2018.04.19-16.48.06:407][  0]LogTemp: Display: Loaded TP MacNoEditorTargetPlatform
[2018.04.19-16.48.06:419][  0]LogTemp: Display: Loaded TP MacServerTargetPlatform
[2018.04.19-16.48.06:432][  0]LogTemp: Display: Loaded TP MacTargetPlatform
[2018.04.19-16.48.06:444][  0]LogTemp: Display: Loaded TP WindowsClientTargetPlatform
[2018.04.19-16.48.06:456][  0]LogTemp: Display: Loaded TP WindowsNoEditorTargetPlatform
[2018.04.19-16.48.06:469][  0]LogTemp: Display: Loaded TP WindowsServerTargetPlatform
[2018.04.19-16.48.06:474][  0]LogTemp: Display: Loaded TP WindowsTargetPlatform
[2018.04.19-16.48.06:485][  0]LogTemp: Display: Loaded TP Android_ASTCTargetPlatform
[2018.04.19-16.48.06:496][  0]LogTemp: Display: Loaded TP Android_ATCTargetPlatform
[2018.04.19-16.48.06:507][  0]LogTemp: Display: Loaded TP Android_DXTTargetPlatform
[2018.04.19-16.48.06:518][  0]LogTemp: Display: Loaded TP Android_ETC1aTargetPlatform
[2018.04.19-16.48.06:529][  0]LogTemp: Display: Loaded TP Android_ETC1TargetPlatform
[2018.04.19-16.48.06:540][  0]LogTemp: Display: Loaded TP Android_ETC2TargetPlatform
[2018.04.19-16.48.06:561][  0]LogTemp: Display: Loaded TP Android_MultiTargetPlatform
[2018.04.19-16.48.06:561][  0]LogTemp: Display: Loaded TP Android_PVRTCTargetPlatform
[2018.04.19-16.48.06:573][  0]LogTemp: Display: Loaded TP AndroidTargetPlatform
[2018.04.19-16.48.06:574][  0]LogTemp: Display: Loaded TP HTML5TargetPlatform
[2018.04.19-16.48.06:610][  0]LogTemp: Display: Loaded TP IOSTargetPlatform
[2018.04.19-16.48.06:621][  0]LogTemp: Display: Loaded TP TVOSTargetPlatform
[2018.04.19-16.48.06:632][  0]LogTemp: Display: Loaded TP LinuxClientTargetPlatform
[2018.04.19-16.48.06:643][  0]LogTemp: Display: Loaded TP LinuxNoEditorTargetPlatform
[2018.04.19-16.48.06:654][  0]LogTemp: Display: Loaded TP LinuxServerTargetPlatform
[2018.04.19-16.48.06:666][  0]LogTemp: Display: Loaded TP LinuxTargetPlatform
[2018.04.19-16.48.06:666][  0]LogTargetPlatformManager: Display: Building Assets For Windows
[2018.04.19-16.48.06:757][  0]LogXGEController: Cleaning working directory: C:/Users/Game/AppData/Local/Temp/UnrealXGEWorkingDir/
[2018.04.19-16.48.06:757][  0]LogXGEController: Cannot use XGE Controller as Incredibuild is not installed on this machine.
[2018.04.19-16.48.06:757][  0]LogShaderCompilers: Cannot use XGE Shader Compiler as Incredibuild is not installed on this machine.
[2018.04.19-16.48.06:757][  0]LogShaderCompilers: Display: Using Local Shader Compiler.
[2018.04.19-16.48.07:522][  0]LogDerivedDataCache: Display: Max Cache Size: 512 MB
[2018.04.19-16.48.07:601][  0]LogDerivedDataCache: Loaded boot cache 0.08s 74MB C:/Users/Game/AppData/Local/UnrealEngine/4.19/DerivedDataCache/Boot.ddc.
[2018.04.19-16.48.07:601][  0]LogDerivedDataCache: Display: Loaded Boot cache: C:/Users/Game/AppData/Local/UnrealEngine/4.19/DerivedDataCache/Boot.ddc
[2018.04.19-16.48.07:602][  0]LogDerivedDataCache: FDerivedDataBackendGraph:  Pak pak cache file E:/GameDesGithub/Eggspository/moneymoneymoney/DerivedDataCache/DDC.ddp not found, will not use a pak cache.
[2018.04.19-16.48.07:602][  0]LogDerivedDataCache: Unable to find inner node Pak for hierarchical cache Hierarchy.
[2018.04.19-16.48.07:602][  0]LogDerivedDataCache: FDerivedDataBackendGraph:  CompressedPak pak cache file E:/GameDesGithub/Eggspository/moneymoneymoney/DerivedDataCache/Compressed.ddp not found, will not use a pak cache.
[2018.04.19-16.48.07:602][  0]LogDerivedDataCache: Unable to find inner node CompressedPak for hierarchical cache Hierarchy.
[2018.04.19-16.48.07:617][  0]LogDerivedDataCache: Display: Pak cache opened for reading ../../../Engine/DerivedDataCache/Compressed.ddp.
[2018.04.19-16.48.07:630][  0]LogDerivedDataCache: Using Local data cache path C:/Users/Game/AppData/Local/UnrealEngine/Common/DerivedDataCache: Writable
[2018.04.19-16.48.07:659][  0]LogMaterial: Verifying Global Shaders for PCD3D_SM5
[2018.04.19-16.48.07:660][  0]LogSlate: Using Freetype 2.6.0
[2018.04.19-16.48.07:661][  0]LogSlate: SlateFontCache - WITH_FREETYPE: 1, WITH_HARFBUZZ: 1
[2018.04.19-16.48.07:661][  0]LogSlate: SlateFontCache - WITH_FREETYPE: 1, WITH_HARFBUZZ: 1
[2018.04.19-16.48.07:785][  0]LogAssetRegistry: FAssetRegistry took 0.0262 seconds to start up
[2018.04.19-16.48.08:083][  0]LogInit: Selected Device Profile: [Windows]
[2018.04.19-16.48.08:229][  0]LogSimplygon: Simplygon DLL not present - disabling.
[2018.04.19-16.48.08:232][  0]LogMeshReduction: Using SimplygonSwarm for distributed automatic mesh merging
[2018.04.19-16.48.08:232][  0]LogMeshReduction: Using QuadricMeshReduction for automatic static mesh reduction
[2018.04.19-16.48.08:232][  0]LogMeshReduction: No automatic skeletal mesh reduction module available
[2018.04.19-16.48.08:232][  0]LogMeshReduction: No automatic mesh merging module available
[2018.04.19-16.48.08:232][  0]LogMeshMerging: No automatic mesh merging module available
[2018.04.19-16.48.08:274][  0]LogNetVersion: moneymoneymoney , NetCL: 3944462, EngineNetVer: 2, GameNetVer: 0 (Checksum: 958272539)
[2018.04.19-16.48.08:822][  0]LogPackageLocalizationCache: Processed 9 localized package path(s) for 2 prioritized culture(s) in 0.095941 seconds
[2018.04.19-16.48.08:828][  0]LogUObjectArray: 36728 objects as part of root set at end of initial load.
[2018.04.19-16.48.08:828][  0]LogUObjectAllocator: 7314304 out of 0 bytes used by permanent object pool.
[2018.04.19-16.48.08:828][  0]LogUObjectArray: CloseDisregardForGC: 0/0 objects in disregard for GC pool
[2018.04.19-16.48.10:528][  0]LogTcpMessaging: Initializing TcpMessaging bridge
[2018.04.19-16.48.10:574][  0]LogUdpMessaging: Initializing bridge on interface 0.0.0.0:0 to multicast group 230.0.0.1:6666.
[2018.04.19-16.48.10:894][  0]SourceControl: Source control is disabled
[2018.04.19-16.48.11:642][  0]LogAndroidPermission: UAndroidPermissionCallbackProxy::GetInstance
[2018.04.19-16.48.11:775][  0]LogOcInput: OculusInput pre-init called
[2018.04.19-16.48.11:894][  0]LogEngine: Initializing Engine...
[2018.04.19-16.48.11:895][  0]LogHMD: Failed to initialize OpenVR with code 110
[2018.04.19-16.48.11:897][  0]LogStats: UGameplayTagsManager::ConstructGameplayTagTree: Construct from data asset -  0.000 s
[2018.04.19-16.48.11:897][  0]LogStats: UGameplayTagsManager::ConstructGameplayTagTree: GameplayTagTreeChangedEvent.Broadcast -  0.000 s
[2018.04.19-16.48.12:149][  0]LogAIModule: Creating AISystem for world Untitled
[2018.04.19-16.48.12:211][  0]LogInit: XAudio2 using 'Speakers (Realtek High Definition Audio)' : 2 channels at 48 kHz using 32 bits per sample (channel mask 0x3)
[2018.04.19-16.48.12:253][  0]LogInit: FAudioDevice initialized.
[2018.04.19-16.48.12:328][  0]LogDerivedDataCache: Saved boot cache 0.07s 74MB C:/Users/Game/AppData/Local/UnrealEngine/4.19/DerivedDataCache/Boot.ddc.
[2018.04.19-16.48.12:350][  0]LogInit: Texture streaming: Enabled
[2018.04.19-16.48.12:367][  0]LogEngineSessionManager: EngineSessionManager initialized
[2018.04.19-16.48.12:383][  0]LogInit: Transaction tracking system initialized
[2018.04.19-16.48.12:404][  0]BlueprintLog: New page: Editor Load
[2018.04.19-16.48.12:491][  0]LocalizationService: Localization service is disabled
[2018.04.19-16.48.12:610][  0]LogConsoleResponse: Display: 
[2018.04.19-16.48.12:774][  0]LogCook: Display: Max memory allowance for cook 16384mb min free memory 0mb
[2018.04.19-16.48.12:774][  0]LogCook: Display: Mobile HDR setting 1
[2018.04.19-16.48.12:774][  0]LogGameplayTags: Display: UGameplayTagsManager::DoneAddingNativeTags. DelegateIsBound: 0
[2018.04.19-16.48.12:774][  0]LogStats: UGameplayTagsManager::ConstructGameplayTagTree: Construct from data asset -  0.000 s
[2018.04.19-16.48.12:774][  0]LogStats: UGameplayTagsManager::ConstructGameplayTagTree: GameplayTagTreeChangedEvent.Broadcast -  0.000 s
[2018.04.19-16.48.12:812][  0]LogFileCache: Scanning file cache for directory 'E:/GameDesGithub/Eggspository/moneymoneymoney/Content/' took 0.01s
[2018.04.19-16.48.13:175][  0]LogSlate: Took 0.000389 seconds to synchronously load lazily loaded font '../../../Engine/Content/Slate/Fonts/Roboto-Regular.ttf' (155K)
[2018.04.19-16.48.21:929][  0]LogSlate: Window 'Restore Packages' being destroyed
[2018.04.19-16.48.21:930][  0]LogWindowsTextInputMethodSystem: Display: IME system now deactivated.
[2018.04.19-16.48.21:932][  0]LogWindowsTextInputMethodSystem: Display: IME system now deactivated.
[2018.04.19-16.48.22:112][  0]Cmd: MAP LOAD FILE="E:/GameDesGithub/Eggspository/moneymoneymoney/Content/FirstPersonBP/Maps/FirstPersonExampleMap.umap" TEMPLATE=0 SHOWPROGRESS=1 FEATURELEVEL=3
[2018.04.19-16.48.22:154][  0]LogStats: Warning: MetaData mismatch. Did you assign a stat to two groups? New //STATGROUP_Threads//SplashScreenThread///Thread_48f0_0///####STATCAT_Advanced#### old //STATGROUP_Threads//SplashScreenThread///Thread_5ccc_0///####STATCAT_Advanced####
[2018.04.19-16.48.23:481][  0]LogSlate: Window 'Message' being destroyed
[2018.04.19-16.48.23:482][  0]LogWindowsTextInputMethodSystem: Display: IME system now deactivated.
[2018.04.19-16.48.23:483][  0]LogWindowsTextInputMethodSystem: Display: IME system now deactivated.
[2018.04.19-16.48.23:485][  0]LightingResults: New page: Lighting Build
[2018.04.19-16.48.23:488][  0]MapCheck: New page: Map Check
[2018.04.19-16.48.23:488][  0]LightingResults: New page: Lighting Build
[2018.04.19-16.48.23:499][  0]LogAIModule: Creating AISystem for world Untitled
[2018.04.19-16.48.23:501][  0]LoadErrors: New page: New Map
[2018.04.19-16.48.23:586][  0]LogCollectionManager: Loaded 0 collections in 0.001640 seconds
[2018.04.19-16.48.23:627][  0]LogFileCache: Scanning file cache for directory 'E:/GameDesGithub/Eggspository/moneymoneymoney/Saved/Collections/' took 0.01s
[2018.04.19-16.48.23:627][  0]LogFileCache: Scanning file cache for directory 'E:/GameDesGithub/Eggspository/moneymoneymoney/Content/Developers/Game/Collections/' took 0.01s
[2018.04.19-16.48.23:627][  0]LogFileCache: Scanning file cache for directory 'E:/GameDesGithub/Eggspository/moneymoneymoney/Content/Collections/' took 0.01s
[2018.04.19-16.48.23:627][  0]LogCollectionManager: Rebuilt the GUID cache for 0 collections in 0.000000 seconds
[2018.04.19-16.48.23:637][  0]LogContentBrowser: Native class hierarchy populated in 0.0099 seconds. Added 2452 classes and 558 folders.
[2018.04.19-16.48.23:644][  0]LogContentBrowser: Native class hierarchy updated for 'WidgetCarousel' in 0.0003 seconds. Added 0 classes and 0 folders.
[2018.04.19-16.48.23:689][  0]LogContentBrowser: Native class hierarchy updated for 'AddContentDialog' in 0.0003 seconds. Added 0 classes and 0 folders.
[2018.04.19-16.48.23:694][  0]LogContentBrowser: Native class hierarchy updated for 'SceneOutliner' in 0.0002 seconds. Added 1 classes and 2 folders.
[2018.04.19-16.48.23:737][  0]LogContentBrowser: Native class hierarchy updated for 'HierarchicalLODOutliner' in 0.0002 seconds. Added 0 classes and 0 folders.
[2018.04.19-16.48.23:737][  0]LogLoad: (Engine Initialization) Total time: 20.45 seconds
[2018.04.19-16.48.23:737][  0]LogLoad: (Engine Initialization) Total Blueprint compile time: 0.00 seconds
[2018.04.19-16.48.23:774][  0]LogContentStreaming: Texture pool size now 1000 MB
[2018.04.19-16.48.23:777][  0]LogSlate: Took 0.000401 seconds to synchronously load lazily loaded font '../../../Engine/Content/Slate/Fonts/Roboto-Bold.ttf' (160K)
[2018.04.19-16.48.23:781][  0]LogSlate: Took 0.000162 seconds to synchronously load lazily loaded font '../../../Engine/Content/Editor/Slate/Fonts/FontAwesome.ttf' (139K)
[2018.04.19-16.48.23:913][  1]LogAssetRegistry: Asset discovery search completed in 16.1506 seconds
[2018.04.19-16.48.23:915][  1]LogCollectionManager: Rebuilt the object cache for 0 collections in 0.000001 seconds (found 0 objects)
[2018.04.19-16.48.23:915][  1]LogCollectionManager: Fixed up redirectors for 0 collections in 0.000038 seconds (updated 0 objects)
[2018.04.19-16.48.23:940][  2]LogRenderer: Reallocating scene render targets to support 1480x524 Format 10 NumSamples 1 (Frame:1).
[2018.04.19-16.48.25:753][211]LogSlate: FSceneViewport::OnFocusLost() reason 0
[2018.04.19-16.48.41:684][ 86]LogSlate: Took 0.000189 seconds to synchronously load lazily loaded font '../../../Engine/Content/Slate/Fonts/Roboto-Light.ttf' (167K)
[2018.04.19-16.48.41:701][ 86]LogAIModule: Creating AISystem for world Bessica
[2018.04.19-16.48.41:719][ 86]Cmd: MAP LOAD FILE="E:/GameDesGithub/Eggspository/moneymoneymoney/Content/FirstPersonBP/Maps/Bessica.umap" TEMPLATE=0 SHOWPROGRESS=1 FEATURELEVEL=3
[2018.04.19-16.48.41:719][ 86]LightingResults: New page: Lighting Build
[2018.04.19-16.48.41:720][ 86]LoadErrors: New page: Loading map: Bessica.umap
[2018.04.19-16.48.41:720][ 86]MapCheck: New page: Map Check
[2018.04.19-16.48.41:720][ 86]LightingResults: New page: Lighting Build
[2018.04.19-16.48.41:731][ 86]LogEditorServer: Finished looking for orphan Actors (0.000 secs)
[2018.04.19-16.48.41:764][ 86]Cmd: MAP CHECKDEP NOCLEARLOG
[2018.04.19-16.48.41:806][ 86]MapCheck: Map check complete: 0 Error(s), 0 Warning(s), took 41.688ms to complete.
[2018.04.19-16.48.41:806][ 86]LogFileHelpers: Loading map 'Bessica' took 0.088
[2018.04.19-16.48.46:344][614]LogSlate: FSceneViewport::OnFocusLost() reason 0
[2018.04.19-16.48.46:369][617]LogTemp: Repeating last play command: Selected Viewport
[2018.04.19-16.48.46:384][617]LogPlayLevel: PlayLevel: No blueprints needed recompiling
[2018.04.19-16.48.46:384][617]PIE: New page: PIE session: Bessica (Apr 19, 2018, 2:48:46 AM)
[2018.04.19-16.48.46:384][617]LogPlayLevel: Creating play world package: /Game/FirstPersonBP/Maps/UEDPIE_0_Bessica
[2018.04.19-16.48.46:385][617]LogPlayLevel: PIE: StaticDuplicateObject took: (0.000705s)
[2018.04.19-16.48.46:385][617]LogAIModule: Creating AISystem for world Bessica
[2018.04.19-16.48.46:386][617]LogPlayLevel: PIE: World Init took: (0.000585s)
[2018.04.19-16.48.46:386][617]LogPlayLevel: PIE: Created PIE world by copying editor world from /Game/FirstPersonBP/Maps/Bessica.Bessica to /Game/FirstPersonBP/Maps/UEDPIE_0_Bessica.Bessica (0.001412s)
[2018.04.19-16.48.46:397][617]LogInit: XAudio2 using 'Speakers (Realtek High Definition Audio)' : 2 channels at 48 kHz using 32 bits per sample (channel mask 0x3)
[2018.04.19-16.48.46:407][617]LogInit: FAudioDevice initialized.
[2018.04.19-16.48.46:678][617]LogSkeletalMesh: Skeletal Mesh found in DDC [3.167088ms] /Game/FirstPerson/FPWeapon/Mesh/SK_FPGun.SK_FPGun
[2018.04.19-16.48.46:729][617]LogSkeletalMesh: Skeletal Mesh found in DDC [5.030391ms] /Game/FirstPerson/Character/Mesh/SK_Mannequin_Arms.SK_Mannequin_Arms
[2018.04.19-16.48.46:734][617]LogLoad: Game class is 'FirstPersonGameMode_C'
[2018.04.19-16.48.46:737][617]LogWorld: Bringing World /Game/FirstPersonBP/Maps/UEDPIE_0_Bessica.Bessica up for play (max tick rate 0) at 2018.04.19-09.48.46
[2018.04.19-16.48.46:737][617]LogWorld: Bringing up level for play took: 0.000504
[2018.04.19-16.48.46:741][617]LogContentBrowser: Native class hierarchy updated for 'MovieSceneCapture' in 0.0004 seconds. Added 11 classes and 0 folders.
[2018.04.19-16.48.46:743][617]PIE: Play in editor start time for /Game/FirstPersonBP/Maps/UEDPIE_0_Bessica -0.625
[2018.04.19-16.49.17:473][979]LogSlate: FSceneViewport::OnFocusLost() reason 0
[2018.04.19-16.49.17:586][988]LogRenderer: Reallocating scene render targets to support 1616x652 Format 10 NumSamples 1 (Frame:1375).
[2018.04.19-16.49.19:850][253]LogRenderer: Reallocating scene render targets to support 1616x656 Format 10 NumSamples 1 (Frame:1642).
[2018.04.19-16.49.19:896][254]LogRenderer: Reallocating scene render targets to support 1616x668 Format 10 NumSamples 1 (Frame:1644).
[2018.04.19-16.49.19:941][255]LogRenderer: Reallocating scene render targets to support 1616x716 Format 10 NumSamples 1 (Frame:1646).
[2018.04.19-16.49.19:993][255]LogRenderer: Reallocating scene render targets to support 1616x812 Format 10 NumSamples 1 (Frame:1648).
[2018.04.19-16.49.20:046][257]LogRenderer: Reallocating scene render targets to support 1616x860 Format 10 NumSamples 1 (Frame:1650).
[2018.04.19-16.49.20:090][258]LogRenderer: Reallocating scene render targets to support 1616x864 Format 10 NumSamples 1 (Frame:1652).
[2018.04.19-16.49.38:827][405]LogSlate: FSceneViewport::OnFocusLost() reason 0
[2018.04.19-16.49.43:343][932]LogActorFactory: Actor Factory created Wall_400x300
[2018.04.19-16.49.48:405][530]LogActorFactory: Actor Factory created Wall_400x300
[2018.04.19-16.49.50:636][786]Cmd: TRANSACTION UNDO
[2018.04.19-16.49.50:636][786]LogEditorTransaction: Undo Create Actors
[2018.04.19-16.49.51:888][931]LogSlate: FSceneViewport::OnFocusLost() reason 0
[2018.04.19-16.49.52:001][941]LogActorFactory: Actor Factory created Wall_400x400
[2018.04.19-16.50.00:726][970]LogActorFactory: Actor Factory created Wall_400x400
[2018.04.19-16.50.13:619][342]LogSlate: FSceneViewport::OnFocusLost() reason 0
[2018.04.19-16.50.18:535][918]LogSlate: FSceneViewport::OnFocusLost() reason 0
[2018.04.19-16.50.23:709][527]LogSlate: FSceneViewport::OnFocusLost() reason 0
[2018.04.19-16.50.27:897][ 18]Cmd: MODE GRID=0
[2018.04.19-16.50.47:162][252]Cmd: TRANSACTION UNDO
[2018.04.19-16.50.47:162][252]LogEditorTransaction: Undo Move Actors
[2018.04.19-16.51.06:386][511]LogSlate: FSceneViewport::OnFocusLost() reason 0
[2018.04.19-16.51.09:963][912]LogSlate: FSceneViewport::OnFocusLost() reason 0
[2018.04.19-16.51.14:945][489]Cmd: TRANSACTION UNDO
[2018.04.19-16.51.14:945][489]LogEditorTransaction: Undo Scale Actors
[2018.04.19-16.52.05:929][304]LogSlate: FSceneViewport::OnFocusLost() reason 2
[2018.04.19-16.53.34:041][808]LogSlate: FSceneViewport::OnFocusLost() reason 2
[2018.04.19-16.53.35:026][900]LogEditorViewport: Clicking Background
[2018.04.19-16.53.36:085][ 22]LogEditorViewport: Clicking on Actor (LMB): StaticMeshActor (Wall_400x401)
[2018.04.19-16.53.39:454][381]LogEditorViewport: Clicking on Actor (LMB): DirectionalLight (DirectionalLight)
[2018.04.19-16.53.49:195][504]LogSlate: FSceneViewport::OnFocusLost() reason 0
[2018.04.19-16.54.39:786][342]LogEditorViewport: Clicking on Actor (context menu): StaticMeshActor (Cube)
[2018.04.19-16.54.39:844][342]LogSlate: FSceneViewport::OnFocusLost() reason 2
[2018.04.19-16.54.40:880][443]LogEditorViewport: Clicking on Actor (LMB): StaticMeshActor (Wall_400x400)
>>>>>>> 8a11a6ac9923e6b0d6bedb73340035af2a07e71d
