Log file open, 04/19/18 09:16:38
LogWindows: Failed to load 'aqProf.dll' (GetLastError=126)
LogWindows: File 'aqProf.dll' does not exist
LogWindows: Failed to load 'VtuneApi.dll' (GetLastError=126)
LogWindows: File 'VtuneApi.dll' does not exist
LogWindows: Failed to load 'VtuneApi32e.dll' (GetLastError=126)
LogWindows: File 'VtuneApi32e.dll' does not exist
LogInit: Display: Running engine for game: moneymoneymoney
LogPlatformFile: Not using cached read wrapper
LogInit: Display: RandInit(2093650112) SRandInit(2093650112).
LogInit: Read version file with build ID '3944462'
LogInit: Overriding engine version to CL 3989454, compatible CL 3944462
LogInit: Registered custom module enumerator with build ID '3944462'
LogTaskGraph: Started task graph with 5 named threads and 23 total threads with 3 sets of task threads.
LogStats: Stats thread started at 0.262493
LogD3D11RHI: Aftermath initialized
LogICUInternationalization: Display: ICU TimeZone Detection - Raw Offset: -8:00, Platform Override: ''
LogModuleManager: Display: Found up-to-date module file ../../../Engine/Plugins/2D/Paper2D/Binaries/Win64/UE4Editor-Paper2D.dll (API version 3944462).
LogModuleManager: Display: Found up-to-date module file ../../../Engine/Plugins/2D/Paper2D/Binaries/Win64/UE4Editor-Paper2DEditor.dll (API version 3944462).
LogModuleManager: Display: Found up-to-date module file ../../../Engine/Plugins/2D/Paper2D/Binaries/Win64/UE4Editor-PaperSpriteSheetImporter.dll (API version 3944462).
LogModuleManager: Display: Found up-to-date module file ../../../Engine/Plugins/2D/Paper2D/Binaries/Win64/UE4Editor-PaperTiledImporter.dll (API version 3944462).
LogModuleManager: Display: Found up-to-date module file ../../../Engine/Plugins/2D/Paper2D/Binaries/Win64/UE4Editor-SmartSnapping.dll (API version 3944462).
LogModuleManager: Display: Found up-to-date module file ../../../Engine/Plugins/Blendables/LightPropagationVolume/Binaries/Win64/UE4Editor-LightPropagationVolumeRuntime.dll (API version 3944462).
LogModuleManager: Display: Found up-to-date module file ../../../Engine/Plugins/Blendables/LightPropagationVolume/Binaries/Win64/UE4Editor-LightPropagationVolumeEditor.dll (API version 3944462).
LogModuleManager: Display: Found up-to-date module file ../../../Engine/Plugins/Developer/CLionSourceCodeAccess/Binaries/Win64/UE4Editor-CLionSourceCodeAccess.dll (API version 3944462).
LogModuleManager: Display: Found up-to-date module file ../../../Engine/Plugins/Developer/GitSourceControl/Binaries/Win64/UE4Editor-GitSourceControl.dll (API version 3944462).
LogModuleManager: Display: Found up-to-date module file ../../../Engine/Plugins/Developer/PerforceSourceControl/Binaries/Win64/UE4Editor-PerforceSourceControl.dll (API version 3944462).
LogModuleManager: Display: Found up-to-date module file ../../../Engine/Plugins/Developer/SubversionSourceControl/Binaries/Win64/UE4Editor-SubversionSourceControl.dll (API version 3944462).
LogModuleManager: Display: Found up-to-date module file ../../../Engine/Plugins/Developer/UObjectPlugin/Binaries/Win64/UE4Editor-UObjectPlugin.dll (API version 3944462).
LogModuleManager: Display: Found up-to-date module file ../../../Engine/Plugins/Developer/VisualStudioCodeSourceCodeAccess/Binaries/Win64/UE4Editor-VisualStudioCodeSourceCodeAccess.dll (API version 3944462).
LogModuleManager: Display: Found up-to-date module file ../../../Engine/Plugins/Developer/VisualStudioSourceCodeAccess/Binaries/Win64/UE4Editor-VisualStudioSourceCodeAccess.dll (API version 3944462).
LogModuleManager: Display: Found up-to-date module file ../../../Engine/Plugins/Editor/AssetManagerEditor/Binaries/Win64/UE4Editor-AssetManagerEditor.dll (API version 3944462).
LogModuleManager: Display: Found up-to-date module file ../../../Engine/Plugins/Editor/CryptoKeys/Binaries/Win64/UE4Editor-CryptoKeys.dll (API version 3944462).
LogModuleManager: Display: Found up-to-date module file ../../../Engine/Plugins/Editor/CryptoKeys/Binaries/Win64/UE4Editor-CryptoKeysOpenSSL.dll (API version 3944462).
LogModuleManager: Display: Found up-to-date module file ../../../Engine/Plugins/Editor/DataValidation/Binaries/Win64/UE4Editor-DataValidation.dll (API version 3944462).
LogModuleManager: Display: Found up-to-date module file ../../../Engine/Plugins/Editor/FacialAnimation/Binaries/Win64/UE4Editor-FacialAnimation.dll (API version 3944462).
LogModuleManager: Display: Found up-to-date module file ../../../Engine/Plugins/Editor/FacialAnimation/Binaries/Win64/UE4Editor-FacialAnimationEditor.dll (API version 3944462).
LogModuleManager: Display: Found up-to-date module file ../../../Engine/Plugins/Editor/GameplayTagsEditor/Binaries/Win64/UE4Editor-GameplayTagsEditor.dll (API version 3944462).
LogModuleManager: Display: Found up-to-date module file ../../../Engine/Plugins/Editor/MobileLauncherProfileWizard/Binaries/Win64/UE4Editor-MobileLauncherProfileWizard.dll (API version 3944462).
LogModuleManager: Display: Found up-to-date module file ../../../Engine/Plugins/Editor/PluginBrowser/Binaries/Win64/UE4Editor-PluginBrowser.dll (API version 3944462).
LogModuleManager: Display: Found up-to-date module file ../../../Engine/Plugins/Editor/SpeedTreeImporter/Binaries/Win64/UE4Editor-SpeedTreeImporter.dll (API version 3944462).
LogModuleManager: Display: Found up-to-date module file ../../../Engine/Plugins/Enterprise/DatasmithContent/Binaries/Win64/UE4Editor-DatasmithContent.dll (API version 3944462).
LogModuleManager: Display: Found up-to-date module file ../../../Engine/Plugins/Experimental/AlembicImporter/Binaries/Win64/UE4Editor-AlembicImporter.dll (API version 3944462).
LogModuleManager: Display: Found up-to-date module file ../../../Engine/Plugins/Experimental/AlembicImporter/Binaries/Win64/UE4Editor-AlembicLibrary.dll (API version 3944462).
LogModuleManager: Display: Found up-to-date module file ../../../Engine/Plugins/Experimental/CharacterAI/Binaries/Win64/UE4Editor-CharacterAI.dll (API version 3944462).
LogModuleManager: Display: Found up-to-date module file ../../../Engine/Plugins/Experimental/HTML5Networking/Binaries/Win64/UE4Editor-HTML5Networking.dll (API version 3944462).
LogModuleManager: Display: Found up-to-date module file ../../../Engine/Plugins/Media/AndroidMedia/Binaries/Win64/UE4Editor-AndroidMediaEditor.dll (API version 3944462).
LogModuleManager: Display: Found up-to-date module file ../../../Engine/Plugins/Media/AndroidMedia/Binaries/Win64/UE4Editor-AndroidMediaFactory.dll (API version 3944462).
LogModuleManager: Display: Found up-to-date module file ../../../Engine/Plugins/Media/AvfMedia/Binaries/Win64/UE4Editor-AvfMediaEditor.dll (API version 3944462).
LogModuleManager: Display: Found up-to-date module file ../../../Engine/Plugins/Media/AvfMedia/Binaries/Win64/UE4Editor-AvfMediaFactory.dll (API version 3944462).
LogModuleManager: Display: Found up-to-date module file ../../../Engine/Plugins/Media/AvfMedia/Binaries/Win64/UE4Editor-AvfMediaFactory.dll (API version 3944462).
LogModuleManager: Display: Found up-to-date module file ../../../Engine/Plugins/Media/ImgMedia/Binaries/Win64/UE4Editor-ImgMedia.dll (API version 3944462).
LogModuleManager: Display: Found up-to-date module file ../../../Engine/Plugins/Media/ImgMedia/Binaries/Win64/UE4Editor-ImgMediaEditor.dll (API version 3944462).
LogModuleManager: Display: Found up-to-date module file ../../../Engine/Plugins/Media/ImgMedia/Binaries/Win64/UE4Editor-ImgMediaFactory.dll (API version 3944462).
LogModuleManager: Display: Found up-to-date module file ../../../Engine/Plugins/Media/ImgMedia/Binaries/Win64/UE4Editor-ImgMediaFactory.dll (API version 3944462).
LogModuleManager: Display: Found up-to-date module file ../../../Engine/Plugins/Media/ImgMedia/Binaries/Win64/UE4Editor-OpenExrWrapper.dll (API version 3944462).
LogModuleManager: Display: Found up-to-date module file ../../../Engine/Plugins/Media/LinearTimecode/Binaries/Win64/UE4Editor-LinearTimecode.dll (API version 3944462).
LogModuleManager: Display: Found up-to-date module file ../../../Engine/Plugins/Media/MediaCompositing/Binaries/Win64/UE4Editor-MediaCompositing.dll (API version 3944462).
LogModuleManager: Display: Found up-to-date module file ../../../Engine/Plugins/Media/MediaCompositing/Binaries/Win64/UE4Editor-MediaCompositingEditor.dll (API version 3944462).
LogModuleManager: Display: Found up-to-date module file ../../../Engine/Plugins/Media/MediaPlayerEditor/Binaries/Win64/UE4Editor-MediaPlayerEditor.dll (API version 3944462).
LogModuleManager: Display: Found up-to-date module file ../../../Engine/Plugins/Media/WmfMedia/Binaries/Win64/UE4Editor-WmfMedia.dll (API version 3944462).
LogModuleManager: Display: Found up-to-date module file ../../../Engine/Plugins/Media/WmfMedia/Binaries/Win64/UE4Editor-WmfMediaEditor.dll (API version 3944462).
LogModuleManager: Display: Found up-to-date module file ../../../Engine/Plugins/Media/WmfMedia/Binaries/Win64/UE4Editor-WmfMediaFactory.dll (API version 3944462).
LogModuleManager: Display: Found up-to-date module file ../../../Engine/Plugins/Media/WmfMedia/Binaries/Win64/UE4Editor-WmfMediaFactory.dll (API version 3944462).
LogModuleManager: Display: Found up-to-date module file ../../../Engine/Plugins/Messaging/TcpMessaging/Binaries/Win64/UE4Editor-TcpMessaging.dll (API version 3944462).
LogModuleManager: Display: Found up-to-date module file ../../../Engine/Plugins/Messaging/UdpMessaging/Binaries/Win64/UE4Editor-UdpMessaging.dll (API version 3944462).
LogModuleManager: Display: Found up-to-date module file ../../../Engine/Plugins/MovieScene/ActorSequence/Binaries/Win64/UE4Editor-ActorSequence.dll (API version 3944462).
LogModuleManager: Display: Found up-to-date module file ../../../Engine/Plugins/MovieScene/LevelSequenceEditor/Binaries/Win64/UE4Editor-LevelSequenceEditor.dll (API version 3944462).
LogModuleManager: Display: Found up-to-date module file ../../../Engine/Plugins/MovieScene/MatineeToLevelSequence/Binaries/Win64/UE4Editor-MatineeToLevelSequence.dll (API version 3944462).
LogModuleManager: Display: Found up-to-date module file ../../../Engine/Plugins/NetcodeUnitTest/NetcodeUnitTest/Binaries/Win64/UE4Editor-NetcodeUnitTest.dll (API version 3944462).
LogModuleManager: Display: Found up-to-date module file ../../../Engine/Plugins/NetcodeUnitTest/NUTUnrealEngine4/Binaries/Win64/UE4Editor-NUTUnrealEngine4.dll (API version 3944462).
LogModuleManager: Display: Found up-to-date module file ../../../Engine/Plugins/Online/OnlineSubsystem/Binaries/Win64/UE4Editor-OnlineSubsystem.dll (API version 3944462).
LogModuleManager: Display: Found up-to-date module file ../../../Engine/Plugins/Runtime/AndroidPermission/Binaries/Win64/UE4Editor-AndroidPermission.dll (API version 3944462).
LogModuleManager: Display: Found up-to-date module file ../../../Engine/Plugins/Online/OnlineSubsystemNull/Binaries/Win64/UE4Editor-OnlineSubsystemNull.dll (API version 3944462).
LogModuleManager: Display: Found up-to-date module file ../../../Engine/Plugins/Online/OnlineSubsystemUtils/Binaries/Win64/UE4Editor-OnlineSubsystemUtils.dll (API version 3944462).
LogModuleManager: Display: Found up-to-date module file ../../../Engine/Plugins/Online/OnlineSubsystemUtils/Binaries/Win64/UE4Editor-OnlineBlueprintSupport.dll (API version 3944462).
LogModuleManager: Display: Found up-to-date module file ../../../Engine/Plugins/Runtime/AndroidDeviceProfileSelector/Binaries/Win64/UE4Editor-AndroidDeviceProfileSelector.dll (API version 3944462).
LogModuleManager: Display: Found up-to-date module file ../../../Engine/Plugins/Runtime/AppleARKit/Binaries/Win64/UE4Editor-AppleARKit.dll (API version 3944462).
LogModuleManager: Display: Found up-to-date module file ../../../Engine/Plugins/Runtime/ProceduralMeshComponent/Binaries/Win64/UE4Editor-ProceduralMeshComponent.dll (API version 3944462).
LogModuleManager: Display: Found up-to-date module file ../../../Engine/Plugins/Runtime/ProceduralMeshComponent/Binaries/Win64/UE4Editor-ProceduralMeshComponentEditor.dll (API version 3944462).
LogModuleManager: Display: Found up-to-date module file ../../../Engine/Plugins/Animation/LiveLink/Binaries/Win64/UE4Editor-LiveLink.dll (API version 3944462).
LogModuleManager: Display: Found up-to-date module file ../../../Engine/Plugins/Animation/LiveLink/Binaries/Win64/UE4Editor-LiveLinkEditor.dll (API version 3944462).
LogModuleManager: Display: Found up-to-date module file ../../../Engine/Plugins/Runtime/ArchVisCharacter/Binaries/Win64/UE4Editor-ArchVisCharacter.dll (API version 3944462).
LogModuleManager: Display: Found up-to-date module file ../../../Engine/Plugins/Runtime/AudioCapture/Binaries/Win64/UE4Editor-AudioCapture.dll (API version 3944462).
LogModuleManager: Display: Found up-to-date module file ../../../Engine/Plugins/Runtime/AudioCapture/Binaries/Win64/UE4Editor-AudioCaptureEditor.dll (API version 3944462).
LogModuleManager: Display: Found up-to-date module file ../../../Engine/Plugins/Runtime/CableComponent/Binaries/Win64/UE4Editor-CableComponent.dll (API version 3944462).
LogModuleManager: Display: Found up-to-date module file ../../../Engine/Plugins/Runtime/CustomMeshComponent/Binaries/Win64/UE4Editor-CustomMeshComponent.dll (API version 3944462).
LogModuleManager: Display: Found up-to-date module file ../../../Engine/Plugins/Runtime/ExampleDeviceProfileSelector/Binaries/Win64/UE4Editor-ExampleDeviceProfileSelector.dll (API version 3944462).
LogModuleManager: Display: Found up-to-date module file ../../../Engine/Plugins/Runtime/ImmediatePhysics/Binaries/Win64/UE4Editor-ImmediatePhysics.dll (API version 3944462).
LogModuleManager: Display: Found up-to-date module file ../../../Engine/Plugins/Runtime/ImmediatePhysics/Binaries/Win64/UE4Editor-ImmediatePhysicsEditor.dll (API version 3944462).
LogModuleManager: Display: Found up-to-date module file ../../../Engine/Plugins/Runtime/LocationServicesBPLibrary/Binaries/Win64/UE4Editor-LocationServicesBPLibrary.dll (API version 3944462).
LogModuleManager: Display: Found up-to-date module file ../../../Engine/Plugins/Runtime/MobilePatchingUtils/Binaries/Win64/UE4Editor-MobilePatchingUtils.dll (API version 3944462).
LogModuleManager: Display: Found up-to-date module file ../../../Engine/Plugins/Runtime/Oculus/OculusVR/Binaries/Win64/UE4Editor-OculusHMD.dll (API version 3944462).
LogModuleManager: Display: Found up-to-date module file ../../../Engine/Plugins/Runtime/Oculus/OculusVR/Binaries/Win64/UE4Editor-OculusInput.dll (API version 3944462).
LogModuleManager: Display: Found up-to-date module file ../../../Engine/Plugins/Runtime/Oculus/OculusVR/Binaries/Win64/UE4Editor-OculusEditor.dll (API version 3944462).
LogModuleManager: Display: Found up-to-date module file ../../../Engine/Plugins/Runtime/PhysXVehicles/Binaries/Win64/UE4Editor-PhysXVehicles.dll (API version 3944462).
LogModuleManager: Display: Found up-to-date module file ../../../Engine/Plugins/Runtime/PhysXVehicles/Binaries/Win64/UE4Editor-PhysXVehiclesEditor.dll (API version 3944462).
LogModuleManager: Display: Found up-to-date module file ../../../Engine/Plugins/Runtime/RuntimePhysXCooking/Binaries/Win64/UE4Editor-RuntimePhysXCooking.dll (API version 3944462).
LogModuleManager: Display: Found up-to-date module file ../../../Engine/Plugins/Runtime/Steam/SteamVR/Binaries/Win64/UE4Editor-SteamVR.dll (API version 3944462).
LogModuleManager: Display: Found up-to-date module file ../../../Engine/Plugins/Runtime/Steam/SteamVR/Binaries/Win64/UE4Editor-SteamVRController.dll (API version 3944462).
LogModuleManager: Display: Found up-to-date module file ../../../Engine/Plugins/Runtime/WindowsMoviePlayer/Binaries/Win64/UE4Editor-WindowsMoviePlayer.dll (API version 3944462).
LogPluginManager: Mounting plugin Paper2D
LogPluginManager: Mounting plugin LiveLink
LogPluginManager: Mounting plugin LightPropagationVolume
LogPluginManager: Mounting plugin CLionSourceCodeAccess
LogPluginManager: Mounting plugin CodeLiteSourceCodeAccess
LogPluginManager: Mounting plugin GitSourceControl
LogPluginManager: Mounting plugin KDevelopSourceCodeAccess
LogPluginManager: Mounting plugin NullSourceCodeAccess
LogPluginManager: Mounting plugin PerforceSourceControl
LogPluginManager: Mounting plugin SubversionSourceControl
LogPluginManager: Mounting plugin UObjectPlugin
LogPluginManager: Mounting plugin VisualStudioCodeSourceCodeAccess
LogPluginManager: Mounting plugin VisualStudioSourceCodeAccess
LogPluginManager: Mounting plugin XCodeSourceCodeAccess
LogPluginManager: Mounting plugin AssetManagerEditor
LogPluginManager: Mounting plugin CryptoKeys
LogPluginManager: Mounting plugin DataValidation
LogPluginManager: Mounting plugin FacialAnimation
LogPluginManager: Mounting plugin GameplayTagsEditor
LogPluginManager: Mounting plugin MobileLauncherProfileWizard
LogPluginManager: Mounting plugin PluginBrowser
LogPluginManager: Mounting plugin SpeedTreeImporter
LogPluginManager: Mounting plugin DatasmithContent
LogPluginManager: Mounting plugin AlembicImporter
LogPluginManager: Mounting plugin CharacterAI
LogPluginManager: Mounting plugin HTML5Networking
LogPluginManager: Mounting plugin AndroidMedia
LogPluginManager: Mounting plugin AvfMedia
LogPluginManager: Mounting plugin ImgMedia
LogPluginManager: Mounting plugin LinearTimecode
LogPluginManager: Mounting plugin MediaCompositing
LogPluginManager: Mounting plugin MediaPlayerEditor
LogPluginManager: Mounting plugin WmfMedia
LogPluginManager: Mounting plugin TcpMessaging
LogPluginManager: Mounting plugin UdpMessaging
LogPluginManager: Mounting plugin ActorSequence
LogPluginManager: Mounting plugin LevelSequenceEditor
LogPluginManager: Mounting plugin MatineeToLevelSequence
LogPluginManager: Mounting plugin NetcodeUnitTest
LogPluginManager: Mounting plugin NUTUnrealEngine4
LogPluginManager: Mounting plugin OnlineSubsystemGooglePlay
LogPluginManager: Mounting plugin OnlineSubsystemIOS
LogPluginManager: Mounting plugin OnlineSubsystem
LogPluginManager: Mounting plugin OnlineSubsystemNull
LogPluginManager: Mounting plugin OnlineSubsystemUtils
LogPluginManager: Mounting plugin AndroidDeviceProfileSelector
LogPluginManager: Mounting plugin AndroidMoviePlayer
LogPluginManager: Mounting plugin AndroidPermission
LogPluginManager: Mounting plugin AppleARKit
LogPluginManager: Mounting plugin AppleMoviePlayer
LogPluginManager: Mounting plugin ArchVisCharacter
LogPluginManager: Mounting plugin AudioCapture
LogPluginManager: Mounting plugin CableComponent
LogPluginManager: Mounting plugin CustomMeshComponent
LogPluginManager: Mounting plugin ExampleDeviceProfileSelector
LogPluginManager: Mounting plugin GoogleCloudMessaging
LogPluginManager: Mounting plugin ImmediatePhysics
LogPluginManager: Mounting plugin IOSDeviceProfileSelector
LogPluginManager: Mounting plugin LinuxDeviceProfileSelector
LogPluginManager: Mounting plugin LocationServicesBPLibrary
LogPluginManager: Mounting plugin MobilePatchingUtils
LogPluginManager: Mounting plugin OculusVR
LogPluginManager: Plugin shader directory ../../../Engine/Plugins/Runtime/Oculus/OculusVR/Shaders found
LogPluginManager: Mapping shader source directory ../../../Engine/Plugins/Runtime/Oculus/OculusVR/Shaders to virtual directory /Plugin/OculusVR
LogPluginManager: Mounting plugin PhysXVehicles
LogPluginManager: Mounting plugin ProceduralMeshComponent
LogPluginManager: Mounting plugin RuntimePhysXCooking
LogPluginManager: Mounting plugin SteamVR
LogPluginManager: Mounting plugin WindowsMoviePlayer
LogStreaming: Display: Took  0.791s to configure plugins.
LogInit: Using libcurl 7.47.1
LogInit:  - built for x86_64-pc-win32
LogInit:  - supports SSL with OpenSSL/1.0.2g
LogInit:  - supports HTTP deflate (compression) using libz 1.2.8
LogInit:  - other features:
LogInit:      CURL_VERSION_SSL
LogInit:      CURL_VERSION_LIBZ
LogInit:      CURL_VERSION_IPV6
LogInit:      CURL_VERSION_ASYNCHDNS
LogInit:      CURL_VERSION_LARGEFILE
LogInit:      CURL_VERSION_IDN
LogInit:  CurlRequestOptions (configurable via config and command line):
LogInit:  - bVerifyPeer = false  - Libcurl will NOT verify peer certificate
LogInit:  - bUseHttpProxy = false  - Libcurl will NOT use HTTP proxy
LogInit:  - bDontReuseConnections = false  - Libcurl will reuse connections
LogInit:  - CertBundlePath = nullptr  - Libcurl will use whatever was configured at build time.
LogInit:  - MaxHostConnections = 16  - Libcurl will limit the number of connections to a host
LogInit:  - LocalHostAddr = Default
LogInit: WinSock: version 1.1 (2.2), MaxSocks=32767, MaxUdp=65467
LogInit: WinSock: I am Whit-Mac-B11 (10.1.180.172:0)
LogInit: Build: ++UE4+Release-4.19-CL-3989454
LogInit: Engine Version: 4.19.1-3989454+++UE4+Release-4.19
LogInit: Compatible Engine Version: 4.19.0-3944462+++UE4+Release-4.19
LogInit: Net CL: 3944462
LogDevObjectVersion: Number of dev versions registered: 18
LogDevObjectVersion:   Dev-Blueprints (B0D832E4-1F89-4F0D-ACCF-7EB736FD4AA2): 10
LogDevObjectVersion:   Dev-Build (E1C64328-A22C-4D53-A36C-8E866417BD8C): 0
LogDevObjectVersion:   Dev-Core (375EC13C-06E4-48FB-B500-84F0262A717E): 2
LogDevObjectVersion:   Dev-Editor (E4B068ED-F494-42E9-A231-DA0B2E46BB41): 23
LogDevObjectVersion:   Dev-Framework (CFFC743F-43B0-4480-9391-14DF171D2073): 33
LogDevObjectVersion:   Dev-Mobile (B02B49B5-BB20-44E9-A304-32B752E40360): 2
LogDevObjectVersion:   Dev-Networking (A4E4105C-59A1-49B5-A7C5-40C4547EDFEE): 0
LogDevObjectVersion:   Dev-Online (39C831C9-5AE6-47DC-9A44-9C173E1C8E7C): 0
LogDevObjectVersion:   Dev-Physics (78F01B33-EBEA-4F98-B9B4-84EACCB95AA2): 0
LogDevObjectVersion:   Dev-Platform (6631380F-2D4D-43E0-8009-CF276956A95A): 0
LogDevObjectVersion:   Dev-Rendering (12F88B9F-8875-4AFC-A67C-D90C383ABD29): 25
LogDevObjectVersion:   Dev-Sequencer (7B5AE74C-D270-4C10-A958-57980B212A5A): 6
LogDevObjectVersion:   Dev-VR (D7296918-1DD6-4BDD-9DE2-64A83CC13884): 1
LogDevObjectVersion:   Dev-LoadTimes (C2A15278-BFE7-4AFE-6C17-90FF531DF755): 1
LogDevObjectVersion:   Private-Geometry (6EACA3D4-40EC-4CC1-B786-8BED09428FC5): 2
LogDevObjectVersion:   Dev-AnimPhys (29E575DD-E0A3-4627-9D10-D276232CDCEA): 16
LogDevObjectVersion:   Dev-ReflectionCapture (6B266CEC-1EC7-4B8F-A30B-E4D90942FC07): 1
LogDevObjectVersion:   Dev-Automation (0DF73D61-A23F-47EA-B727-89E90C41499A): 1
LogInit: Compiled (64-bit): Apr  6 2018 12:26:04
LogInit: Compiled with Visual C++: 19.00.24215.01
LogInit: Build Configuration: Development
LogInit: Branch Name: ++UE4+Release-4.19
LogInit: Command Line: -EpicPortal 
LogInit: Base Directory: E:/Game Desinged/Unreal/UE_4.19/Engine/Binaries/Win64/
LogInit: Installed Engine Build: 1
LogStreaming: Display: Took  0.001s to delete old logs.
LogInit: Presizing for max 8388607 objects, including 0 objects not considered by GC, pre-allocating 0 bytes for permanent pool.
LogInit: Object subsystem initialized
[2018.04.19-16.16.39:428][  0]LogInit: Selected Device Profile: [Windows]
[2018.04.19-16.16.39:428][  0]LogInit: Applying CVar settings loaded from the selected device profile: [Windows]
[2018.04.19-16.16.39:445][  0]LogInit: Computer: WHIT-MAC-B11
[2018.04.19-16.16.39:445][  0]LogInit: User: Game
[2018.04.19-16.16.39:445][  0]LogInit: CPU Page size=4096, Cores=4
[2018.04.19-16.16.39:445][  0]LogInit: High frequency timer resolution =3.410077 MHz
[2018.04.19-16.16.39:445][  0]LogMemory: Memory total: Physical=15.9GB (16GB approx)
[2018.04.19-16.16.39:445][  0]LogMemory: Platform Memory Stats for Windows
[2018.04.19-16.16.39:445][  0]LogMemory: Process Physical Memory: 277.18 MB used, 277.18 MB peak
[2018.04.19-16.16.39:445][  0]LogMemory: Process Virtual Memory: 264.64 MB used, 264.64 MB peak
[2018.04.19-16.16.39:445][  0]LogMemory: Physical Memory: 6108.76 MB used,  10191.63 MB free, 16300.39 MB total
[2018.04.19-16.16.39:445][  0]LogMemory: Virtual Memory: 698.12 MB used,  10191.63 MB free, 134217728.00 MB total
[2018.04.19-16.16.39:457][  0]LogInit: Using OS detected language (en-US).
[2018.04.19-16.16.39:457][  0]LogInit: Using OS detected locale (en-US).
[2018.04.19-16.16.39:459][  0]LogTextLocalizationManager: No specific localization for 'en-US' exists, so the 'en' localization will be used.
[2018.04.19-16.16.39:894][  0]LogStreaming: Display: Took  0.438s to EndInitTextLocalization.
[2018.04.19-16.16.39:894][  0]LogInit: Setting process to per monitor DPI aware
[2018.04.19-16.16.39:916][  0]LogSlate: New Slate User Created.  User Index 0, Is Virtual User: 0
[2018.04.19-16.16.39:916][  0]LogSlate: Slate User Registered.  User Index 0, Is Virtual User: 0
[2018.04.19-16.16.40:083][  0]LogD3D11RHI: D3D11 adapters:
[2018.04.19-16.16.40:132][  0]LogD3D11RHI:    0. 'NVIDIA GeForce GTX 1080' (Feature Level 11_0)
[2018.04.19-16.16.40:132][  0]LogD3D11RHI:       8086/0/8150 MB DedicatedVideo/DedicatedSystem/SharedSystem, Outputs:1, VendorId:0x10de
[2018.04.19-16.16.40:134][  0]LogD3D11RHI:    1. 'Microsoft Basic Render Driver' (Feature Level 11_0)
[2018.04.19-16.16.40:134][  0]LogD3D11RHI:       0/0/8150 MB DedicatedVideo/DedicatedSystem/SharedSystem, Outputs:0, VendorId:0x1414
[2018.04.19-16.16.40:134][  0]LogD3D11RHI: Chosen D3D11 Adapter: 0
[2018.04.19-16.16.40:142][  0]LogD3D11RHI: Creating new Direct3DDevice
[2018.04.19-16.16.40:142][  0]LogD3D11RHI:     GPU DeviceId: 0x1b80 (for the marketing name, search the web for "GPU Device Id")
[2018.04.19-16.16.40:142][  0]LogWindows: EnumDisplayDevices:
[2018.04.19-16.16.40:142][  0]LogWindows:    0. 'NVIDIA GeForce GTX 1080' (P:1 D:1)
[2018.04.19-16.16.40:142][  0]LogWindows:    1. 'NVIDIA GeForce GTX 1080' (P:0 D:0)
[2018.04.19-16.16.40:142][  0]LogWindows:    2. 'NVIDIA GeForce GTX 1080' (P:0 D:0)
[2018.04.19-16.16.40:143][  0]LogWindows:    3. 'NVIDIA GeForce GTX 1080' (P:0 D:0)
[2018.04.19-16.16.40:143][  0]LogWindows: DebugString: GetVideoDriverDetailsInvalid PrimaryIsNotTheChoosenAdapter GetVideoDriverDetailsInvalid PrimaryIsNotTheChoosenAdapter GetVideoDriverDetailsInvalid PrimaryIsNotTheChoosenAdapter GetVideoDriverDetailsInvalid PrimaryIsNotTheChoosenAdapter FoundDriverCount:0 
[2018.04.19-16.16.40:143][  0]LogD3D11RHI:     Adapter Name: NVIDIA GeForce GTX 1080
[2018.04.19-16.16.40:143][  0]LogD3D11RHI:   Driver Version: Unknown (internal:Unknown, unified:Unknown)
[2018.04.19-16.16.40:143][  0]LogD3D11RHI:      Driver Date: Unknown
[2018.04.19-16.16.40:143][  0]LogRHI: Texture pool is 5660 MB (70% of 8086 MB)
[2018.04.19-16.16.40:169][  0]LogD3D11RHI: [Aftermath] Aftermath enabled but failed to initialize
[2018.04.19-16.16.40:169][  0]LogD3D11RHI: [Aftermath] Aftermath enabled and primed
[2018.04.19-16.16.40:169][  0]LogD3D11RHI: Async texture creation enabled
[2018.04.19-16.16.40:180][  0]LogD3D11RHI: GPU Timing Frequency: 1000.000000 (Debug: 2 1)
[2018.04.19-16.16.40:228][  0]LogShaderCompilers: Guid format shader working directory is -3 characters bigger than the processId version (../../../../GitHub/Eggspository/moneymoneymoney/Intermediate/Shaders/WorkingDirectory/14648/).
[2018.04.19-16.16.40:228][  0]LogShaderCompilers: Cleaned the shader compiler working directory 'C:/Users/Game/AppData/Local/Temp/UnrealShaderWorkingDir/3C6319A94B78F9D21B1155A9AC467ACB/'.
[2018.04.19-16.16.40:423][  0]LogTemp: Display: Loaded TP AllDesktopTargetPlatform
[2018.04.19-16.16.40:435][  0]LogTemp: Display: Loaded TP MacClientTargetPlatform
[2018.04.19-16.16.40:446][  0]LogTemp: Display: Loaded TP MacNoEditorTargetPlatform
[2018.04.19-16.16.40:457][  0]LogTemp: Display: Loaded TP MacServerTargetPlatform
[2018.04.19-16.16.40:469][  0]LogTemp: Display: Loaded TP MacTargetPlatform
[2018.04.19-16.16.40:480][  0]LogTemp: Display: Loaded TP WindowsClientTargetPlatform
[2018.04.19-16.16.40:491][  0]LogTemp: Display: Loaded TP WindowsNoEditorTargetPlatform
[2018.04.19-16.16.40:503][  0]LogTemp: Display: Loaded TP WindowsServerTargetPlatform
[2018.04.19-16.16.40:508][  0]LogTemp: Display: Loaded TP WindowsTargetPlatform
[2018.04.19-16.16.40:519][  0]LogTemp: Display: Loaded TP Android_ASTCTargetPlatform
[2018.04.19-16.16.40:530][  0]LogTemp: Display: Loaded TP Android_ATCTargetPlatform
[2018.04.19-16.16.40:543][  0]LogTemp: Display: Loaded TP Android_DXTTargetPlatform
[2018.04.19-16.16.40:554][  0]LogTemp: Display: Loaded TP Android_ETC1aTargetPlatform
[2018.04.19-16.16.40:564][  0]LogTemp: Display: Loaded TP Android_ETC1TargetPlatform
[2018.04.19-16.16.40:575][  0]LogTemp: Display: Loaded TP Android_ETC2TargetPlatform
[2018.04.19-16.16.40:596][  0]LogTemp: Display: Loaded TP Android_MultiTargetPlatform
[2018.04.19-16.16.40:596][  0]LogTemp: Display: Loaded TP Android_PVRTCTargetPlatform
[2018.04.19-16.16.40:607][  0]LogTemp: Display: Loaded TP AndroidTargetPlatform
[2018.04.19-16.16.40:608][  0]LogTemp: Display: Loaded TP HTML5TargetPlatform
[2018.04.19-16.16.40:642][  0]LogTemp: Display: Loaded TP IOSTargetPlatform
[2018.04.19-16.16.40:652][  0]LogTemp: Display: Loaded TP TVOSTargetPlatform
[2018.04.19-16.16.40:664][  0]LogTemp: Display: Loaded TP LinuxClientTargetPlatform
[2018.04.19-16.16.40:675][  0]LogTemp: Display: Loaded TP LinuxNoEditorTargetPlatform
[2018.04.19-16.16.40:685][  0]LogTemp: Display: Loaded TP LinuxServerTargetPlatform
[2018.04.19-16.16.40:697][  0]LogTemp: Display: Loaded TP LinuxTargetPlatform
[2018.04.19-16.16.40:697][  0]LogTargetPlatformManager: Display: Building Assets For Windows
[2018.04.19-16.16.40:770][  0]LogXGEController: Cannot use XGE Controller as Incredibuild is not installed on this machine.
[2018.04.19-16.16.40:770][  0]LogShaderCompilers: Cannot use XGE Shader Compiler as Incredibuild is not installed on this machine.
[2018.04.19-16.16.40:770][  0]LogShaderCompilers: Display: Using Local Shader Compiler.
[2018.04.19-16.16.41:475][  0]LogDerivedDataCache: Display: Max Cache Size: 512 MB
[2018.04.19-16.16.41:549][  0]LogDerivedDataCache: Loaded boot cache 0.07s 74MB C:/Users/Game/AppData/Local/UnrealEngine/4.19/DerivedDataCache/Boot.ddc.
[2018.04.19-16.16.41:549][  0]LogDerivedDataCache: Display: Loaded Boot cache: C:/Users/Game/AppData/Local/UnrealEngine/4.19/DerivedDataCache/Boot.ddc
[2018.04.19-16.16.41:549][  0]LogDerivedDataCache: FDerivedDataBackendGraph:  Pak pak cache file ../../../../GitHub/Eggspository/moneymoneymoney/DerivedDataCache/DDC.ddp not found, will not use a pak cache.
[2018.04.19-16.16.41:549][  0]LogDerivedDataCache: Unable to find inner node Pak for hierarchical cache Hierarchy.
[2018.04.19-16.16.41:549][  0]LogDerivedDataCache: FDerivedDataBackendGraph:  CompressedPak pak cache file ../../../../GitHub/Eggspository/moneymoneymoney/DerivedDataCache/Compressed.ddp not found, will not use a pak cache.
[2018.04.19-16.16.41:549][  0]LogDerivedDataCache: Unable to find inner node CompressedPak for hierarchical cache Hierarchy.
[2018.04.19-16.16.41:564][  0]LogDerivedDataCache: Display: Pak cache opened for reading ../../../Engine/DerivedDataCache/Compressed.ddp.
[2018.04.19-16.16.41:576][  0]LogDerivedDataCache: Using Local data cache path C:/Users/Game/AppData/Local/UnrealEngine/Common/DerivedDataCache: Writable
[2018.04.19-16.16.41:586][  0]LogMaterial: Verifying Global Shaders for PCD3D_SM5
[2018.04.19-16.16.41:587][  0]LogSlate: Using Freetype 2.6.0
[2018.04.19-16.16.41:587][  0]LogSlate: SlateFontCache - WITH_FREETYPE: 1, WITH_HARFBUZZ: 1
[2018.04.19-16.16.41:587][  0]LogSlate: SlateFontCache - WITH_FREETYPE: 1, WITH_HARFBUZZ: 1
[2018.04.19-16.16.41:691][  0]LogAssetRegistry: FAssetRegistry took 0.0254 seconds to start up
[2018.04.19-16.16.41:999][  0]LogInit: Selected Device Profile: [Windows]
[2018.04.19-16.16.42:121][  0]LogSimplygon: Simplygon DLL not present - disabling.
[2018.04.19-16.16.42:123][  0]LogMeshReduction: Using SimplygonSwarm for distributed automatic mesh merging
[2018.04.19-16.16.42:123][  0]LogMeshReduction: Using QuadricMeshReduction for automatic static mesh reduction
[2018.04.19-16.16.42:123][  0]LogMeshReduction: No automatic skeletal mesh reduction module available
[2018.04.19-16.16.42:123][  0]LogMeshReduction: No automatic mesh merging module available
[2018.04.19-16.16.42:123][  0]LogMeshMerging: No automatic mesh merging module available
[2018.04.19-16.16.42:147][  0]LogNetVersion: moneymoneymoney , NetCL: 3944462, EngineNetVer: 2, GameNetVer: 0 (Checksum: 958272539)
[2018.04.19-16.16.42:542][  0]LogPackageLocalizationCache: Processed 9 localized package path(s) for 2 prioritized culture(s) in 0.069963 seconds
[2018.04.19-16.16.42:548][  0]LogUObjectArray: 36728 objects as part of root set at end of initial load.
[2018.04.19-16.16.42:548][  0]LogUObjectAllocator: 7314312 out of 0 bytes used by permanent object pool.
[2018.04.19-16.16.42:548][  0]LogUObjectArray: CloseDisregardForGC: 0/0 objects in disregard for GC pool
[2018.04.19-16.16.43:927][  0]LogTcpMessaging: Initializing TcpMessaging bridge
[2018.04.19-16.16.43:950][  0]LogUdpMessaging: Initializing bridge on interface 0.0.0.0:0 to multicast group 230.0.0.1:6666.
[2018.04.19-16.16.44:203][  0]SourceControl: Source control is disabled
[2018.04.19-16.16.45:180][  0]LogAndroidPermission: UAndroidPermissionCallbackProxy::GetInstance
[2018.04.19-16.16.45:277][  0]LogOcInput: OculusInput pre-init called
[2018.04.19-16.16.45:359][  0]LogEngine: Initializing Engine...
[2018.04.19-16.16.45:360][  0]LogHMD: Failed to initialize OpenVR with code 110
[2018.04.19-16.16.45:361][  0]LogStats: UGameplayTagsManager::ConstructGameplayTagTree: Construct from data asset -  0.000 s
[2018.04.19-16.16.45:361][  0]LogStats: UGameplayTagsManager::ConstructGameplayTagTree: GameplayTagTreeChangedEvent.Broadcast -  0.000 s
[2018.04.19-16.16.45:555][  0]LogAIModule: Creating AISystem for world Untitled
[2018.04.19-16.16.45:573][  0]LogInit: XAudio2 using 'Speakers (Realtek High Definition Audio)' : 2 channels at 48 kHz using 32 bits per sample (channel mask 0x3)
[2018.04.19-16.16.45:601][  0]LogInit: FAudioDevice initialized.
[2018.04.19-16.16.45:653][  0]LogDerivedDataCache: Saved boot cache 0.05s 74MB C:/Users/Game/AppData/Local/UnrealEngine/4.19/DerivedDataCache/Boot.ddc.
[2018.04.19-16.16.45:666][  0]LogInit: Texture streaming: Enabled
[2018.04.19-16.16.45:677][  0]LogEngineSessionManager: EngineSessionManager initialized
[2018.04.19-16.16.45:688][  0]LogInit: Transaction tracking system initialized
[2018.04.19-16.16.45:703][  0]BlueprintLog: New page: Editor Load
[2018.04.19-16.16.45:749][  0]LocalizationService: Localization service is disabled
[2018.04.19-16.16.45:824][  0]LogConsoleResponse: Display: 
[2018.04.19-16.16.45:960][  0]LogCook: Display: Max memory allowance for cook 16384mb min free memory 0mb
[2018.04.19-16.16.45:960][  0]LogCook: Display: Mobile HDR setting 1
[2018.04.19-16.16.45:960][  0]LogGameplayTags: Display: UGameplayTagsManager::DoneAddingNativeTags. DelegateIsBound: 0
[2018.04.19-16.16.45:960][  0]LogStats: UGameplayTagsManager::ConstructGameplayTagTree: Construct from data asset -  0.000 s
[2018.04.19-16.16.45:961][  0]LogStats: UGameplayTagsManager::ConstructGameplayTagTree: GameplayTagTreeChangedEvent.Broadcast -  0.000 s
[2018.04.19-16.16.46:005][  0]LogFileCache: Scanning file cache for directory 'E:/Game Desinged/Unreal/GitHub/Eggspository/moneymoneymoney/Content/' took 0.02s
[2018.04.19-16.16.46:206][  0]Cmd: MAP LOAD FILE="../../../../GitHub/Eggspository/moneymoneymoney/Content/FirstPersonBP/Maps/FirstPersonExampleMap.umap" TEMPLATE=0 SHOWPROGRESS=1 FEATURELEVEL=3
[2018.04.19-16.16.46:220][  0]LogSlate: Took 0.000189 seconds to synchronously load lazily loaded font '../../../Engine/Content/Slate/Fonts/Roboto-Regular.ttf' (155K)
[2018.04.19-16.16.51:668][  0]LogSlate: Window 'Message' being destroyed
[2018.04.19-16.16.51:669][  0]LogWindowsTextInputMethodSystem: Display: IME system now deactivated.
[2018.04.19-16.16.51:672][  0]LightingResults: New page: Lighting Build
[2018.04.19-16.16.51:674][  0]MapCheck: New page: Map Check
[2018.04.19-16.16.51:674][  0]LightingResults: New page: Lighting Build
[2018.04.19-16.16.51:686][  0]LogAIModule: Creating AISystem for world Untitled
[2018.04.19-16.16.51:688][  0]LoadErrors: New page: New Map
[2018.04.19-16.16.51:742][  0]LogWindowsTextInputMethodSystem: Display: IME system now deactivated.
[2018.04.19-16.16.51:890][  0]LogCollectionManager: Loaded 0 collections in 0.000855 seconds
[2018.04.19-16.16.51:929][  0]LogFileCache: Scanning file cache for directory 'E:/Game Desinged/Unreal/GitHub/Eggspository/moneymoneymoney/Saved/Collections/' took 0.01s
[2018.04.19-16.16.51:929][  0]LogFileCache: Scanning file cache for directory 'E:/Game Desinged/Unreal/GitHub/Eggspository/moneymoneymoney/Content/Developers/Game/Collections/' took 0.01s
[2018.04.19-16.16.51:929][  0]LogFileCache: Scanning file cache for directory 'E:/Game Desinged/Unreal/GitHub/Eggspository/moneymoneymoney/Content/Collections/' took 0.01s
[2018.04.19-16.16.51:929][  0]LogCollectionManager: Rebuilt the GUID cache for 0 collections in 0.000001 seconds
[2018.04.19-16.16.51:937][  0]LogContentBrowser: Native class hierarchy populated in 0.0083 seconds. Added 2452 classes and 558 folders.
[2018.04.19-16.16.51:942][  0]LogContentBrowser: Native class hierarchy updated for 'WidgetCarousel' in 0.0002 seconds. Added 0 classes and 0 folders.
[2018.04.19-16.16.53:156][  0]LogContentBrowser: Native class hierarchy updated for 'AddContentDialog' in 0.0002 seconds. Added 0 classes and 0 folders.
[2018.04.19-16.16.53:185][  0]LogContentBrowser: Native class hierarchy updated for 'SceneOutliner' in 0.0003 seconds. Added 1 classes and 2 folders.
[2018.04.19-16.16.54:859][  0]LogSlate: Only BGRA pngs, bmps or icos are supported in by External Image Picker
[2018.04.19-16.16.54:916][  0]LogTemp: Executing iPhonePackager certificates Engine -bundlename com.YourCompany.moneymoneymoney
[2018.04.19-16.16.54:916][  0]LogTemp: CWD: E:\Game Desinged\Unreal\UE_4.19\Engine\Binaries\DotNET\IOS
[2018.04.19-16.16.54:916][  0]LogTemp: Initial Dir: E:\Game Desinged\Unreal\UE_4.19
[2018.04.19-16.16.54:916][  0]LogTemp: Env CWD: E:\Game Desinged\Unreal\UE_4.19\Engine\Binaries\DotNET\IOS
[2018.04.19-16.16.54:916][  0]LogTemp: BranchPath = WHIT-MAC-B11/E/Game Desinged/Unreal/UE_4.19/Engine/Binaries --- GameBranchPath = WHIT-MAC-B11/E/Game Desinged/Unreal/UE_4.19/Engine/Binaries
[2018.04.19-16.16.54:916][  0]LogTemp: IPP ERROR: Could not find provision directory 'C:\Users\Game\AppData\Local/Apple Computer/MobileDevice/Provisioning Profiles/'.
[2018.04.19-16.16.54:931][  0]LogContentBrowser: Native class hierarchy updated for 'HierarchicalLODOutliner' in 0.0002 seconds. Added 0 classes and 0 folders.
[2018.04.19-16.16.54:931][  0]LogLoad: (Engine Initialization) Total time: 17.73 seconds
[2018.04.19-16.16.54:931][  0]LogLoad: (Engine Initialization) Total Blueprint compile time: 0.00 seconds
[2018.04.19-16.16.55:295][  0]LogContentStreaming: Texture pool size now 1000 MB
[2018.04.19-16.16.55:297][  0]LogSlate: Took 0.000230 seconds to synchronously load lazily loaded font '../../../Engine/Content/Slate/Fonts/Roboto-Bold.ttf' (160K)
[2018.04.19-16.16.55:309][  0]LogSlate: Took 0.008232 seconds to synchronously load lazily loaded font '../../../Engine/Content/Editor/Slate/Fonts/FontAwesome.ttf' (139K)
[2018.04.19-16.16.55:392][  0]LogRenderer: Reallocating scene render targets to support 64x64 Format 10 NumSamples 1 (Frame:1).
[2018.04.19-16.16.55:537][  1]LogRenderer: Reallocating scene render targets to support 1480x652 Format 10 NumSamples 1 (Frame:1).
[2018.04.19-16.16.55:618][  1]LogAssetRegistry: Asset discovery search completed in 13.9487 seconds
[2018.04.19-16.16.55:620][  1]LogCollectionManager: Rebuilt the object cache for 0 collections in 0.000001 seconds (found 0 objects)
[2018.04.19-16.16.55:620][  1]LogCollectionManager: Fixed up redirectors for 0 collections in 0.000057 seconds (updated 0 objects)
[2018.04.19-16.16.56:302][  3]LogSlate: Took 0.021843 seconds to synchronously load lazily loaded font '../../../Engine/Content/Slate/Fonts/Roboto-Light.ttf' (167K)
[2018.04.19-16.16.59:600][ 13]LogSlate: FSceneViewport::OnFocusLost() reason 0
[2018.04.19-16.17.08:280][466]LogSlate: FSceneViewport::OnFocusLost() reason 0
[2018.04.19-16.17.08:346][474]LogTemp: Repeating last play command: Selected Viewport
[2018.04.19-16.17.08:363][474]LogPlayLevel: PlayLevel: No blueprints needed recompiling
[2018.04.19-16.17.08:363][474]PIE: New page: PIE session: Untitled_1 (Apr 19, 2018, 2:17:08 AM)
[2018.04.19-16.17.08:363][474]LogPlayLevel: Creating play world package: /Temp/UEDPIE_0_Untitled_1
[2018.04.19-16.17.08:364][474]LogPlayLevel: PIE: StaticDuplicateObject took: (0.000583s)
[2018.04.19-16.17.08:364][474]LogAIModule: Creating AISystem for world Untitled
[2018.04.19-16.17.08:364][474]LogPlayLevel: PIE: World Init took: (0.000631s)
[2018.04.19-16.17.08:364][474]LogPlayLevel: PIE: Created PIE world by copying editor world from /Temp/Untitled_1.Untitled to /Temp/UEDPIE_0_Untitled_1.Untitled (0.001336s)
[2018.04.19-16.17.08:376][474]LogInit: XAudio2 using 'Speakers (Realtek High Definition Audio)' : 2 channels at 48 kHz using 32 bits per sample (channel mask 0x3)
[2018.04.19-16.17.08:386][474]LogInit: FAudioDevice initialized.
[2018.04.19-16.17.09:441][474]LogSkeletalMesh: Skeletal Mesh found in DDC [14.496740ms] /Game/FirstPerson/Character/Mesh/SK_Mannequin_Arms.SK_Mannequin_Arms
[2018.04.19-16.17.09:452][474]LogSkeletalMesh: Skeletal Mesh found in DDC [4.590512ms] /Game/FirstPerson/FPWeapon/Mesh/SK_FPGun.SK_FPGun
[2018.04.19-16.17.09:495][474]LogLoad: Game class is 'FirstPersonGameMode_C'
[2018.04.19-16.17.09:496][474]LogWorld: Bringing World /Temp/UEDPIE_0_Untitled_1.Untitled up for play (max tick rate 0) at 2018.04.19-09.17.09
[2018.04.19-16.17.09:496][474]LogWorld: Bringing up level for play took: 0.000391
[2018.04.19-16.17.09:500][474]LogContentBrowser: Native class hierarchy updated for 'MovieSceneCapture' in 0.0003 seconds. Added 11 classes and 0 folders.
[2018.04.19-16.17.09:502][474]PIE: Play in editor start time for /Temp/UEDPIE_0_Untitled_1 1.417
[2018.04.19-16.17.16:996][347]LogSlate: FSceneViewport::OnFocusLost() reason 0
[2018.04.19-16.17.24:133][175]LogSlate: Window 'FirstPersonExampleMap_BuiltData - Generic Asset Editor' being destroyed
[2018.04.19-16.17.24:890][262]LogAIModule: Creating AISystem for world MyTestingLevel
[2018.04.19-16.17.24:902][262]Cmd: MAP LOAD FILE="../../../../GitHub/Eggspository/moneymoneymoney/Content/FirstPersonBP/Maps/MyTestingLevel.umap" TEMPLATE=0 SHOWPROGRESS=1 FEATURELEVEL=3
[2018.04.19-16.17.24:902][262]LightingResults: New page: Lighting Build
[2018.04.19-16.17.24:903][262]LoadErrors: New page: Loading map: MyTestingLevel.umap
[2018.04.19-16.17.24:903][262]MapCheck: New page: Map Check
[2018.04.19-16.17.24:903][262]LightingResults: New page: Lighting Build
[2018.04.19-16.17.24:913][262]LogEditorServer: Finished looking for orphan Actors (0.000 secs)
[2018.04.19-16.17.24:963][262]Cmd: MAP CHECKDEP NOCLEARLOG
[2018.04.19-16.17.25:003][262]MapCheck: Map check complete: 0 Error(s), 0 Warning(s), took 39.738ms to complete.
[2018.04.19-16.17.25:003][262]LogFileHelpers: Loading map 'MyTestingLevel' took 0.102
[2018.04.19-16.17.38:771][881]LogSlate: FSceneViewport::OnFocusLost() reason 0
[2018.04.19-16.18.00:785][ 99]LogSlate: FSceneViewport::OnFocusLost() reason 0
[2018.04.19-16.18.16:662][993]LogActorFactory: Actor Factory created Cube
[2018.04.19-16.18.17:676][108]LogActorFactory: Actor Factory created Cube
[2018.04.19-16.18.43:034][961]LogSlate: FSceneViewport::OnFocusLost() reason 0
[2018.04.19-16.18.51:729][906]LogEditorViewport: Clicking on Actor (LMB): Light_C (Light)
[2018.04.19-16.19.19:867][ 71]LogSlate: FSceneViewport::OnFocusLost() reason 0
[2018.04.19-16.19.25:329][621]LogAIModule: Creating AISystem for world Advanced_Lighting
[2018.04.19-16.19.27:368][621]LogSlate: Window 'Save Content' being destroyed
[2018.04.19-16.19.27:510][621]LogSavePackage: Save=9.54ms
[2018.04.19-16.19.27:510][621]LogSavePackage: Moving '../../../../GitHub/Eggspository/moneymoneymoney/Saved/MyTestingLevel912936744699BD0032A67A905B09E1EB.tmp' to '../../../../GitHub/Eggspository/moneymoneymoney/Content/FirstPersonBP/Maps/MyTestingLevel.umap'
[2018.04.19-16.19.27:535][621]LogSavePackage: Display: Finished SavePackage ../../../../GitHub/Eggspository/moneymoneymoney/Content/FirstPersonBP/Maps/MyTestingLevel.umap
[2018.04.19-16.19.27:561][621]LogFileHelpers: Saving map 'MyTestingLevel' took 0.116
[2018.04.19-16.19.27:562][621]Cmd: MAP LOAD FILE="../../../../GitHub/Eggspository/moneymoneymoney/Content/StarterContent/Maps/Advanced_Lighting.umap" TEMPLATE=0 SHOWPROGRESS=1 FEATURELEVEL=3
[2018.04.19-16.19.27:563][621]LightingResults: New page: Lighting Build
[2018.04.19-16.19.27:563][621]LoadErrors: New page: Loading map: Advanced_Lighting.umap
[2018.04.19-16.19.27:564][621]MapCheck: New page: Map Check
[2018.04.19-16.19.27:564][621]LightingResults: New page: Lighting Build
[2018.04.19-16.19.27:576][621]LogEditorServer: Finished looking for orphan Actors (0.000 secs)
[2018.04.19-16.19.27:609][621]Cmd: MAP CHECKDEP NOCLEARLOG
[2018.04.19-16.19.27:651][621]MapCheck: Map check complete: 0 Error(s), 0 Warning(s), took 41.507ms to complete.
[2018.04.19-16.19.27:652][621]LogFileHelpers: Loading map 'Advanced_Lighting' took 0.091
[2018.04.19-16.19.31:099][ 13]LogSlate: FSceneViewport::OnFocusLost() reason 0
[2018.04.19-16.19.32:353][ 29]LogAIModule: Creating AISystem for world Minimal_Default
[2018.04.19-16.19.32:395][ 29]Cmd: MAP LOAD FILE="../../../../GitHub/Eggspository/moneymoneymoney/Content/StarterContent/Maps/Minimal_Default.umap" TEMPLATE=0 SHOWPROGRESS=1 FEATURELEVEL=3
[2018.04.19-16.19.32:395][ 29]LightingResults: New page: Lighting Build
[2018.04.19-16.19.32:396][ 29]LoadErrors: New page: Loading map: Minimal_Default.umap
[2018.04.19-16.19.32:396][ 29]MapCheck: New page: Map Check
[2018.04.19-16.19.32:396][ 29]LightingResults: New page: Lighting Build
[2018.04.19-16.19.32:409][ 29]LogEditorServer: Finished looking for orphan Actors (0.000 secs)
[2018.04.19-16.19.32:443][ 29]Cmd: MAP CHECKDEP NOCLEARLOG
[2018.04.19-16.19.32:488][ 29]MapCheck: Map check complete: 0 Error(s), 0 Warning(s), took 45.353ms to complete.
[2018.04.19-16.19.32:488][ 29]LogFileHelpers: Loading map 'Minimal_Default' took 0.094
[2018.04.19-16.19.35:325][318]LogSlate: FSceneViewport::OnFocusLost() reason 0
[2018.04.19-16.19.36:210][412]LogEditorViewport: Clicking on Actor (LMB): DirectionalLight (Light Source)
[2018.04.19-16.19.38:359][660]LogSlate: FSceneViewport::OnFocusLost() reason 0
[2018.04.19-16.19.45:102][773]LogAIModule: Creating AISystem for world StarterMap
[2018.04.19-16.19.45:182][773]Cmd: MAP LOAD FILE="../../../../GitHub/Eggspository/moneymoneymoney/Content/StarterContent/Maps/StarterMap.umap" TEMPLATE=0 SHOWPROGRESS=1 FEATURELEVEL=3
[2018.04.19-16.19.45:183][773]LightingResults: New page: Lighting Build
[2018.04.19-16.19.45:183][773]LoadErrors: New page: Loading map: StarterMap.umap
[2018.04.19-16.19.45:184][773]MapCheck: New page: Map Check
[2018.04.19-16.19.45:184][773]LightingResults: New page: Lighting Build
[2018.04.19-16.19.45:220][773]LogEditorServer: Finished looking for orphan Actors (0.000 secs)
[2018.04.19-16.19.45:270][773]Cmd: MAP CHECKDEP NOCLEARLOG
[2018.04.19-16.19.45:332][773]MapCheck: Map check complete: 0 Error(s), 0 Warning(s), took 62.051ms to complete.
[2018.04.19-16.19.45:332][773]LogFileHelpers: Loading map 'StarterMap' took 0.151
[2018.04.19-16.20.04:561][994]LogSlate: FSceneViewport::OnFocusLost() reason 0
[2018.04.19-16.20.09:256][548]LogAIModule: Creating AISystem for world MyTestingLevel
[2018.04.19-16.20.09:270][548]Cmd: MAP LOAD FILE="../../../../GitHub/Eggspository/moneymoneymoney/Content/FirstPersonBP/Maps/MyTestingLevel.umap" TEMPLATE=0 SHOWPROGRESS=1 FEATURELEVEL=3
[2018.04.19-16.20.09:270][548]LightingResults: New page: Lighting Build
[2018.04.19-16.20.09:271][548]LoadErrors: New page: Loading map: MyTestingLevel.umap
[2018.04.19-16.20.09:273][548]MapCheck: New page: Map Check
[2018.04.19-16.20.09:273][548]LightingResults: New page: Lighting Build
[2018.04.19-16.20.09:289][548]LogEditorServer: Finished looking for orphan Actors (0.000 secs)
[2018.04.19-16.20.09:323][548]Cmd: MAP CHECKDEP NOCLEARLOG
[2018.04.19-16.20.09:385][548]MapCheck: Map check complete: 0 Error(s), 0 Warning(s), took 62.009ms to complete.
[2018.04.19-16.20.09:385][548]LogFileHelpers: Loading map 'MyTestingLevel' took 0.116
[2018.04.19-16.20.13:329][  3]LogSlate: FSceneViewport::OnFocusLost() reason 0
[2018.04.19-16.20.23:435][188]Cmd: DELETE
[2018.04.19-16.20.23:435][188]Cmd: ACTOR DELETE
[2018.04.19-16.20.23:436][188]LogEditorActor: Deleted Actor: SkyLight
[2018.04.19-16.20.23:446][188]LogEditorActor: Deleted 1 Actors (0.011 secs)
[2018.04.19-16.20.26:268][525]LogSlate: FSceneViewport::OnFocusLost() reason 0
[2018.04.19-16.20.28:398][777]LogAIModule: Creating AISystem for world Advanced_Lighting
[2018.04.19-16.20.30:030][777]LogSlate: Window 'Save Content' being destroyed
[2018.04.19-16.20.30:172][777]LogSavePackage: Save=9.56ms
[2018.04.19-16.20.30:172][777]LogSavePackage: Moving '../../../../GitHub/Eggspository/moneymoneymoney/Saved/MyTestingLevel3A4CF21C48A25FC07B286C9D526C77B9.tmp' to '../../../../GitHub/Eggspository/moneymoneymoney/Content/FirstPersonBP/Maps/MyTestingLevel.umap'
[2018.04.19-16.20.30:174][777]LogSavePackage: Display: Finished SavePackage ../../../../GitHub/Eggspository/moneymoneymoney/Content/FirstPersonBP/Maps/MyTestingLevel.umap
[2018.04.19-16.20.30:197][777]LogFileHelpers: Saving map 'MyTestingLevel' took 0.111
[2018.04.19-16.20.30:199][777]Cmd: MAP LOAD FILE="../../../../GitHub/Eggspository/moneymoneymoney/Content/StarterContent/Maps/Advanced_Lighting.umap" TEMPLATE=0 SHOWPROGRESS=1 FEATURELEVEL=3
[2018.04.19-16.20.30:199][777]LightingResults: New page: Lighting Build
[2018.04.19-16.20.30:199][777]LoadErrors: New page: Loading map: Advanced_Lighting.umap
[2018.04.19-16.20.30:200][777]MapCheck: New page: Map Check
[2018.04.19-16.20.30:200][777]LightingResults: New page: Lighting Build
[2018.04.19-16.20.30:213][777]LogEditorServer: Finished looking for orphan Actors (0.000 secs)
[2018.04.19-16.20.30:247][777]Cmd: MAP CHECKDEP NOCLEARLOG
[2018.04.19-16.20.30:309][777]MapCheck: Map check complete: 0 Error(s), 0 Warning(s), took 61.946ms to complete.
[2018.04.19-16.20.30:311][777]LogFileHelpers: Loading map 'Advanced_Lighting' took 0.113
[2018.04.19-16.20.31:719][942]LogEditorViewport: Clicking on Actor (LMB): StaticMeshActor (SM_AssetPlatform)
[2018.04.19-16.20.32:241][996]LogEditorViewport: Clicking on Actor (LMB): PlayerStart (Player Start)
[2018.04.19-16.20.34:829][300]LogNavigationPoint: PostEditMove Clear paths rebuilt
[2018.04.19-16.20.36:363][469]Cmd: EDIT COPY
[2018.04.19-16.20.37:522][605]LogSlate: FSceneViewport::OnFocusLost() reason 0
[2018.04.19-16.20.44:105][337]Cmd: EDIT COPY
[2018.04.19-16.20.44:383][370]Cmd: EDIT COPY
[2018.04.19-16.20.45:588][514]LogSlate: FSceneViewport::OnFocusLost() reason 0
[2018.04.19-16.20.46:466][617]LogAIModule: Creating AISystem for world MyTestingLevel
[2018.04.19-16.20.48:159][617]LogSlate: Window 'Save Content' being destroyed
[2018.04.19-16.20.48:345][617]LogSavePackage: Save=41.28ms
[2018.04.19-16.20.48:345][617]LogSavePackage: Moving '../../../../GitHub/Eggspository/moneymoneymoney/Saved/Advanced_Lighting4BBAD2E1427C388C5B01E28DD7512FA7.tmp' to '../../../../GitHub/Eggspository/moneymoneymoney/Content/StarterContent/Maps/Advanced_Lighting.umap'
[2018.04.19-16.20.48:353][617]LogSavePackage: Display: Finished SavePackage ../../../../GitHub/Eggspository/moneymoneymoney/Content/StarterContent/Maps/Advanced_Lighting.umap
[2018.04.19-16.20.48:376][617]LogFileHelpers: Saving map 'Advanced_Lighting' took 0.151
[2018.04.19-16.20.48:377][617]Cmd: MAP LOAD FILE="../../../../GitHub/Eggspository/moneymoneymoney/Content/FirstPersonBP/Maps/MyTestingLevel.umap" TEMPLATE=0 SHOWPROGRESS=1 FEATURELEVEL=3
[2018.04.19-16.20.48:377][617]LightingResults: New page: Lighting Build
[2018.04.19-16.20.48:378][617]LoadErrors: New page: Loading map: MyTestingLevel.umap
[2018.04.19-16.20.48:379][617]MapCheck: New page: Map Check
[2018.04.19-16.20.48:379][617]LightingResults: New page: Lighting Build
[2018.04.19-16.20.48:392][617]LogEditorServer: Finished looking for orphan Actors (0.000 secs)
[2018.04.19-16.20.48:426][617]Cmd: MAP CHECKDEP NOCLEARLOG
[2018.04.19-16.20.48:490][617]MapCheck: Map check complete: 0 Error(s), 0 Warning(s), took 64.004ms to complete.
[2018.04.19-16.20.48:490][617]LogFileHelpers: Loading map 'MyTestingLevel' took 0.114
[2018.04.19-16.20.50:218][821]LogEditorViewport: Clicking on Actor (LMB): StaticMeshActor (Cube)
[2018.04.19-16.20.50:843][887]LogEditorViewport: Clicking Background
[2018.04.19-16.20.51:201][927]Cmd: EDIT PASTE
[2018.04.19-16.20.51:210][927]LogNavigationPoint: PostEditMove Clear paths rebuilt
[2018.04.19-16.20.54:864][317]LogEditorViewport: Clicking on Actor (LMB): BP_LightStudio_C (BP_LightStage)
[2018.04.19-16.20.55:344][356]LogEditorViewport: Clicking on Actor (LMB): BP_LightStudio_C (BP_LightStage)
[2018.04.19-16.20.55:745][400]LogEditorViewport: Clicking on Actor (LMB): PlayerStart (Player Start)
[2018.04.19-16.20.57:769][637]LogNavigationPoint: PostEditMove Clear paths rebuilt
[2018.04.19-16.21.01:412][ 26]LogNavigationPoint: PostEditMove Clear paths rebuilt
[2018.04.19-16.21.06:446][620]LogEditorViewport: Clicking on Actor (LMB): StaticMeshActor (Cube)
[2018.04.19-16.21.06:978][675]LogEditorViewport: Clicking on Actor (LMB): PlayerStart (Player Start)
[2018.04.19-16.21.08:079][801]LogNavigationPoint: PostEditMove Clear paths rebuilt
[2018.04.19-16.21.09:998][ 27]LogNavigationPoint: PostEditMove Clear paths rebuilt
[2018.04.19-16.21.12:931][375]LogNavigationPoint: PostEditMove Clear paths rebuilt
[2018.04.19-16.21.14:714][537]LogEditorViewport: Clicking on Actor (LMB): BP_LightStudio_C (BP_LightStage)
[2018.04.19-16.21.17:553][870]LogSlate: FSceneViewport::OnFocusLost() reason 0
[2018.04.19-16.21.42:763][759]LogSlate: FSceneViewport::OnFocusLost() reason 0
[2018.04.19-16.21.52:651][699]LogSlate: FSceneViewport::OnFocusLost() reason 0
[2018.04.19-16.22.11:818][758]LogSlate: FSceneViewport::OnFocusLost() reason 0
[2018.04.19-16.22.36:121][126]LogSlate: FSceneViewport::OnFocusLost() reason 0
[2018.04.19-16.22.36:154][130]LogTemp: Repeating last play command: Selected Viewport
[2018.04.19-16.22.36:174][130]LogPlayLevel: PlayLevel: No blueprints needed recompiling
[2018.04.19-16.22.36:174][130]PIE: New page: PIE session: MyTestingLevel (Apr 19, 2018, 2:22:36 AM)
[2018.04.19-16.22.36:175][130]LogPlayLevel: Creating play world package: /Game/FirstPersonBP/Maps/UEDPIE_0_MyTestingLevel
[2018.04.19-16.22.36:176][130]LogPlayLevel: PIE: StaticDuplicateObject took: (0.001175s)
[2018.04.19-16.22.36:176][130]LogAIModule: Creating AISystem for world MyTestingLevel
[2018.04.19-16.22.36:176][130]LogPlayLevel: PIE: World Init took: (0.000637s)
[2018.04.19-16.22.36:176][130]LogPlayLevel: PIE: Created PIE world by copying editor world from /Game/FirstPersonBP/Maps/MyTestingLevel.MyTestingLevel to /Game/FirstPersonBP/Maps/UEDPIE_0_MyTestingLevel.MyTestingLevel (0.001914s)
[2018.04.19-16.22.36:232][130]LogInit: XAudio2 using 'Speakers (Realtek High Definition Audio)' : 2 channels at 48 kHz using 32 bits per sample (channel mask 0x3)
[2018.04.19-16.22.36:243][130]LogInit: FAudioDevice initialized.
[2018.04.19-16.22.36:276][130]LogLoad: Game class is 'FirstPersonGameMode_C'
[2018.04.19-16.22.36:277][130]LogWorld: Bringing World /Game/FirstPersonBP/Maps/UEDPIE_0_MyTestingLevel.MyTestingLevel up for play (max tick rate 0) at 2018.04.19-09.22.36
[2018.04.19-16.22.36:277][130]LogWorld: Bringing up level for play took: 0.000653
[2018.04.19-16.22.36:279][130]PIE: Play in editor start time for /Game/FirstPersonBP/Maps/UEDPIE_0_MyTestingLevel 0.194
[2018.04.19-16.22.57:805][695]LogSlate: FSceneViewport::OnFocusLost() reason 0
[2018.04.19-16.22.57:847][700]LogTemp: Repeating last play command: Selected Viewport
[2018.04.19-16.22.57:863][700]LogPlayLevel: PlayLevel: No blueprints needed recompiling
[2018.04.19-16.22.57:863][700]PIE: New page: PIE session: MyTestingLevel (Apr 19, 2018, 2:22:57 AM)
[2018.04.19-16.22.57:863][700]LogPlayLevel: Creating play world package: /Game/FirstPersonBP/Maps/UEDPIE_0_MyTestingLevel
[2018.04.19-16.22.57:864][700]LogPlayLevel: PIE: StaticDuplicateObject took: (0.001153s)
[2018.04.19-16.22.57:865][700]LogAIModule: Creating AISystem for world MyTestingLevel
[2018.04.19-16.22.57:865][700]LogPlayLevel: PIE: World Init took: (0.000605s)
[2018.04.19-16.22.57:865][700]LogPlayLevel: PIE: Created PIE world by copying editor world from /Game/FirstPersonBP/Maps/MyTestingLevel.MyTestingLevel to /Game/FirstPersonBP/Maps/UEDPIE_0_MyTestingLevel.MyTestingLevel (0.001873s)
[2018.04.19-16.22.57:878][700]LogInit: XAudio2 using 'Speakers (Realtek High Definition Audio)' : 2 channels at 48 kHz using 32 bits per sample (channel mask 0x3)
[2018.04.19-16.22.57:887][700]LogInit: FAudioDevice initialized.
[2018.04.19-16.22.57:919][700]LogLoad: Game class is 'FirstPersonGameMode_C'
[2018.04.19-16.22.57:920][700]LogWorld: Bringing World /Game/FirstPersonBP/Maps/UEDPIE_0_MyTestingLevel.MyTestingLevel up for play (max tick rate 0) at 2018.04.19-09.22.57
[2018.04.19-16.22.57:921][700]LogWorld: Bringing up level for play took: 0.000626
[2018.04.19-16.22.57:922][700]PIE: Play in editor start time for /Game/FirstPersonBP/Maps/UEDPIE_0_MyTestingLevel -0.163
[2018.04.19-16.23.22:381][578]LogSlate: FSceneViewport::OnFocusLost() reason 0
[2018.04.19-16.23.22:918][638]LogSlate: Took 0.020358 seconds to synchronously load lazily loaded font '../../../Engine/Content/Slate/Fonts/Roboto-Italic.ttf' (157K)
[2018.04.19-16.23.29:960][407]LogSlate: FSceneViewport::OnFocusLost() reason 0
[2018.04.19-16.23.32:910][738]LogSlate: FSceneViewport::OnFocusLost() reason 0
[2018.04.19-16.23.36:314][142]LogSlate: FSceneViewport::OnFocusLost() reason 0
[2018.04.19-16.23.41:904][799]LogSlate: FSceneViewport::OnFocusLost() reason 0
[2018.04.19-16.23.51:326][838]LogSlate: FSceneViewport::OnFocusLost() reason 0
[2018.04.19-16.23.51:401][847]LogTemp: Repeating last play command: Selected Viewport
[2018.04.19-16.23.51:417][847]LogPlayLevel: PlayLevel: No blueprints needed recompiling
[2018.04.19-16.23.51:417][847]PIE: New page: PIE session: MyTestingLevel (Apr 19, 2018, 2:23:51 AM)
[2018.04.19-16.23.51:417][847]LogPlayLevel: Creating play world package: /Game/FirstPersonBP/Maps/UEDPIE_0_MyTestingLevel
[2018.04.19-16.23.51:418][847]LogPlayLevel: PIE: StaticDuplicateObject took: (0.001154s)
[2018.04.19-16.23.51:419][847]LogAIModule: Creating AISystem for world MyTestingLevel
[2018.04.19-16.23.51:419][847]LogPlayLevel: PIE: World Init took: (0.000545s)
[2018.04.19-16.23.51:419][847]LogPlayLevel: PIE: Created PIE world by copying editor world from /Game/FirstPersonBP/Maps/MyTestingLevel.MyTestingLevel to /Game/FirstPersonBP/Maps/UEDPIE_0_MyTestingLevel.MyTestingLevel (0.001820s)
[2018.04.19-16.23.51:432][847]LogInit: XAudio2 using 'Speakers (Realtek High Definition Audio)' : 2 channels at 48 kHz using 32 bits per sample (channel mask 0x3)
[2018.04.19-16.23.51:442][847]LogInit: FAudioDevice initialized.
[2018.04.19-16.23.51:472][847]LogLoad: Game class is 'FirstPersonGameMode_C'
[2018.04.19-16.23.51:473][847]LogWorld: Bringing World /Game/FirstPersonBP/Maps/UEDPIE_0_MyTestingLevel.MyTestingLevel up for play (max tick rate 0) at 2018.04.19-09.23.51
[2018.04.19-16.23.51:473][847]LogWorld: Bringing up level for play took: 0.000572
[2018.04.19-16.23.51:475][847]PIE: Play in editor start time for /Game/FirstPersonBP/Maps/UEDPIE_0_MyTestingLevel -0.611
[2018.04.19-16.23.57:153][517]LogSlate: FSceneViewport::OnFocusLost() reason 0
[2018.04.19-16.24.05:167][475]LogEditorViewport: Clicking on Actor (LMB): BP_LightStudio_C (BP_LightStage)
[2018.04.19-16.24.08:951][902]LogSlate: FSceneViewport::OnFocusLost() reason 0
